0FtIASl1e7nJQjn8cnHDiu
0FtIASl1e7nJQjn8cnHDiu
3MrRksHupTVEQ7YbA0FsZK
3MrRksHupTVEQ7YbA0FsZK
73rXtIItWU8symwYF0bEB8
106R7Z57WYzBAfrXImV30y
2kMjk14RmYyYhhSbipoa9U
26TNZQgw4n6ppZb2DCEqSW
4818b2g1pHRuApIVvkKMYd
5JqNS5wpni46x9z3knH5rh
6hkOqJ5mE093AQf2lbZnsG
1Sl4WkY1bLzNblPDWYFDc3
70HxZbVnoyrfQ4dIWgcYMm
36c4JohayB9qd64eidQMBi
2ZrSFxVUAvbgVMqYTkfx3B
4vTsOYAocjaslUONkx2YS3
3uQ9tq0eQKvfJOARl0UB4q
5EBvHC0SGFJDenBJafqOX4
2FBkPf8hS5Jam6YEnV8DBF
0ZJk8kFxH0byW4sGCNxdJx
6wRNGHvh8UaJ9H50yJcbBg
6wRNGHvh8UaJ9H50yJcbBg
0RchWnEHETINMAyrTrlBmo
1oew3nFNY3vMacJAsvry0S
4BcS4LomxUnQpzx4hCaJTs
7xInLsFmlSi4b72Kw9h4t3
4I73Emge5EyQ9mUWEf2Qjm
1rHSevD1PWSnLvhckJIVsx
2Tuc96S4JToUiQSLW3aMec
0JtIWgsblOvJfpoyhGkFuS
53HB5JSWYUQTy0JnAUuKz1
3DpmKMHJjLY7wk36bm2yaW
2WQn7Yvs728KZmmY6tgWqH
5HmAnj4Jfmxo3uj5FuWHts
5IEPFjL1IaFrWNcuPoiYXR
0U2Lb5cOaUJ6tBl8oQTZhV
6eIveQ3SRArBxIE0RsUQKE
3DCGj20Cbkt5O0w181YtmU
5BS9y83wDNyLng22A846qt
1ALiG3jOB2tOfKiAWscWYQ
3c976T5zmr73Q1ycNRSE4J
2RVei4MAwAu0qCQiECU7FC
5x2XIAdvFxWCwIOMNkbWUj
2K9DQAkvGo9h8pLzlb7IoC
21ET3stNQckqgAv31J6qUY
69eYqG5XzoqgsH12eEyVL1
1vrjcPplEuenckUzGGp2UR
79cAPxneo5AvbNgR6ch3Cj
0cZgoRfSxeEtVcAHgzfXk0
0KpfYajJVVGgQ32Dby7e9i
0fkEg76d1WPVmCJpCLyfv8
0mvkwaZMP2gAy2ApQLtZRv
2yvrSikYS1UsZhhfmXHrar
1TKTiKp3zbNgrBH2IwSwIx
4SWEZDzjNiaxKGiYUASnzt
0ftucrzwodyhGp5kYesqhg
0FE9t6xYkqWXU2ahLh6D8X
6kznklcJJO70pchxxOC5tL
2AUoqUNZCmEQnkRJGegS2F
2SJVVUzOgUvprq0P8UliLx
1We9y0dSphaMHt4owfGWpw
1fnoHCcNPvcLx2ZKyTVFg0
0jd1Y8VZD0Pg1B1aZlCMub
6Bn8QuwLkcAOaJ6R25NfaF
3Xw3yp1iuYl3n8oKmWk7YG
4rlZSOs9kOzMh6zWZEqblY
6VmxzlPbU1SWDtR5XDVDwt
03YZnK3XQWKpvo9TyNZzXf
1VbsSYNXKBpjPvqddk8zjs
74EV0g12ihUoOUXMprFpZB
6xPwcnwKGZfeLxCHMtbVhu
31pEV5lPJi7btskZoUr2yu
5eUFEXgV5Sb2ohKDLYZPod
0UFDKFqW2oGspYeYqo9wjA
2iptAVf9jZerlywLwiGhak
2zfgVd034GlUvk7LqBHl6u
1iNeZGJsoC0D7ZyJTdIbDS
4H1ZiD0aytFHoOiosVmT1w
3bbUkaQYGQHkx1TJi7gPSL
6PCUP3dWmTjcTtXY02oFdT
1AGBnwoQ10U8OLj9qTrw1f
3RoQX4ou3qYEASsuC7YAWD
49nmsafpkJp2lDj9b4jkxh
1WSsgYm4SHwO6oxLuw2DKc
0k1xMUwn9sb7bZiqdT9ygx
61N3CssJfDd8d4JJlGtqGL
6FTbcEZRjgwGgLKPZjSXHc
1Vk4yRsz0iBzDiZEoFMQyv
3PwUxOBMBkwILa7Y0s6h8S
0nkzd3yNniB767zSDDdLZ3
0uViGnp3wToB4GpsGYC0FW
2GiJYvgVaD2HtM8GqD9EgQ
20eqSwYYWF44T1nXwjh76A
59qqhI3VUSqA6RFZTl4cWM
0XJDfLHO7C6b0GpjeB5mpu
2mLvvy1t4MgseCIevIf9yS
6ACG1I3qXRpnkIKLVzy4Ww
1fo2ctLqj3zBhRQKOXprol
66324Jt0mZdXaM7f8uUitE
2mVKRX3nMuZwAbRTeCyTcQ
0DANcJuMamcL9NyYkEWWTq
3Lfiu5sZ4M4B6JaKMBc0FU
44yLjz5SIFMWAMsCCQ1kv8
08gavXombT6KR0af88i9tA
714Lw0m2SmCEhKSPw0Dn8J
0knFp3lwo5PFnVm7xNeCPr
695HHbrmQ2h6HwjG9TWXn3
0FCCTnUJEczeSspOHfEmW8
7E0DSUTgvlinAhFNS2sSjE
0RdcBnAXyH2YZZvcBVu2k6
74RrNcDVtRKsnJ27uGr7ju
27eO3EGKIUU7yug1eOxUZu
1j8z4TTjJ1YOdoFEDwJTQa
2mE5V5Um7DoYSnLxZ1UHpS
4sxssJY6nbqDHnsgZPkRZW
7pnPHYh2f1IskeztjYVrin
4dvQHoRLpyBbAknpvNsrCX
5anCkDvJ17aznvK5TED5uo
6lVkRBHhsNgaawDFIaD8YR
4qyalTRMRH5YuEntvvMvq0
3nPMAChyaf7SQGmzUKgC1o
0W43LnKXzRivi0WPaoBLVO
5tz5QsHPkv69T1scq2utZZ
7pTMHN7QnzmnwGQa3mTRNv
3RHZzTT1RhYV6zicKUc4FM
3fttmSWGThBQTNkuHMoCTN
2xySHNXr2sbj9n1esvnJFq
7cO6rxZSi7Ura92FtspKaf
7i2DJ88J7jQ8K7zqFX2fW8
1RZtWn4Ej1OnPygKePUce8
3lMiBDoKSRJfSrP6mLqGut
1VrL0cYfnBlsSEIHuGpB5v
5WxK3OUcMbV0EooRq75ZzX
5PsUB0ISfQxRLhF5DmI5Ks
0A4PZuepTcIQVvA5m7R0M1
6GUCCArDBLL6aAe34E9ta3
1bx7OUl2UmAnA5oZkm9If7
7nHaa4UQxP8ufOBBFbgVxh
3kUxUw4b766Fk5RNGK0ZCA
0fxthwNTpwV8q3EbjXiedL
7cUtgnZO3tbOfIAUCG9VWd
70sK7T5SzRs6QFHA1LLfrw
7yoBjKO6cCnK3zV8gr1k4e
6FBPOJLxUZEair6x4kLDhf
2ythurkTtSiyfK7GprJoFW
2Te14aSrBgFj1CE2sBBVMX
4F64QXRV1EGHSm5jIeMmcQ
4zGvb8hxGLB2jEPRFiRRqw
0pPt0ScAxNF5dmPtV0Ddmq
46iI0binWzpkEJgIWTYUBR
5NAeHnw1NFFdCOFSvamhMO
1spLfUJxtyVyiKKTegQ2r4
1HNkqx9Ahdgi1Ixy2xkKkL
2QrQCMel6v2JiLxqrg4p2O
19I0Zk3YbVkgZLQiLbbFWz
1ywjtMNVGNvyGfEk8AmaOm
6j0wBBAP3hMe4t1Ymj7GIe
15DeqWWQB4dcEWzJg15VrN
2ve1HouBhfDbqROVQm2IBd
0kNSWs0FONDMVNe1NWbwCK
5aUl2cPg4O7yXXdzWQVTYO
1D9KEXIrlmPUkMTdYzqgX4
2ndJQ968H7uRS2rrYdEaQ3
0JswmIBSn3XZ15wEEtH5fj
2clLLo5fLWFfcWpeFgw0cm
366Sci5jhbLI3BGW4FaCTM
1qPtJXXdfyqUI5fALBUNDM
5knuzwU65gJK7IF5yJsuaW
2sC2P3BN0IXujNaaSyDmtP
496jVEYI3xUXHQQ19BPhrT
24DefNCFiWTP8OjYWiXuYe
5GPwN5iZ9ZMSXAkppj4Uvv
1Cj2vqUwlJVG27gJrun92y
69YbTsCnYbowHLAmMUCFEd
4A2LfnduSTsE8u0ecYROxE
62yOCX0pUhCrsynIu59uqD
3BQSU5ZuBfpJsTxYyCK9QJ
0cjzWfsVATdkVAXKpJE3h6
0z5E34e7ZT3XKMYQNXh6tH
2XStsBSoC87ERBmPllJlnA
2yXyz4NLTZx9CLdXfLTp5E
0Lhsth7YEVc3lHdAraSjp3
4xyIzOKBcNl5BZCHV0WQUR
0wIhWLNLIOmzQ89B3rtTd3
3kZC0ZmFWrEHdUCmUqlvgZ
21dpBHPTV7ythCHBI6Slcw
60a0Rd6pjrkxjPbaKzXjfq
5UUmedFgpvlXmyydI0TqcX
3vyrBvWRvAoICxVvKjhOrg
7zMcNqs55Mxer82bvZFkpg
7h8gWtGOVLLpgOvVYNFqC7
2RM11uElCksFYP5P6EArNC
6zQq3TrWnilO8SR1fgvTeD
1FMHNVeJ9s1x1l1WlaRs2I
4EnwhEyuVrC1CgvSur5YL4
6iWMI5oOhWrDbLbjmwTWFq
5Uf6OfGfz436zAegn1kui6
5VWmMZCfJ4yVkJw9ZLFXej
7DDRPKLKFIvDbNSQmnz19Y
1WP9BnIr6SbcneveMTedPj
6NDaxwtVhUHg49bTc99l2S
58NNRlfjaj4xUajOgr11l5
4cAgkb0ifwn0FSHGXnr4F6
3uCdOt70LDcVQCG8IKh9Ag
7gBj0VgcuAgkXkiRRYvSmK
5d2Kn9oAAh9S2EbyCo1i52
0iWKdGODRV1sQiB7p2hurB
0IedgQjjJ8Ad4B3UDQ5Lyn
55ZMtL44qg3nqbUR4GjVt4
4wWF9CU6X4RJCBlTxzyg9y
6mJ5uZ33r2y1TRrax79k5p
7rqwpi1enyKCGprT4GMvIl
6RYO4OMLw6uEJ4XiaZUKpD
1fh2TfUOtOoXEE8qQynYEC
5FVd6KXrgO9B3JPmC8OPst
1z6WtY7X4HQJvzxC4UgkSf
6PkquTvmXuL0BuHqC0nZEB
2TjdnqlpwOjhijHCwHCP2d
3h4JgBHcWM7A4CBVI6csau
4N6R6yqkFUTyF3AYOdR0T7
4IyDlKobNAzDkl6USG7rO2
1diSFxNvwkKMOI2vcadxy5
2p9q7lIzhJygg323PqeMbD
5OzIe9IL95B23n4rN59JZ3
0TzIlhgIIpaYPYiBMcjjo9
3bIxTsfeNMO7Nt2J3EUKrA
3NRhy4mzDwQc6IgPwyQM1x
6UEsGMsL6vD77jqvjsmCOh
60wwxj6Dd9NJlirf84wr2c
2APvNR8FH1mALqEniFQI8l
1gEagSv4RxX4cCQsHBB38M
1jgsjNXHLMElIt4A4siEt8
4R5bSS8yoCl2czeWLr61aO
5cxVSooSqpQ1IbVcC1nNT4
5kzbtG4pIcu2s0SVrogm4o
5eB7w8UZJKjL5XmnC6Pctg
5ubHAQtKuFfiG4FXfLP804
5lEp8MBQCQXxNQpKjbrM8d
6c8QH9FMFKj0ZgNeiyOx4v
4izuXPnl234JvumGNh1OSn
6OwnA57kFHjNde3H5VrjCu
1IUqAHPFeQ6xvZIM2UJfZ5
6RGV97HIkgZJjme2dzilfg
6qmWUrLqtHXy7C2UBDEDQh
1wj1ZUNAYSXFxSJvrijiXJ
49Het8GOzJDzXMDdIOwO5Q
32IMcJ5pQ71rOFD0bIdneJ
5rWIO1uP0GwAoU45RTBJ2F
7cvy3DYxsBTaa7uX3szkAP
6XDBA3QWX51lDJ0oZbaJJN
3mLK0nNudUwKXCHIBEIWI2
073B0vPoZJi9KqOOJjII9q
3AJwUDP919kvQ9QcozQPxg
3WS7spXVlbeC5kjePmHMQW
4aFWkdchi4AsumBseKYqCg
2iaCM7WvOknQI1230hA9eK
6gf7bTvp2KKvNz2v0Dbmot
0K3o9naMlVtYhsuG5nFlAt
540uR4mP2DbmzOO4ydXsRX
1QqbWDwIXwbvXnkBu2bbjo
69kOkLUCkxIZYexIgSG8rq
0kO3njY9N1Rxgv27Ha1lLh
2pJZ1v8HezrAoZ0Fhzby92
1r1eut6GuXFFDbX0vd9NPv
3KUpGMnZL76I9E7FoWV1re
1uiwlmWedlNpzAxDSRGqdK
73OIUNKRi2y24Cu9cOLrzM
0r2vPIbVws8qESpX99Ii4H
5ln5yQdUywVbf8HhFsOcd6
2PBOI7vYicqDaG9rYbycUO
4LmVyajDL2aJrii88rncNr
0IsAEXwuy46qn0bbJYdWIH
7rAxAnMY0tQfgKoCS9ojzt
5AhJXm6nrCNDjVphyBUeLH
20X9OeC606XNwEtDBOym5u
318EGw5ZZB8U5MdMWQwxZQ
0z9UVN8VBHJ9HdfYsOuuNf
25GC50HslaaruyrKjdu0lP
1gugDOSMREb34Xo0c1PlxM
1jq28NGw6wdtFKx8MBPy6C
59jrhdBUhOhVXO520an5J5
6cVW5Unj0CqLciJRsLTIR7
5VGlqQANWDKJFl0MBG3sg2
2lTcjyNolq1zsDCevBAKvc
7DKgKVdjZsjPXEyiFAXp0y
6MDijuuArPJv1vbp7K1x3f
7FEK6qM3vmNW2c49PSANoQ
1Xl6ruZYD2IBuyvOnxCkEJ
3OPEx1SY3wkDCKLeQ56tyN
18BJ0b9l1bKiKt0oCP1GWC
25fzRhxLRc6CfwJkhap0ri
2QA3IixpRcKyOdG7XDzRgv
65hRZOQkVjmBdusz1N7aOv
5N9kdor3Bb7PRdoaj5Lfdi
7BT9K9BDqq6HI2oWH5UMZQ
60crBWyof4jb22BcBThkuO
05kjnMSB0wt8hF2WGnkVtB
7fz2ClBknteKGZqw5e1PQr
2Cl6IRZXobSICf5U6EE1uI
0iwY50OdI7oAtroHUw3e4G
5jD4OSpIqFBHAqlHO4a8lR
7MB22jLCA12Ev7Jjp3e1aU
6RqiiH9J7pNg8jDM1umQtx
7xYHz1wlQ9ok72d7CuHOAy
76G0nDbOfQClIxisJD2IIB
3m6KkYKdnbffMpGd9Pm9FP
06h3McKzmxS8Bx58USHiMq
5UCMhumPl8PTQekFUJ4w78
2QZxpZDfJjhEGclSszvMVX
1i7zBZKaUrqHJxtJ7s9DR1
2IDaot6HBRmqldvBjCp0iA
5fEpel9Vcv7aLTZ363Ct0f
7zCdXEGG92MaEK1fj40dAg
0NfwNHAyi4s9HVes4JkaXA
5JtMuAyBtkplX56wMcYvfA
23oxJmDc1V9uLUSmN2LIvx
4AVxmpwfXH7p4YyTbg9nS4
1jKxmY0AV8nx5lQfEHIJsv
5ZGm7IWRmU3idwYYWScdp4
2hKdd3qO7cWr2Jo0Bcs0MA
0xAA90OfUjpnxCw4Rf162Q
6JLnc7pF4WUzQ6BWONpc7j
23SZWX2IaDnxmhFsSLvkG2
7HjNOz8Y7H7uSySXuHNg1Y
3f2EosAB2F4ARFTHmufU6w
1zxrcAk6eiytfavqriMcKT
1xMT0HHQbQFmGJXDq1ApgX
6A8OpxPRBP8p4kE3fZEa1Q
5rLi8B8qgk6qThwRnKHW2P
56PMSIrOK5iZDbRti08Jai
717TY4sfgKQm4kFbYQIzgo
3QRQzphbP6jMOADWq0Hh8Z
1Fy9hQQLek2UpOYUEPjiYn
1agT1o2mpJ3GHusAE8q0FX
6qBjkG0b9r7tuVDFl68uiT
3MXA2BkBk0lSuMpRoM7SK2
5Uc37Y6FijZcM538PqqkWd
4FqMPJlvfY5Nfo3gRKcNxl
4wh0E9OwMCxcaIKTg0Mts9
4ao9bdN6ozxdlQ9j2rGDFy
4JErskWxmILvav6U2PkTbn
0IDOFoatlW52grJ7dRPVI5
5A37UCV7aPjhp1RSocVBfc
0N3W5peJUQtI4eyR6GJT5O
5CsVHCOZjtlOoHE8qERQeE
2Zb7wnGUnNPCas2E0wWSQ5
1nbMkRhfldXcmCyB83x8lK
1WPbz8pWE6LST3m5XyZK7J
5ynWvN3bQymHVThxutO4hG
1jJci4qxiYcOHhQR247rEU
6ihL9TjfRjadfEePzXXyVF
4Bvwg6cdVpJOHRRUKZBDAp
3fEEZG7JhvagpMgA94CMmc
35QZaWQRkmnAVqBF1TLCxQ
2kcbSjvCyeryZVfgvdt4FQ
76Je5Wklky23mVoxiRszcN
4R5yVjajdiX8m1EYhG0Yml
2tk597zjB8Kt7Ao7jf5ftu
3yawCOFKiw8TVVdCubX4hu
7JO3WjcdBGL4hUM0cYweTJ
5hheGdf1cb4rK0FNiedCfK
4AewKenHXKBt643p473xCk
2bDXmdP23tCK9uj8e2o3ya
0uXiPXt9xCdv8UpuDs063g
343YQAshLuq5sO7ZCiPZn0
4EBisBBehGON4ESJsNZBsP
5qhgnOR2lrNqoP3VJZ2x8F
7N1y972qiXJsqHkY17mrPA
1Himp3M7IH46qw2yBN1Fxy
2c8S1QStWiEVA4YuPrf3ds
2kbtikrEwv2YMUCyEQZHDI
6sDVdzn4jfDMvTEnlRheG7
2HXVVYq3x9W4owekWRPnsv
35lwaSbDUECrepb34eU0di
0c3fJd2HRi6uHWgTljIae5
16KxBJwvVak7AADEAixbax
6K0CJLVXqbGMeJSmJ4ENKK
388kF2viiv8i9aEWIThyGT
3mcG2NI5G5vhrQtRda1YnA
73OX8GdpOeGzKC6OvGSbsv
7suXfwkW9Cg9fBS3San5T5
0vqI4ZIMuifeKeItGiWbPj
39rqDP2s2hN1JtXptyeM3u
0fPf9CDFzVnHpcfld5XVtO
3DrI4EVwqK4l4gB5b8hG8h
1PvEOveuZFuu0LCKdKQRdN
2pA4ip3VIEVcIa3qE02oAX
3iGjPHGVRKPgQ6LvSN2zJI
6uzuW7L1t1UhnzbfXwtMtQ
7BMO7O7ImjV8HNTH74Tshv
1EHGlF5ppbwnIK4OuJn5Yr
4kRf54PG35X6wkYHqFUsbl
6GrrkiCRO3HYdgRpO4eKEL
4YhITuwINLCfXYB2WCXbCZ
5OOd01o2YS1QFwdpVLds3r
5JeW8wBfctAeQ0ZpBdcywO
0W9Xvd4Qx1aZPxEi94vgRY
05uGBKRCuePsf43Hfm0JwX
685zlleGxc9sPJea7jUoMW
4I9DIu1dOrwmcxSjHAbaSF
6F5c58TMEs1byxUstkzVeM
1r1WtSrPbAOYHE7zwq4eqK
5gWbpP9zFotaJC5i2WNZvz
7AQF6zOBiZ5DXmZ3FaQ0iE
2JljKhlukLr2oRTrXDTVcF
5EcJbRgrUs8iVeB5P5Ub58
4ImIJRZNJhNQLLdUFSYJoS
6wcFdMmiDscAhZJrcVFumx
4C5h4wBpxB1KKsglKI5zVW
5F0bmCjKUufNz1bHXfgRwe
4yfwSCKyKJ604buawoQuvp
32mVHdy0bi1XKgr0ajsBlG
2Aq7zCYfNpb2Q7AkVbMKzk
4e5IPJxSGVWPsaxQzdRseN
4hszow3YBRAbGGA0WbbR6r
0QuMMBMqyibCGRjaOwB5CZ
69Ifg8QwF7lWI4lMGA87hf
4sjLcE0GQ6urc4iUXsUPe9
10r7XYNprDW5JnP7IlDo0O
1T8E0jQVZdmXsptl3wpbah
2CT3r93YuSHtm57mjxvjhH
5o2zB4WsAJ4IMgyQI8dS4g
6MDTpYxPFL0wtFd0pjfKws
4U38hORPx8SsUAXGumsUYN
0pMUR7Uvp6vxlbG0qBFvgM
4OmZyatwPId8PvYQKaiD7A
2G1YqEwL7X1DyvkGuFqMzV
53QJMb83ZdNSXApsEY3zjA
3C8fIt8sk8i5H0uPYuE1lY
64WHJcwkA2K2erKFZA72H6
0jdny0dhgjUwoIp5GkqEaA
5hkgrWxkobGtg30I7DsfVu
13BT6lSZX1uM2RUWfyWdlY
6L89mwZXSOwYl76YXfX13s
0THbsvMRmCHpFT3YLX301c
1g1TeDflB6atAy7HKwrzXu
2fTom1sc4WE2jugw05Usfw
1XQhZctQWzkznclbmbE7FQ
4mdjTz7RhMC1MPPVu8jNYR
1mMe0felnLtY2QjR7VcgrA
0DxN6Ywom8nnndyQXdSBPy
1T5slVsu0cXUZgdpyugl8I
1QK0cJlXnfq3q7Vo8mVL4w
618lJqb6yGyPmjq6YOYFda
6FhB5ZyT4JsIJ0ozDlXCIp
3SKzTIl9mW0DadTys9SFo3
42f2rI5rY1l4xJQHhCA6HW
19KlLuxA7AxvQpoQYx7zhG
0WHm5g9KcBmnspixmrLuHM
2iG3f8JUFgLIVddPlP1zap
41pOIT2t1rvr2Trg1HQChZ
5FbMKftNTXCKiBYSf0TQrs
11RUCSAgpexhJSMmcuO4h2
7akSWR8b2LrMnfh0ceChbj
24ZZV8nmMT0TD5jVdkqNhK
63JM8Qz8PoDD4o7Chai6OP
69IuA9oVaHeQPl9H0JUJ03
42uZaQsVFvj5g6nMF3ZwNY
3fDUaIw9aNnI5eifq01Oar
4VJPlcVVSVibUCPxpgf0Iq
0u8TLzOnwjLHMHwpQTtXpY
2J597HFRsdS8nUpHeHuJt7
6TwfdLbaxTKzQi3AgsZNzx
3llwKWXLIIqqceJhK6J4zm
1Lm5jdfUe15ClEF0vrKTsq
1E3elyeDZawq8JlTEIrCvL
0tgVpDi06FyKpA1z0VMD4v
5XEL3twxJPan178qYKZCQJ
5jrdCoLpJSvHHorevXBATy
342G2r4uAR443cUJy6Ip6e
082dvln9geqoUZx79tQJ0I
0zDQZadax2mRUmACcXt0wY
5tjrH5xrpkgKgYd8zQgU8X
2HaUEu0wAO5AOT0UB3i0LO
7hY2Kc7Hvu0BudOoQwu8Ez
0Mv9eF8opnwZ8Ap1GlyKky
6A0QidFwZiLark1cNIp9qe
2DezzC1osZwVm3lxIRlrCe
4dYeLvp1VhtMRBQvSUScoz
2fLXgNuhqugprkOOpAqRHs
7aAiC22AKeVb2zZGP3ZrvH
4yA6IAaNo0E3VBm3aMtmsy
1MDcQnYRod8hp8uDBIhwcX
07g8LrnpOgV1BJg4ezJ5gf
2l57cfmCnOkwNX1tky02n1
6HWYtS215rxaaMjvpyG18W
79koEJRtKOOGJ0VSAF3FMk
2nmL3Tb25nvkUnwjwmL0Sq
6hNkAbTxNp5VYMZQuWfMxN
0hAR6VcN5P1klbHiZmDMJc
0xvsgzM8AtBtRHZm5rav8A
1k18nxjYj8R5iz82Ap7GEY
7yNK27ZTpHew0c55VvIJgm
13P5rwmk2EsoFRIz9UCeh9
0yN4fNzmVnmgC0dsOoi9Wh
7b32aLn3gja5SECcWjD7Yz
1tDWVeCR9oWGX8d5J9rswk
3HAN4cAAtFwz7t8qYE38DU
6qYTL4IxHaHTfum39X62tr
1WIVaZtRi2IzSKKJARpaqg
1BLfQ6dPXmuDrFmbdfW7Jl
6L5QMBrydoaapTDMQ0Anui
65GjU6KDPzF5IO143vvTgn
5bqaRlL5uVIJ6AY12F3UT5
4OsLDuaH0bWR6xM6nj66F8
6o1xC651mytfCXwr7WHHtP
6YgV0EF8xJMZz0Zm6BTaT4
5zpDHEU12zATwLGvozxPw2
47Dypa9yAYjZoXG58lgPyg
4XUQ81n2INc1oDDrg3euzC
6hHpXo2XMMKR5lIfa19aLM
3VB3YAzcaM328pGD4NiDYr
1tbjeelOKIjolYNUNnPMAD
1OG0QQa2zZe4QeFwVhCiiA
5ncmO0kLAeGvO3Wv2SIG36
3YWgircLAgfwHLDwZTAEAV
3sA2IipqcpvX6feZGN1KqZ
32igKIseAgFtp1CbtI49nU
3aGibUHhQyBsyumYHylw0K
2F8mhprAH20PKf32agtk1d
5s10CwwYyagouc8HEWkPIT
7pDHM9huHHpRc9CrxZElsW
4yqmU6n6tbYKf4cpmL3tuu
5U7G3SoRsNgHz88ywDMUte
34gCuhDGsG4bRPIf9bb02f
6klpXs2uAjagnZMFkt4qkl
1PKx2AJsW0KGbDh3oUbqv9
2m9Z7FHA9hFnWpXUkgYRJ4
0gfcxQRl3Q8CipxiHK5hdu
5H0Y3qDWMUVkccj3BdDDTA
1ePQDkXe2uyx6PZl8w4mKy
19xxRin5GXKV8e2zp9cnql
3xBPI4NfcBGLSJ4xVQ7aIm
3S8MFB68isPbRVgaU0MaIW
1C2QJNTmsTxCDBuIgai8QV
2ZIJUwprFZrAaZCRKYfAno
7oA2oLRylvnkJ2hTGEHfvY
0IC4SC4OWV2Tt58pJiGPXV
0rExobqeVmyODYms2Lq8sG
4STlXjW6sovdM4RyL9l5pP
2wnpK8jxhNGMw06S4oo2N3
6Gds0xbRf66IPJ3Qo0pmPL
6ym0PNXn1fPjdK0NCereBJ
2kQUGIvhXnnBvpOw4taoHE
5OiaAaIMYlCZONyDBxqk4G
3QZi2CDiV38DpAQ5aiXHu1
2WYmSryxSqsGVe30KMAQA1
2jfk3m8nq5IvB35s2xIs1O
1KWiceCPUuzYbxluCCOpX2
5BMwpS4iYKR30kq9U9beaT
6BivCuyKJtgLa9ooFsvUoZ
5WtxQV5LGUibmRm5xWo5Pr
3TtOhoSjpCI3cDzFXRZMK3
6gxupt6imt0qIdbE8e356n
54lMsplqc0Cuj6zxfnpNoz
48qfylmYNhWLNOziPK8tSJ
5YbZZ2gYfvW1UvHHF4pVaD
5sXDrbX0T45lv8elWcVUnc
6od5hFv9IT5JHc7NEF9HRv
3NLrRZoMF0Lx6zTlYqeIo4
2UyWClHKt6fut3IpS2tJiR
7q096gH9G0OjuUduheqM4l
3hCa7ITohBJ6yUZe9VXI5M
5hpYr9xZZgXDrNe0I80RJn
2T3blUc9Jnui2a0ZhuNOag
6BLLQndvA0rLbLcIZmuuEJ
2ZoOmCSgj0ypVAmGd1ve4y
2UREu1Y8CO4jXkbvqAtP7g
2ZKvBNoOjYzbB00EwutMgQ
4HvcbAR8LisalXKt7cpqE1
0ZEeEZnZ496lE6kN7bmSrp
1EIyfGwBwpi8EfPo6sY6Xz
4S1VYqwfkLit9mKVY3MXoo
3LlAyCYU26dvFZBDUIMb7a
0cH67XjllvsRkqeMSw2Ba5
4h0EXpatqJImv4VRgvX6po
2iZh6WOjytFkxHHj4TVQhk
56QCGK2tyUmlma8k94zLal
5ujh1I7NZH5agbwf7Hp8Hc
4cqYUqmKMcb3q1tdImVpGW
2minGOKYLxaPj9oYajC2Oj
3lPr8ghNDBLc2uZovNyLs9
5BrxQCdse2b424hlurCvGz
0M9VqYG0wVun054JIdwFO8
5NFpNDUc9ns0upEeMqqYko
4QQg6DXsx6G3lv3W4A15CZ
4PwwOQlMospZqfThpnkypH
3ZsexY07D4t4HRq7ogeSAS
5lWmgyRpYe9wLy3P5TMSkp
0Jmrp96iTvV8NXcphMFOd2
0JGuSgtmWyfuxLGBs2wX0C
6ZFbXIJkuI1dVNWvzJzown
0lkMZa3Fwt1KWRHRUnPqbx
3E5XrOtqMAs7p2wKhwgOjf
0qcr5FMsEO85NAQjrlDRKo
75JFxkI2RXiU7L9VXzMkle
0kN3oXYWWAk1uC0y2WoyOE
4Hff1IjRbLGeLgFgxvHflk
51V9ZIgSSTMQbGTdoIADgK
0LPx8WfsRrXCF92YtINFtN
1t6n18rlXyic8yohYQ1UGY
3ZffCQKLFLUvYM59XKLbVm
1VGoxAxuw65pJW0ATxjFpu
60rHc4AkLlP4XVSATvBb6K
6dATHRXbCq7lOdKhFnjrge
6XWOE2WxtPEMcvTWut6KSa
4JFTOshl2tCk379jFm9eyy
1Jj35pWytKHrwh36IanRVh
1twrKWVupBO2H3IF9sQlAn
72gGeQ0dZ7E8RlBeNJNJkb
2Guz1b911CbpG8L92cnglI
0CpxIwmIOKHOIgxupmRMNx
4UiLR6XySIF6ocpJgDKBjv
0SHPEXmOSJL4Og3aJluoKd
5BmagRD7Thki6O1zZwbxBy
3zZ009FB8sc8JghwVrbLFq
0RCsGhR44nFVAd5WiZZcGq
5WIXeoute7B2kGp4A7gyZv
4pl5zcqCv4vc3cB7M4MZ6f
4ONn4MBFF8idqrVX0WfxmZ
6a2ujJk7hf74TDkkE5lgHp
3ZWfk4Bi9o4fp7iNAjpXV7
3TF13mY2MbrpTPdHV79Av3
5fMOlPVPDpeOqhSSX4cnfu
4ImL3v98u2BLkwnyQDjfRm
2nP53cGOPLojPkoWVZo4sY
7LTrJpdyycTHN57UKmr7X7
45sziCSqS4BWSQWUlLRpyf
6wYseWUX1OOmuQOIsUoY3K
1r4ln9oxoof5cTOOYNC0T8
2SSMQ8cql0cfI6aQaJBbC7
1UGD3lW3tDmgZfAVDh6w7r
1czaCgWLWgqp0eRIZ0BcXh
0txisWocI2H8yPRjYxLo83
6RsAa9pG8vQvVBso9Sy16p
1tq8DD13OxqEf5Y8t0hB0Y
7n3REqDfZBpkd0bEpGu2H3
4JwnMEzMHVIbGtT20FslP9
2wtHlpYSgC7xEdD3DrSHNL
4bPQs0PHn4xbipzdPfn6du
6AGQ7pKkcnc6RVjtARt1ph
4qEgENirNpdYuUYMHMD8QK
0eID4ZqGQ5fDtrFG6eTiMh
41pFyxOpS119Pb8JEzhx0w
6nek1Nin9q48AVZcWs9e9D
5Dg2h1wsm7ZijCo0yLmbvR
3FViPVAkaZ5JZc9BgOxSYx
4o0sJFXHckKlBhhynZsSIg
4FGQwSKgEykxtBwb2px8ug
16MVSD0mGI4RMQT83Qzm69
4Rtc87aysfzgqRMFcSqWme
3rCNmRonlHN1TXQLcG3dSk
6bLTe9P7F3xxNihirgUbtm
1swaR8iEKe5qyCoyCWjyvP
6je9vAapQRxdEbuV6VTcJj
114rzL6VEy9bb3amPcY3tw
76FjBfcmOUuMoyY8m7NVru
30O4ZlcCWOP3S9eLKvmQAG
6sZmgTsyiF9ObnEniMISIc
4RXpgGM7A4Hg7cFBoH5KyF
73p5ATgXP00ZaMZHxcMG8O
7Bmd93DNxX5daBO3uJ58q5
61icNtPQIFc3TIoCXRpO6c
0Zh3tKIphLOvQux4dA6PFZ
38s4sbLZood2eUTelSO3ow
0qzoXI6JRB5aYEaYA3GOFG
1RtnIF8uRwTLxmcR87V6Wo
2nRYYK0k2xWA4m8Uq57pAJ
4D6TLRakmgJNJ7rKybL20g
39cpcnobaB8FdedVjHjXP2
0o6ZSXfDiz3UsCcFhf3sw7
7l9uOhfVJC8Y0c6PXHrgbs
42GP0xKtkolBnmqQRvSllO
4pJ1UhXr5TfRKNDsjOT0Zi
0eGsygTp906u18L0Oimnem
1eldnM0T2A4fpYAmezGdZ5
2IZqM6AJnyptR8zVNhk0ML
61HQWI1Woxup7CnGwVUsdI
0MnrpvXOd71v0fqosubq9o
0CiLKLZq8SbqyaUH3rIcwh
1Owa3Ic2vpcfRCLSqa73NZ
797CLA4YDOQc4ksp11r95o
0U8azVJLFJhIqAbOqoPUMG
1vpIMSYon0vrBFWvciq0ey
10V8oTOGIEfPr8aTHCuDvX
4jPtq9shRdUv8Zjr0a5xkD
449HG3mBGUA1Tf0eQFr3Ss
0dBW6ZsW8skfvoRfgeerBF
1pKYYY0dkg23sQQXi0Q5zN
3mNFoKDPM2hzPuJeZ9ziht
0gbd8TDNi40WqKBHvmGezp
4VuS959DSpr82t3qBqCrWG
5EuDF2V1GOw817RaApPyBJ
3FA9wGCQWqyoqWDPhsGtO1
5PUawWFG1oIS2NwEcyHaCr
5V3mdRI2yQxbSsJGDPc5lD
536bkD2pabwDI6kHCzHv5T
58J7ymKWMhlSCL3rcP9Fe3
3G6wCUUC1mg7EvibRU5MMt
23r9kDmwhUQuBHl523d87n
6Kyd5sJJZc7LoiesGQwZfJ
0Zwz1reeqSoTkGsfFV1ssn
7Jd3Ej1Xx5OTcRxUDV9rl0
4i6nPazcmdpFCExtQy0exh
17hcFa5JZWpaSJ36Bi3nTw
2sGSId790ABFzGXx9VEdwl
1OEATzM7c24RLUKX8rQVBg
4EYpOdL69yWuIRc49AyeZa
0DVbkP4q07R7RKt2RBnzik
3heDU39IBfiespWweM21qA
0BCPKOYdS2jbQ8iyB56Zns
66S14BkJDxgkYxLl5DCqOz
6OrkFMSh8cfiJrXFsFT9uX
44CLN3rzhW86oTcedUMKOj
2BEZkzfIWNFSNjZMAKhyAR
3Lac7ElVdBqRsLdGEHLHFN
2D9BrlpeyjXF0vli2dYQ5V
6s8PRmROPJHlqZmu9Bbviz
3kxfsdsCpFgN412fpnW85Y
09jPXOz0LS0kpqmkQRaFPO
3aYBjxTMvrEOP0A0UXg9ER
5ZeswXebi64QZYNfmjftYK
7MXVkk9YMctZqd1Srtv4MB
4qjzpr23GpeeGMb2Bwj4sb
04LQcc0cNxQML0r7EQrIXm
4qh9ijBm0RTPQrRVjvl52r
2gDMbg0vLQk48Vg6savgpk
67wABU4SjBlnDHB0KiU3HL
2nQ91qeD9XijGu1mqhBdiu
33GKvPTGU9IiXdLV0sllSb
1KOvZL5QgnEvspw0YDnpuq
3px2rAPu74ltbkf9eZsZ8h
7wqSzGeodspE3V6RBD5W8L
4ucLHLiSjvkCz5Lr5dlVUj
2nviKdUcbsHXulMXKqIhDI
4oaU0fMSg3n9kqOwmLPVhH
0Yqkp4ScyWSKTlm7hpnDQN
4mvQXr3EeckZIBmlcxLqXe
3AhEF2J0fy33PdGYEkzqm2
0bud3fVqlb5yPQ4AZ6sfc2
313c46YL18vX1rKsyF5oc6
1d5UuboIPRMD4HaU3yycKC
0XGV1bem5W9ICY2rgleryV
3QmesrvdbPjwf7i40nht1D
7hQJA50XrCWABAu5v6QZ4i
5VP7GDjJR4VShCOGXmwNfp
1rabGBls6HSY73g8aB6wC0
6yDz7N6UC9juipxecrxJVY
0dnx2LK0rnPTACGzbLc1Jx
3M0w3fhdXByHLCNAoi5c9G
1eWxnQ8CTkpelpUj8WXs9d
5TYESt53Ot3rS2XoxOlM83
14JJgiD5VDRpMOuTm9AE5J
3NldGYmhDLK98kOOo4J1lg
5QjJgPU8AJeickx34f7on6
4EY2WMGmAGAcCXGwqU616f
5pRElcsPZrgZXkoON2o5Go
5DutiJxznQmcV5a5a1zfRW
1wotytPfCINZC2236odOFH
1kJtfldK9F7XmsSiSNlbth
7hHTbI9DRg8u9oJ92RQJkw
6W7EVJvJBIEuXMc9b7bHEQ
7sN23y0QBZktcRVsVYQkIV
6lWuJS86p0q5JAKekgETcN
3CE3PYF64qJBjq54Uf9ZiW
2hIixlz4vIz12AwrHCh9zz
2IZFdUL6rizicppnlwIiBf
0SjhCnjTT2bXD9RtU8bFT9
4fjGv8AsaV8tGRja20QZIX
0d28khcov6AiegSCpG5TuT
7Hr1Ignop7cymbE3FbOtXa
1fQaoh3imrMunWVZh5kf90
1h4qhOmbd7eQLeMNOg8nWQ
48kjkv8CzdZIW9hCMXE4VU
7rjdleIbUO22mxrQ52Ml8l
2lfPecqFbH8X4lHSpTxt8l
4Y4c7vKdV2yoWeKK54bvf1
5Fli1xRi01bvCjsZvKWro0
7kXINLuqpicfE1sDCZ3Xwv
3fxW8hal5spPoqA1gcChgx
7CUvcrCgER3DmcRVagtDhV
2YHZq64qZop5LnGDgMZiX3
0jUyIAehDk6svz4Neqi5sp
1XpYodsD36XN7ygcdF7mJJ
4xkOaSrkexMciUUogZKVTS
0KQ1LhU7vGiXqn7eAw1nfl
3ek4HgBlmvkTWgfT5sTSe9
6rZVy6FIG7lSJQMFXHo12z
1c7ZZfxqJShmaixADKUCKg
5ikzUqSyy8XiZYvVQncA4n
6ljbkNIzfmFrGyYUTUAleN
1bkcJqB4wcsALYdbXxYUGi
7s0lDK7y3XLmI7tcsRAbW0
2lpcY0lROi0khLsnBCMp1W
3J5eJlGSwpAVjotFNbTdDf
4gbVRS8gloEluzf0GzDOFc
0Z7VY2YzJdYThjXcMrH9Gh
10eBRyImhfqVvkiVEGf0N0
34KUIBsIUiPV7oCIzSdDAU
4aICBAAFGF3pLSZDlmsMj9
5n5uyFpfopa4mNdSN0gTaH
7rwXeI0bXaZms9zgC7T32Q
3XWZ7PNB3ei50bTPzHhqA6
0GO1QWs0YvDmmoTHUqitvf
7Cx56fRD3hw7cSkh9Dw7MB
6ovIVs8DCsxftAHeeSies2
7BWRB2MRG3vtAlVCxEgp3r
473xAny4InLJTlWnUNEwZq
7MTDaY5oGjo4F8N5r7H8LT
0PM9goJ7ZaLpq5wR16LZlp
1Pp0wWyRVwMmxyn37CRx3R
5pvJ59i7JxylN8VB24xdMs
4E6cwWJWZw2zWf7VFbH7wf
21lhern14mW8gwK2oOqMbP
0zAJqlBcRSvrcCae4TwkBv
4gQ683QJzGz1Y4Lmml68c4
6vTL6kjfbfZUziBXbsXHP2
4pW1GCglGO2cFymlqRk9ih
0QIYINh2AwmOmdu8CRYvlw
5HJ2psjlq5wyxtUA43Ylgy
500XjFuAZEBODSL6boVKbx
1fLdeDTrJWNkwOeFyAVLvF
5vL0yvddknhGj7IrBc6UTj
2lXzgU19U9cSZLJtawjob6
7KXjTSCq5nL1LoYtL7XAwS
64OyRojaOIcs8y7029aXhV
1PS1QMdUqOal0ai3Gt7sDQ
7LOvKnhYYLqPvP5A2rAKOh
0EYOdF5FCkgOJJla8DI2Md
0oOffm14wM0wF2y5SJgS1f
6d8ta9H6DvgOqfwxQYqJsV
60jI0JgMLLj1VggHJVhtRs
0afhq8XCExXpqazXczTSve
60RaK7OkTK9YC2IMA4F97d
121so7t3AeX6nLMvxy9ZP9
2vd4ULh4EXAeIyOoe9JZ30
2M98FO4fkGec4lzsafk8YY
32bqxZEJRJObeNyc8bEiPt
3UW3ujzllPV9vXJfRsbpBu
1MAtUmZaUGsbS8hH335A0e
5zyCYmiaVE5y26EZuwZbsw
0V7Wn8Fry7KBO5stYqpFvM
16w8ZGVSjI4TlTLV8VimBY
5sU01Cj0uRDuzK4EzEuQEh
6RJdYpFQwLyNfDc5FbjkgV
2jwXUUqhpk09co2k75VKRz
7ezqQc9fdjV2YNbBIQNAUz
185CnYTL74oDAR5nlbRzBG
05c0LG7DakbvX0gYbBHjPP
0JIdBrXGSJXS72zjF9ss9u
1hxq7kWQnwdhxgpEugBMGk
1T3tP6HvCgDF8ewpRqwM1e
2kVQbBvdlzdjAHDltrxn3v
0zAASPM1ViQQMydK26yqZf
6bXOlIfGIWh7Tyn4oyvLQW
77a13sziHquJNDcwnHtuRd
1FQ4jFbaQETZ8EWVAdFelI
1Thv8uCYzyOFC7PME9J936
3RGXI4Dye5QAzsdnv4BW2w
3JdJIrVP3QBSA8L1RSdUho
2xLOMHjkOK8nzxJ4r6yOKR
4MxGfhE3DKxBhdSWTYvc4h
3pTNVDJpzaLxiZnbC18SMX
2Ux9cliDHYrxsvV9YbmVLr
0c4IEciLCDdXEhhKxj4ThA
3S4BiRQRKdtj4GMc5fz4or
00GH0IpOro4Cpyj1tjt9bI
1fzJyTCKeZuTSLByCsLRHl
0aAnHzjVQxXyvmbOHGAsfD
2n6FX3Jcg4b4Leoz0GOqBF
7lVHF6SvOqlCCAVCxeQ3kh
6WxKWMr94fOWEbrlvLgmBL
3RgDvs9Jpvn3kUuaTek1R5
6LTQAaWl0Nrnt45ln6iKf3
4s6LhHAV5SEsOV0lC2tjvJ
2GVYPY8Sv7U7cJkDFu3Ft1
0zulYs8vHhhN0hl8wvYgdv
1MaqkdFNIKPdpQGDzme5ss
2jcCNMPacDifJVR96IcXVp
7oolFzHipTMg2nL7shhdz2
20iR23GTEpAMsbyv3WT0k7
1zTebIf6qw74i3E2Zget1q
0LJp1imLp25L6loDVPDMGn
1wJL1A0QUHJPf2cm7tsrdw
68zo0Yd3NayeXQmgElmx1h
5MNxNuo0XSHx7MPXbsR57W
0FtD1ZukwCnuTfTNuwxrQM
1MTELuKDa4b8VOHF97ffuY
084rSj3q0GY8R2HdfA6fba
2G1rPXfIJCvGIOuOSilcyL
08JAdQ7sRbKRu1ccuhg5ZV
41PHX8Tlf7kACV4sLzlNpI
4k9EAtZdZrzPlBUsFncXCZ
5GyQUJKq4c9CTQtKPuP4tV
37OjMlwuUVWWmVKrV8CiUQ
5g9SKZp34eb8DA1cAMcbOn
4EN0cuQhBAfCgqxawc4JrC
1Vq7XdIHJv157NroRuOqBI
3xyBWT6CYdSZ2GVeXWyiWb
42raDMAj1FDvMtNxcrExux
39ncDMVidHOeQgeC5anYZM
1u4zA17KfsrDn4phTw5Lsy
3iJmiaoZWzykf3Hl4IeYtI
4ClGNWLK9vZMBtO0CpnyOE
24CRDgNOgA72JLL7PHFjgB
0z5DrefyW29FNsnJyI4fZf
2Huj4UA5V7PkcmZNFwlTO9
7hZuICN5eaCuQyp443RCt6
5W3cjX2J3tjhG8zb6u0qHn
5TszU7jNHgN3hpISOnLAdF
46xde77XQfUhZVAPIpgHsI
2XV2ha4tZI3HMFyJMo6sHv
7Bncv4ahH3qUJydCBzSwao
1brwdYwjltrJo7WHpIvbYt
3HVr6jTVwBHBa2flM0eURR
5PZ2cqh9Yem2g6cTSOLllz
0bD5aCBb46dEtEVkv9hd1m
7ouMYWpwJ422jRcDASZB7P
4tMOesd7zi9cLH7KZh0DcP
4ONObLBeax6CJmc15r9uCS
6OMO6WdRhSfjMPAiPT94wH
2eAvDnpXP5W0cVtiI0PUxV
1NtIMM4N0cFa1dNzN15chl
04aAxqtGp5pv12UXAg4pkq
3EZAnO8lnPCBCcJcwAZbEB
11Iv8RCFmeImLOpaHYxKb4
74gCmgVubh98qUEcjKlt9Z
1cYtqvYDbuzjgSJsAkTRaH
5POcQCBI2uqf3a2179ch57
1MZxQrYszhFP3Sb603swtM
28M2gifMU282QBM3fKajIS
0n1iqfr03bnUah9uaUERkv
4D6TpthzUVNTjWQqfBW5Kb
6vrUTGn5p8IrfTZ0J6sIVM
7afSN5zhUhkbpRFpYKYztK
0Ti2dlF2xLjXblvdU5fCxM
40ZSt9Ld3113ETdLw0gCkS
5ami95W9OOWQPwrBb5tud5
0zyFMqIS8zWHncTvL03rKw
7sapKrjDij2fpDVj0GxP66
3p28GfOcc7VThulJK7QDw4
62ZXL1CWLJDiDWUZUhfLfU
0woiaXbzTCXiEgIRavGOoE
3AZAEuBA6XcDBN2OhoiIkd
3BiWSo1MJvdywIBcBpNZ9e
2Z0yzmI4MR3hBIQBEhUveg
07q6QTQXyPRCf7GbLakRPr
7AsqUKKbPMxOFNIbRLBxHt
1JdKrFyoU05abww0Zv0ayQ
1WYEDcS7WGjv0rG7rmMX3o
69uxyAqqPIsUyTO8txoP2M
5VKSZDsidOFHrtlJb33Syo
7sqii6BhIDpJChYpU3WjwS
6WfdsIQnTM9O5qPMToXK1J
7lneLcDeYlo1yUkP2d6QG2
6OEv02z3ZQ5ls0EUPT13GR
5cbpoIu3YjoOwbBDGUEp3P
0DiWol3AO6WpXZgp0goxAV
5st5644IlBmKiiRE73UsoZ
4dyx5SzxPPaD8xQIid5Wjj
1QFiwbN5mS7rkq2uUztTBn
0ANExk8Iu85oqCgk82rG64
5Iy2Jj87Ha0C0IBlNE1I4y
1W0YS64vF9qgMVLuN76aqg
0b4KsOdnrZlfE5VUAAzxv1
0KT6DLAELYSbgfUemzwGPX
2LaCyasH2uVsTPrO3bgLEK
5NTGvYlcSnLgVZO6BRh94M
0zhzkkSXFj60Y5fzb2j9hU
6EXPzO8yKpdZdqxkg7Cj5s
48A0aShHlovDfTMucMrE66
4bO90UtXyCqmvil6A4CvnA
3GWDzo9Zo1hbEP1Y5KOeOq
5GT9AfEVrQvNMFb2W0Tqns
6W8YvRrLmwB7phA6hmi55d
58z0UMtAZKL7bKcTevGNfY
0It6VJoMAare1zdV2wxqZq
21rryHhWJWB0sJfkAdQgRt
0HjpouGnPswTLh3hSvWOMK
5sG3G54H21hNfd5etlheoe
4NTL7fT4eqfPao94lmqth2
50xYqUTVCvoqRLuyWFuG3r
2vH99qn5livRdGagrwRGQK
54WIkgCRjKNPLUOXGxJ6bY
3tAs13DYCXiZSH9o01dB7w
4lKXjLzAV0Nxwln8MxHVtQ
1Kmqs7p26K1tii7ISro8J4
1SgUE0s8KGfJW9JeuN0ns2
1H4LTkJtNHLQ3n7pTi7uDw
3APayTEWiUl9Ssep4BOXR2
2xMLg1z4QjmulQSYMf97RS
2rmq49FcJ4U3wh1Z7C9UxE
0ciHz919LVKoH4zgxyMPZ9
5RpHnFJ4gd6GD5e5kWbclq
665T5MrQUl7sSwivPm7pEW
6hzwfFKrTabeUsW5SWti17
6kcuYyyU2tPxGP3PDVWYJT
76aadnUFFANRNDs6L3aqxw
6HSqyfGnsHYw9MmIpa9zlZ
4sSutqK9JRIqWDRBQ9zP9o
4lLxjJN7z6BfG1cETXwlYC
7cQMJ0wDqVS5iM0JIvP6Ay
4G8gkOterJn0Ywt6uhqbhp
4p7isjE8RGKAYdjOdWijK7
1RvQQGwaPipiNgz8RXAKA8
7Bxv0WL7UC6WwQpk9TzdMJ
7nMcjAKQHS6Vw0ZIeFKwer
0NjHYeO88VsXEd9VEu538C
6jg3Om6ZBMKlylforWGPEC
0CfHuS70e61QP5EuseuDX2
4F4skIPOcmPAEVQauG3GVB
4o4uUXJVFWk2U60R4Fz9s3
68qn4zg43qU9GwLCUwsBRQ
2takcwOaAZWiXQijPHIx7B
0rrA6EU6hcmT960EuTIkyf
0sHW1jXe6Sou3437gJQNGA
3DDGhkxq3FeUorZppSgeLE
5dCeMchiJJxegshfe2ylIL
3QJaomB69CliBLvq2I0x0t
6wqJeItl3Vc3az4ZicSQAB
3ugzIu8bro4gAXSqWtewUj
6hNkAbTxNp5VYMZQuWfMxN
6hNkAbTxNp5VYMZQuWfMxN
7ocgDirodCb5CaBkWkRlt2
1q3RiD1tIWUpGsNFADMlvl
0ZFBKLOZLIM16RAUb5eomN
5Dg2h1wsm7ZijCo0yLmbvR
2tZIVD0ZPxpsoFx7hvAjWh
2rmq49FcJ4U3wh1Z7C9UxE
0VE4kBnHJUgtMf0dy6DRmW
2jQiSYrwJehQAcuaaQrXnS
1r1WtSrPbAOYHE7zwq4eqK
4NTL7fT4eqfPao94lmqth2
1tPA4LC9D9AQpWeY4G8RVY
1RoaLrqzdzqSFEvQVBLwWy
2k4yzd3YejgP3kqOo0FOnS
5dcYoYFAXh0f0qI05AoufB
39ZAON2MIRhHrS8chedbOU
0qmmx55Ei3i75ViWcY6mEp
1o2DMB5ZGoKV767eMx8bPf
1rdxUkcQLJRQwocz7mWyo7
3CzOoYfw7mj5jMHGsJp9TG
7i2DJ88J7jQ8K7zqFX2fW8
1JZtddHYvQijDINWAWxKHx
5weqqLD5pDadqumvcrRCVA
0faXHILILebCGnJBPU6KJJ
2IO7yf562c1zLzpanal1DT
6S1j8iU5lQRq8vDwjfSmct
277XsneDiv30dhONPCOmrF
6QitaJF6Vj2O8sxf8VxsRI
2fJxwz0aHPhSGiYt05UJsb
5EBvHC0SGFJDenBJafqOX4
55fw4oXYjs5m5uCk7AwDnI
2HPIDjDNCCSqSzIjxGaU6J
53c9tTEHXWL5GkYNalbXZ3
5koyOdvQU9AUgPMA14N4mD
5XijWLBY0vwl5MPUpQA2Ha
0slW7U1gWpQ9Dx2vWWp2ga
7KDfz5EnLXiPVgSOUWwpre
3EQBVWHnCv19VW8JSxiNzi
73URX96PE74KPnE9ogX2ib
3x7NGlfDKQYN2wnwEnL7r9
2bDXmdP23tCK9uj8e2o3ya
37OjMlwuUVWWmVKrV8CiUQ
4hRz7rOTUet8jJpXgWvoXh
2xu7bTUyvvJMBMi6JXvWAZ
0ZqqrBHeSeyZahfcyw9N8O
4prEPl61C8qZpeo3IkYSMl
6Po2A4lsnVu0GrQ8Dy1nme
4WXFDVe299Po8ih6Np54n2
07NxDD1iKCHbAldceD7QLP
5MsZIaCYY6Tsdph0LiB0hE
10N1an5e2CqmvHd2aGOENW
1rdxUkcQLJRQwocz7mWyo7
53ABeRAN6mqW67pQsks433
2WCgqwPrWuDZ3Bu59kTQS7
5zGrlUCEJy4yMZ5xuqxrr0
2WQn7Yvs728KZmmY6tgWqH
66324Jt0mZdXaM7f8uUitE
7qZdLKPA5TXDxpd10AGpf0
5cz67Ot4ylOCmF8pRFHOr4
6wZ0H5BbKeiUAYUtxGVLuH
0b80GiTA2cFx1Vgjg6UQRD
6LTQAaWl0Nrnt45ln6iKf3
73A0DxzMGDhVGsvHQSaaBq
1q3RiD1tIWUpGsNFADMlvl
2DezzC1osZwVm3lxIRlrCe
2tnk7NUXUCcX326HqfokB6
6uzuW7L1t1UhnzbfXwtMtQ
7LqYqe7uhDc1pw9urRoGq6
6RBWG4bKWWO2ms67zD5DLp
5F0bmCjKUufNz1bHXfgRwe
6qEgn7WHwQUZhWJ4dBSpR9
15qf0H31MChhqKr2zvejla
4WdopfTdSd0nCLropjhsgH
48VDUNpwQG7nGzRTG3CVw8
0XJDfLHO7C6b0GpjeB5mpu
03zRY58mcXQvvwu9Iyy4a4
39yvhCgBmNrLf0m9lan0Ge
2e42fb37LVhtCOescNb1yN
3Zwu2K0Qa5sT6teCCHPShP
1S30kHvkkdMkcuCTGSgS41
4lOavMadLCGAOJEvMJ5t4t
4NOZKKJKMWhQCe5uyQNNG6
1x5gfSHfhWpMFKKqbuDe9G
7KDfz5EnLXiPVgSOUWwpre
53c9tTEHXWL5GkYNalbXZ3
3RHZzTT1RhYV6zicKUc4FM
3vooOYHU0Fi3ViCG7Ozh0Y
3SKzTIl9mW0DadTys9SFo3
3ewKQAIFCLDk0mbhV0HjWE
18WGOPbU4FN3VY12BWKb2q
6XEPmHllDGDaO4w84Xjtgi
1NA2NvAgCB4EfcBC8OHfuj
46bkeaB7DA45q7PdKWLFkR
1V8fHRK9qQeQqZWWfz9oNU
16w8ZGVSjI4TlTLV8VimBY
7B2MV8I8oA8EU9blzoeAgh
5PxFv9yJEg9dxvbZggykro
7d0R90VzB45UWf3Aey0X22
5HF5PRNJ8KGtbzNPPc93tG
10ASBwZsp7oUUDsJEYz3uS
2arL1Kf2JBS7ms00JAz4w0
6VOWUjl7sumb6IpBPkjQat
4cHwmGNGR4Tng8vbUypjfd
38Ju3yhmM1asFXyWJn8fj4
21ET3stNQckqgAv31J6qUY
1q3RiD1tIWUpGsNFADMlvl
2MGpDu11Ute4wFJxaM7m0u
3HO9WZQpMiOSi0Mx11plnk
0ZqqrBHeSeyZahfcyw9N8O
5zGrlUCEJy4yMZ5xuqxrr0
0faXHILILebCGnJBPU6KJJ
6aB69RkwG5kEQKcImdvQOk
0gOkGSWQ1qu7zXnF9ClkHP
0vHlJe3AftjmrPA0aXenum
7k9iVpyeR5ybSPSkvmAP6K
1vrjcPplEuenckUzGGp2UR
414cgi5zHa5aXFAndH3jGY
2DezzC1osZwVm3lxIRlrCe
6xwak2gJxMwbLBEJVier7X
5EbsXX8qzNSnD88ulWSXGW
6GrrkiCRO3HYdgRpO4eKEL
7nFAVXIBZ6sIjFnSH0SGuk
6zQyu8L8yUuJkl6LbQ6iKU
4MooN1Dh9PqgWHX7Kdrb8e
1s4Nc5XFspnFHEHLv92gak
4XOVGSQjmxtSbt3pKk0Ouh
6xLlFIY9nuri5BR0Cp84ea
2bDXmdP23tCK9uj8e2o3ya
2D52zjCyqEIQa221lhw6uk
2r12KCHNv0p7JQJsGt3vYK
4EaO2XR7gWaHq8DW7nu1iY
2gTXHAdDkCTGT9paqmgzEB
7K67LPW48UmDarAd7FELCn
4NuFrArppAgXPZKCbImtiF
2IO7yf562c1zLzpanal1DT
3v2XiE8ztYHOsrjIBN4Xh2
3HE50TVRquwXe9yv2HFoNL
2PoqubfYq2Cl0nUyrrTht6
2ppkGKabWsSgNV4fvOldQb
0l2p5mDOP3czJ2FpD6zWie
6Rp79bGrzD8cWUGE1eiL8s
6kIpxmFQ35wgI3cK77LKbx
2naCQzUdZSGcdVKwHOX7m2
3yZQk5PC52CCmT4ZaTIKvv
2TfSHkHiFO4gRztVIkggkE
53ABeRAN6mqW67pQsks433
1Rk7UGlDYxhTOwMr2BL9vW
66wl9OJ8nRzRkXdTrAQCo7
3ZsexY07D4t4HRq7ogeSAS
7pwcuP6GXZoL77XiXBvzBd
5F0bmCjKUufNz1bHXfgRwe
0c3fJd2HRi6uHWgTljIae5
05vm2wrbDRrIj5Lybblnqs
4YsAIpME2xJ1YERIgmhnzc
0xAA90OfUjpnxCw4Rf162Q
0ZqqrBHeSeyZahfcyw9N8O
32cHMjvOjmi9PsVdzDftR7
5pQMeUIDHp7ioCgDK9PyAt
6wZ0H5BbKeiUAYUtxGVLuH
0quGJukpao2TNHd0gIn1pd
4vC4nKK6bk9pYEVOU4EIbA
2KtS31kaWNHs12Q5B43Ixh
7KDfz5EnLXiPVgSOUWwpre
6zQyu8L8yUuJkl6LbQ6iKU
0VE4kBnHJUgtMf0dy6DRmW
40t2E0HHaaUTp0dolN4dNp
6q7YBPFCO2lgSzXpf4UKvM
3Nnm4EROP8wEnMpcmapvLR
74hxp59kFtc3Ndkb7n1IaC
3DrmwvpXcTdlSKfU1W62P3
0lmMtDQ2ElasKU2qDAE6NN
2bDXmdP23tCK9uj8e2o3ya
73A0DxzMGDhVGsvHQSaaBq
10N1an5e2CqmvHd2aGOENW
0VCaMojESxrxingY2tNS4Q
2k4yzd3YejgP3kqOo0FOnS
5PxFv9yJEg9dxvbZggykro
3Zwu2K0Qa5sT6teCCHPShP
5CNjT6OPPMGZ34ewbLUa8M
4EaO2XR7gWaHq8DW7nu1iY
2ZIZXWnU52s0C75sPYiwvh
7bEDDsy2LFC0KSqhZp5nPE
2PoqubfYq2Cl0nUyrrTht6
3asFGFY3uLjMDmML1p0tYm
4u9UZQxoVkabuLZldQGHi6
4ouyODaV6ta62fN1i6jMCZ
0Tpc0c8WaTnbYsoWoJ06k2
6hHpXo2XMMKR5lIfa19aLM
1cWD3SRnt48gFWzqTC3pWM
2fJxwz0aHPhSGiYt05UJsb
1q3RiD1tIWUpGsNFADMlvl
6SRMpCmXRkpdF9fTxHUd0w
50B40yTy6oX2iArdTomFfy
318EGw5ZZB8U5MdMWQwxZQ
3f716CHeVeqmeYMxMpvTdc
5r95yxmemjPfVSjCoSeAP4
0xAA90OfUjpnxCw4Rf162Q
1jFeem4fXdC28xQNxBjaX4
0jgxLORpTXdq6kGrr7aBAk
1N54Dn1u4LmQOhRPIg9Rii
6GrrkiCRO3HYdgRpO4eKEL
6U8fmOpFp0blrUEU5cypxl
03WmeqPnjaBnm4lfwm8v8z
60Lov8vYmURSKoxxU8Upbc
6wZ0H5BbKeiUAYUtxGVLuH
0Q1bzd01LsJ5Ri8wLo9cdd
1kdSGyQyX0mxq75KSgcjic
1wZy1qIk3qPVv33I9bALi6
4rx8uIKssxGV1S1lCZMgLc
35LF52lFWx4HBEn9ziovRj
6CtQPDyoRJgvUZ2FvzwnCO
1SDqL6BVIaBtujdQkUBNIQ
2eQOMQkStoRUQyq6HGh1iG
3ZsexY07D4t4HRq7ogeSAS
2e4jB31WcGsxKL1ByqdZCq
1CcJ0IzotP2j7J0uiqC9Mv
10N1an5e2CqmvHd2aGOENW
4n7JliI0hMrpa3bYOd3AR6
5w2FeR7c1LUwsxKub9iFHC
6VOWUjl7sumb6IpBPkjQat
6xyiHZgrmXw7sMyYXbXjPV
3OeQl1CTURzhwzd5R4KWrf
7FEK6qM3vmNW2c49PSANoQ
4yPST7G2hLaKRAQmrrCvMr
3D4Xkcir5YEhk8Xidkd1dL
5np64vfdJ6Qz6aDFkspMWz
5UHuDjuj0K81ydgwtdyPrd
0c3fJd2HRi6uHWgTljIae5
6C0MzOsv1DlEr0bN32hO59
2x2SotEkKozaFh6H1aVnOZ
7yN3SC7UYI1w2J2Ij3Btx3
2EQj53DBgjbGKeAmSu3ulE
38Ju3yhmM1asFXyWJn8fj4
6q7YBPFCO2lgSzXpf4UKvM
6V2sMppHFLOWzM1X1aT5VS
53vgUW1O3NhBBW8VwEi1fo
7Hs39LOJyhAGWLhmjYjGrK
1IZc5f9ulw7Ge2eOpQH7w6
28FJMlLUu9NHuwlZWFKDn7
2aaxYJ4w3oPwdkT1MHcMEr
0quGJukpao2TNHd0gIn1pd
3x7NGlfDKQYN2wnwEnL7r9
4aeeCpqf5hikdGnzwH8q0m
5eoZTdiq4C4aoEfUwAN0ha
21xou84xCn9aF4z2N5GzTK
7JO3WjcdBGL4hUM0cYweTJ
6SpLc7EXZIPpy0sVko0aoU
6SpLc7EXZIPpy0sVko0aoU
2fmCA13dwQQOGBIbIOWRiJ
1vrjcPplEuenckUzGGp2UR
1Zc937flmpWWggVeSHfibQ
5cz67Ot4ylOCmF8pRFHOr4
1q3RiD1tIWUpGsNFADMlvl
5Q4H1XkVHxQjnrHCUpS61d
7d0R90VzB45UWf3Aey0X22
2xG3FNv3pqFItlTOY8jhIi
0pDbrLNpDx7xY68z64QNcs
2lDKzmnLQo0bz9X8ClB5W1
5PxFv9yJEg9dxvbZggykro
6wjb6rlWb4P8NRcZpP17UJ
7KDfz5EnLXiPVgSOUWwpre
6TGapnqEUkkSBanKyn5qYy
1J5rHMEvQFpM07iLULi48A
5XijWLBY0vwl5MPUpQA2Ha
2KtS31kaWNHs12Q5B43Ixh
3fxvczs7NWmchicbR348EB
45nqiqofZWW4NHbXVCK3u6
4Dn01Bky5ldf7v0iaeO8zf
7oAwy1WGeju5TT9fIRXwAT
2fJxwz0aHPhSGiYt05UJsb
5IDxNMBR3cEXEx8vEidBV6
26jxcJ2O89Zfm5vneRzoVF
10ASBwZsp7oUUDsJEYz3uS
2vd4ULh4EXAeIyOoe9JZ30
0lmMtDQ2ElasKU2qDAE6NN
34Hdo1qNE9qyx3Pf1TsBbR
6VtcgrVYo2xfygcWAfRpd1
2k4yzd3YejgP3kqOo0FOnS
7eMpW9I1ZpVs6VQ90naDBh
5F0bmCjKUufNz1bHXfgRwe
47ojH5LeQhl1ZltSAHBEFF
7HuBDWi18s4aJM8UFnNheH
3aAoy02NwrmZcqXYYjqNh2
68jM3HGqCToav6bsNY2slc
4JTkG3w01gJFc4jePzBgxm
5pxGxR8ltHAluRyn9FSKOh
6ej9jEXBeQI7PTbx68KHfi
11BKm0j4eYoCPPpCONAVwA
5CNjT6OPPMGZ34ewbLUa8M
0TulhKiOq7BwamXlz2UoIN
3ZsexY07D4t4HRq7ogeSAS
59PsMhHnSaKgMP4PilFeRS
0VE4kBnHJUgtMf0dy6DRmW
2IO7yf562c1zLzpanal1DT
4XOVGSQjmxtSbt3pKk0Ouh
51FVn0j4WItN6OFKiqdM5j
66324Jt0mZdXaM7f8uUitE
4svZDCRz4cJoneBpjpx8DJ
6fuA28tFxMmsx7bmB1bsw4
4YsAIpME2xJ1YERIgmhnzc
7brQHA2CgQpcMBiOlfiXYb
1OppUXF0ZsVATRbEyHOTyA
2AzGhnXbYYlAl6sI61UySN
6wZ0H5BbKeiUAYUtxGVLuH
4u9Y4Z9i9VaAbBK7rW1Rha
4rjUf40fik39xEpsjbimn9
70oK6ePjILgOuBUzRDOfCR
15LzvCtoJWwsrTWJMWUTOv
0lmMtDQ2ElasKU2qDAE6NN
0hfByzDRgR10HDLqm89lA9
2x2SotEkKozaFh6H1aVnOZ
2D52zjCyqEIQa221lhw6uk
6zQyu8L8yUuJkl6LbQ6iKU
4K09SdQoXx5e3NDQKqNQai
4EaO2XR7gWaHq8DW7nu1iY
4vC4nKK6bk9pYEVOU4EIbA
3v1zpoKkRbm45lGXVzlSEH
1glJzSUiShhraXl8zjgD22
5wfy4RalC2K42QXlltpxJE
0XJDfLHO7C6b0GpjeB5mpu
3Yc3DI66pY5AVHmfgYQtZh
10N1an5e2CqmvHd2aGOENW
2tnk7NUXUCcX326HqfokB6
44BrW9G0DSu50xItRb1gFK
49rpdsNYJirTTf6p6mMvag
1P9KaqqxnvZrEMhJ0OYzt3
6xyiHZgrmXw7sMyYXbXjPV
1N7Aep1OewK9diaN9WbuuR
4hRz7rOTUet8jJpXgWvoXh
6Po2A4lsnVu0GrQ8Dy1nme
47ojH5LeQhl1ZltSAHBEFF
1vrjcPplEuenckUzGGp2UR
7GRTrWsP3yo2Fx8umJfA1X
45n89B7MNN3a9foP6w4Knz
0t806x0yTCvM81Rto5au96
2xu7bTUyvvJMBMi6JXvWAZ
3RHZzTT1RhYV6zicKUc4FM
2rmq49FcJ4U3wh1Z7C9UxE
49EzzHeEhScVZH8mh6Wu5a
4DOHVQDYfGVanYs31HXdlC
6OPoF9qiuV2dNfJ44w3X4M
73A0DxzMGDhVGsvHQSaaBq
56qU86VBC7i155RNNr4tNV
41d2Q6DHcM20OdzynkRtvf
7wr313wOAZNv210lS1wJUv
5K19S5sw856o8o12xMLlet
6YnzuikUWRlZbWr2jzMX6h
5mF5awNTdA3SYYSxRaE2X9
72mvdKU4Lw2737idPLKTjh
6GIrIt2M39wEGwjCQjGChX
2EQj53DBgjbGKeAmSu3ulE
1IF5UcqRO42D12vYwceOY6
55N0YHhO55Q1lWsc4dDPcI
1isQMKYmpvJ4tOP8R2qkWr
03V0oJOgi8ZJzbsUaw8bCt
4JTkG3w01gJFc4jePzBgxm
3A9Z3dOIYxbEZeKxBrfZ4A
71T7xF5wLbDRg76jxAwDqA
1MBooCxfco5WqDIpuxghAV
5M7y0vJBmG5TDmOIBN9run
40t2E0HHaaUTp0dolN4dNp
7qZdLKPA5TXDxpd10AGpf0
5dpDrUG52yI3s1AQRlaypA
5F0bmCjKUufNz1bHXfgRwe
7k9iVpyeR5ybSPSkvmAP6K
66hOCG7IpEJI5wfLDhajxD
7q096gH9G0OjuUduheqM4l
6dRAAG4sB71NAtVCHJep7s
5xXLJIDO6A1V8ihewo0ct2
6Eu31gddWw0gOGO506pJYA
3XLKFxQUnWWZxpxTWhVFiV
6OMO6WdRhSfjMPAiPT94wH
6SWHTMywuTXLFlMQ75cAuu
4hRz7rOTUet8jJpXgWvoXh
0tSzbyEYEdTOTeQLzOStBj
2x0WlnmfG39ZuDmstl9xfX
41haTXZwmW1lvgcs7pXzz8
3MpdgSxThlICp5LSsZejGf
6vgFg7pm9L4IafHB2sMMrw
2bDXmdP23tCK9uj8e2o3ya
0ZqqrBHeSeyZahfcyw9N8O
5PxFv9yJEg9dxvbZggykro
7KDfz5EnLXiPVgSOUWwpre
3ZsexY07D4t4HRq7ogeSAS
5zGrlUCEJy4yMZ5xuqxrr0
0XJDfLHO7C6b0GpjeB5mpu
6Po2A4lsnVu0GrQ8Dy1nme
6s8PRmROPJHlqZmu9Bbviz
0fBrOyJj7gEAyXevVq69xv
0M9tH4KucfznNiNiAspKvE
7d0R90VzB45UWf3Aey0X22
0quGJukpao2TNHd0gIn1pd
0c3fJd2HRi6uHWgTljIae5
7GZKme55JpmLq3alBDQm11
2IO7yf562c1zLzpanal1DT
7I7JbDv63ZJJsSi24DyJrz
7DTTn7aeCENliHGmsWkMFo
7KubeWC5zOcYOLTYxCtnYE
0l2p5mDOP3czJ2FpD6zWie
7E390nZTMqEbrNC1TmHd42
6yEtRJIe0jxNxk4QIGJZLv
4svZDCRz4cJoneBpjpx8DJ
0xAA90OfUjpnxCw4Rf162Q
6e13443Ve7RGcAUScTgYtl
7p7lNE4QGhtR3p4DokE0qP
5KzpujQBi135O4hH7mEAeK
2tnk7NUXUCcX326HqfokB6
7HuBDWi18s4aJM8UFnNheH
7BWRB2MRG3vtAlVCxEgp3r
2sRBmDqdHMbtqBIwyeSzyL
1IZc5f9ulw7Ge2eOpQH7w6
3XTXwcIu8tC9kwRFIfCIjT
0Eo4zOJR1KBAUpDsBwad09
7qi5puZCjr9HFhOSYTefJL
3Vi93V7o1tT28Cut4gSWi3
6EvmFI1bV10Rtank7f1uQW
4meriEBlFmPBsDUIjaracu
3HE50TVRquwXe9yv2HFoNL
5OndtwLGA9O6XHFcGm2H7r
1MSM3Fo2fvnwVqMcz8Jhjq
6VGKfZmYkkMsd2pij0jNiF
4AU7z13HYmPMetlWbq1mys
685zlleGxc9sPJea7jUoMW
58CMA5tAWWjc1Cs5nvWeqV
52h6tJhAz9MDyS8MSIDeIP
6zQyu8L8yUuJkl6LbQ6iKU
6tkDUCTp0PmHH9BRNCYaJJ
472mFdP6wkHO6xzKn5F4et
4Xv41B0BJRcMBJYpavNDfD
6TGapnqEUkkSBanKyn5qYy
0UUl3PYC5aSdKrYBkNrN6C
6V2sMppHFLOWzM1X1aT5VS
2csLe4BoU50n8TtzKQF5yB
19FXqaqxUJOwJu48mnlzhV
22UpngKULDhtzpFAOBhQbH
06LZcxlNSBZmYQGdgKTfzQ
3DrmwvpXcTdlSKfU1W62P3
3KH5aME71gFcHvReW54ew4
41d2Q6DHcM20OdzynkRtvf
1Himp3M7IH46qw2yBN1Fxy
5x2XIAdvFxWCwIOMNkbWUj
6LneorXqS0ZjqI94vskRAG
6JYSDX8HjA4pbltlO3eNVU
0l2p5mDOP3czJ2FpD6zWie
6Eu31gddWw0gOGO506pJYA
75kiQfmmuQwgquZ9RLSvuA
5dcYoYFAXh0f0qI05AoufB
7HSZigV3SjVlKrCfz2iR28
10N1an5e2CqmvHd2aGOENW
7AC71IU2WF38jDwOIZWWCV
4jUQuhSLehLJucHfos6vIg
07NxDD1iKCHbAldceD7QLP
2bDXmdP23tCK9uj8e2o3ya
2tnk7NUXUCcX326HqfokB6
4SBcigeyjtr4iUfnCYcCyr
5gWtkdgdyt5bZt9i6n3Kqd
21yRtB6B8EMounImAfHRCP
7I7JbDv63ZJJsSi24DyJrz
3SKzTIl9mW0DadTys9SFo3
7KDfz5EnLXiPVgSOUWwpre
1Ld6xFLeasVsD4wCzw2mGS
4hRz7rOTUet8jJpXgWvoXh
1uXdwIjrjtv0F7a6ASjCjZ
40t2E0HHaaUTp0dolN4dNp
66324Jt0mZdXaM7f8uUitE
7LqYqe7uhDc1pw9urRoGq6
6EvmFI1bV10Rtank7f1uQW
3DrmwvpXcTdlSKfU1W62P3
5YhAAlelWek228jZzxgEfr
05Z77MHLPcBA2Wd5eDSJzl
2uD8I1HjHOJQyyCqiUPNY4
6QZ8h3RqIgTRTo3hfaqryx
6OPoF9qiuV2dNfJ44w3X4M
6zQyu8L8yUuJkl6LbQ6iKU
6OMO6WdRhSfjMPAiPT94wH
3YjH3TIf5SOpFlnqlRdNAE
2TfSHkHiFO4gRztVIkggkE
2fJxwz0aHPhSGiYt05UJsb
277XsneDiv30dhONPCOmrF
1J5rHMEvQFpM07iLULi48A
7DDRPKLKFIvDbNSQmnz19Y
26jxcJ2O89Zfm5vneRzoVF
2AT8iROs4FQueDv2c8q2KE
1tPA4LC9D9AQpWeY4G8RVY
5PZ2cqh9Yem2g6cTSOLllz
6RtRxaZN5RMWFbeZW24oRx
7HSZigV3SjVlKrCfz2iR28
5OWZ4qbW7bYQTGIKRbSvxA
42ADpNS02UiRbRGyRYypFS
7brQHA2CgQpcMBiOlfiXYb
2ksxhKbBfirRHWXGuAi13E
2k4yzd3YejgP3kqOo0FOnS
4crempk25OrH2OZqarABqv
66uZIZ8Nz5OIuHUoLZK6X3
3f716CHeVeqmeYMxMpvTdc
1MSM3Fo2fvnwVqMcz8Jhjq
2MGpDu11Ute4wFJxaM7m0u
6S1j8iU5lQRq8vDwjfSmct
1vBuGoVoQOuKJwD1IoauoC
3TnBCSENi4nmOLeRjgWeJy
3fMxeVaHO93ENmGJtNwpfm
4PFKgfLT08mCfKlOAbqI0t
3x7NGlfDKQYN2wnwEnL7r9
45n89B7MNN3a9foP6w4Knz
0quGJukpao2TNHd0gIn1pd
3ENaHanzpi9ZamW12r1Sx5
10N1an5e2CqmvHd2aGOENW
5XzG45J0UnEmHuWtB3BRDH
6wZ0H5BbKeiUAYUtxGVLuH
6gSw5vz7dcafda23VqMrnl
7vBBL9qR7sgvb0vD04iLTk
0XJDfLHO7C6b0GpjeB5mpu
4hRz7rOTUet8jJpXgWvoXh
4JXfNOePhdgMOI7KZ1L25U
685zlleGxc9sPJea7jUoMW
69YhLoJzgjLcmNsp7G2z1z
60jI0JgMLLj1VggHJVhtRs
0ZqqrBHeSeyZahfcyw9N8O
4pcyWJiAvOwdVxn7xjhR0N
0kYUrLVQOfx21xuXu7OGrT
7i2DJ88J7jQ8K7zqFX2fW8
6PS9AdyOKTPwlDPfLzJ7Ow
6DSZz0nNfqP31uQEGGonfO
0YwD8CgP1H3PKEguLThzuu
40sRwFjfrRnaTdYPJIg4CP
3peHeqaa3c0bDIA3whCWR0
5aW4kes1vtZFKqfRiWUBbK
0fJZmiYSn8CaPwqktEkipX
6fODVIVjNDHTSzlEHSsCQt
5P3yUXUC9rZPJPNmYGKEAz
2osuq0i7ACgHUO2SmZhx2H
0BNNxZfJOS59Bip2dQGk2f
5FVd6KXrgO9B3JPmC8OPst
1rdxUkcQLJRQwocz7mWyo7
2IO7yf562c1zLzpanal1DT
7EJw4qOq9wtJw0FoU3GeBq
6uzuW7L1t1UhnzbfXwtMtQ
4cHwmGNGR4Tng8vbUypjfd
0lmMtDQ2ElasKU2qDAE6NN
4vTsOYAocjaslUONkx2YS3
2W6kVW3UZ3hwr4qbfCDp6B
0c2yZp1tTYAUiKraMdS8Yg
1uXdwIjrjtv0F7a6ASjCjZ
39yvhCgBmNrLf0m9lan0Ge
7y9iMe8SOB6z3NoHE2OfXl
2wroDH1nE0lZFjRyI6lIR6
32cHMjvOjmi9PsVdzDftR7
3iJmiaoZWzykf3Hl4IeYtI
6m8lYXz8JgRdZAL9HuoX9z
7h5vsnbygkp5EXbRgXQ77g
1P9KaqqxnvZrEMhJ0OYzt3
6V2sMppHFLOWzM1X1aT5VS
60ZGteAEtPCnGE6zevgUcd
0XJDfLHO7C6b0GpjeB5mpu
1kdSGyQyX0mxq75KSgcjic
6AH3IbS61PiabZYKVBqKAk
6AGQ7pKkcnc6RVjtARt1ph
4v1CvZazmdpxQLEt3sCeKH
4bzEnd93dLez0WJxsEoTca
7d0R90VzB45UWf3Aey0X22
0lP4HYLmvowOKdsQ7CVkuq
3DK6m7It6Pw857FcQftMds
0pDbrLNpDx7xY68z64QNcs
3B1J7b8R26vx3gB6nXk1xF
3Zwu2K0Qa5sT6teCCHPShP
0FV5UJ3aGray3oeNBpJ8oc
7KDfz5EnLXiPVgSOUWwpre
6xwak2gJxMwbLBEJVier7X
4M09hzV6E8LzzTmntny5g9
53AuxddsgPSlqM619nJhSd
6OPoF9qiuV2dNfJ44w3X4M
1VA05nvzaZJAUr8jDigJCL
2WSL8r5I9Qqt77gBdcgVrL
3xoQ3tTYJffg1xnxq6DUeX
5F0bmCjKUufNz1bHXfgRwe
7vOjTY220BqIttYDbwshED
64gbzSMPloO2SNBTk3PG3h
7G6tqGG8Z8Sv7OJ3u33VJd
7GZKme55JpmLq3alBDQm11
16MVSD0mGI4RMQT83Qzm69
3e0yTP5trHBBVvV32jwXqF
1MSM3Fo2fvnwVqMcz8Jhjq
4Sfa7hdVkqlM8UW5LsSY3F
618DIJLSOg5ffmXaFFRsnv
6CQILF6MIWOutZobpjbvhM
10N1an5e2CqmvHd2aGOENW
7KubeWC5zOcYOLTYxCtnYE
4crempk25OrH2OZqarABqv
2k4yzd3YejgP3kqOo0FOnS
04WFKaQNQcH23eezAMbPsH
7I7JbDv63ZJJsSi24DyJrz
0S294kmEPBV3AFQWAPefmc
4EaO2XR7gWaHq8DW7nu1iY
6Po2A4lsnVu0GrQ8Dy1nme
0l2p5mDOP3czJ2FpD6zWie
0lmMtDQ2ElasKU2qDAE6NN
6TGapnqEUkkSBanKyn5qYy
1rdxUkcQLJRQwocz7mWyo7
5K19S5sw856o8o12xMLlet
1P9KaqqxnvZrEMhJ0OYzt3
5MsZIaCYY6Tsdph0LiB0hE
5kjKiLCznooPWDQQGwuxo9
7aX861hKXbwELVDTml1b1o
4hRz7rOTUet8jJpXgWvoXh
5wQnmLuC1W7ATsArWACrgW
1iir1dMidSGRzbPMCCEtfX
6wZ0H5BbKeiUAYUtxGVLuH
6JjEVbuOBrlWwrAGuiRWHk
3EC4B8QG0trMZFHBbiDKVN
46bkeaB7DA45q7PdKWLFkR
4gHD93RNqEhEh2NkYzl3x6
49nmsafpkJp2lDj9b4jkxh
0XGV1bem5W9ICY2rgleryV
42Mm9OLPmKZaHlMUv93ZJu
0VE4kBnHJUgtMf0dy6DRmW
7FP4XIfMAXeDbwnqQ4Htnz
6q7YBPFCO2lgSzXpf4UKvM
2tnk7NUXUCcX326HqfokB6
5HS3ezh79hyQElwRl0nDXl
4yPST7G2hLaKRAQmrrCvMr
3ewKQAIFCLDk0mbhV0HjWE
1rdxUkcQLJRQwocz7mWyo7
5XijWLBY0vwl5MPUpQA2Ha
1vrjcPplEuenckUzGGp2UR
1uXdwIjrjtv0F7a6ASjCjZ
2jE3wqMD0Btzsf3cxr0FhO
3DK6m7It6Pw857FcQftMds
32cHMjvOjmi9PsVdzDftR7
5VL7pScLlKe4MbB8EAivgA
53ABeRAN6mqW67pQsks433
49rpdsNYJirTTf6p6mMvag
3SKzTIl9mW0DadTys9SFo3
4Kc1BGRuyicJaqIXi3Rysi
6l9AVZVrvHw5u4nL3HL9N0
26jxcJ2O89Zfm5vneRzoVF
7LqYqe7uhDc1pw9urRoGq6
41haTXZwmW1lvgcs7pXzz8
2bDXmdP23tCK9uj8e2o3ya
73A0DxzMGDhVGsvHQSaaBq
7xpKuPBSW0AF5pUeBg3y4E
3DrmwvpXcTdlSKfU1W62P3
685zlleGxc9sPJea7jUoMW
1IF5UcqRO42D12vYwceOY6
2TfSHkHiFO4gRztVIkggkE
0c2yZp1tTYAUiKraMdS8Yg
7HSZigV3SjVlKrCfz2iR28
4hRz7rOTUet8jJpXgWvoXh
2q2jR9QQKo3aaGX74nR0di
545ywpRjBzKhMjYv1Z6HIr
6rUp7v3l8yC4TKxAAR5Bmx
2W6kVW3UZ3hwr4qbfCDp6B
5PxFv9yJEg9dxvbZggykro
5HF5PRNJ8KGtbzNPPc93tG
4Dn01Bky5ldf7v0iaeO8zf
08gpoPLVHNAkvwyw76q9q7
1iir1dMidSGRzbPMCCEtfX
3HE50TVRquwXe9yv2HFoNL
4M9lfUgDeLHu1fL2ZxZSlu
1q3RiD1tIWUpGsNFADMlvl
0c3fJd2HRi6uHWgTljIae5
0Eo4zOJR1KBAUpDsBwad09
0quGJukpao2TNHd0gIn1pd
4OSbctVD37ycS0H3rwRm72
3D4Xkcir5YEhk8Xidkd1dL
2IO7yf562c1zLzpanal1DT
0Kq0HASdt3qXmTlZ6YoA3h
10ASBwZsp7oUUDsJEYz3uS
6U8fmOpFp0blrUEU5cypxl
3Effll2C7OnP2isgbVPJje
5XijWLBY0vwl5MPUpQA2Ha
2WCgqwPrWuDZ3Bu59kTQS7
66324Jt0mZdXaM7f8uUitE
7u93rCmIM9mBoT4mvfUBTZ
55N0YHhO55Q1lWsc4dDPcI
3SKzTIl9mW0DadTys9SFo3
3OG5wVO27N3HtdtxPLpPFt
0l2p5mDOP3czJ2FpD6zWie
6FT9FZccFD6nE8dMNslz2n
2xu7bTUyvvJMBMi6JXvWAZ
6luhvKibJJNM4P64RLNwgg
5RVuBrXVLptAEbGJdSDzL5
4tTzdneIuunKksESB71cws
6zQq3TrWnilO8SR1fgvTeD
2ppkGKabWsSgNV4fvOldQb
3e0yTP5trHBBVvV32jwXqF
07NxDD1iKCHbAldceD7QLP
4MejIW8mKeMMN2SIcJUVl5
7KubeWC5zOcYOLTYxCtnYE
1V8fHRK9qQeQqZWWfz9oNU
4rEJbUBGO3NRePefpCq8ME
2k4yzd3YejgP3kqOo0FOnS
0lmMtDQ2ElasKU2qDAE6NN
1ugNOYYl9X3obshdeCpgst
7HjNOz8Y7H7uSySXuHNg1Y
1s6ZeNCxTkbN0QgzsvK2SB
1MKUcXTBVS5QP49Es4wt7M
2WQn7Yvs728KZmmY6tgWqH
7KDfz5EnLXiPVgSOUWwpre
3MpdgSxThlICp5LSsZejGf
5HF5PRNJ8KGtbzNPPc93tG
5u1UM2AxTrHUasIQabY6z6
0faXHILILebCGnJBPU6KJJ
1r1WtSrPbAOYHE7zwq4eqK
7k9iVpyeR5ybSPSkvmAP6K
3imITUqEhkebNbOoS1yrWm
0Eo4zOJR1KBAUpDsBwad09
10eBRyImhfqVvkiVEGf0N0
6V2sMppHFLOWzM1X1aT5VS
46o5BKMiTWgBlRvyM0VGcA
4Bvwg6cdVpJOHRRUKZBDAp
08gpoPLVHNAkvwyw76q9q7
1Mr9qXTyndSkdDKu9nc37N
11EDhDAVDtGPoSar6ootYA
7FLQuyyCaIrBRqNt5l83U4
5wfy4RalC2K42QXlltpxJE
7rBJG1BewE3VE7NRbrOhFj
0tEqHOcQZm1m8prqqXYFSi
16oGsGvhNhTihlZAYLp2wm
3gBPhTsYDm9xtuOt4iFjMW
7brQHA2CgQpcMBiOlfiXYb
1P9KaqqxnvZrEMhJ0OYzt3
1s4Nc5XFspnFHEHLv92gak
2KtS31kaWNHs12Q5B43Ixh
0FV5UJ3aGray3oeNBpJ8oc
1IT0WQk5J8NsaeII8ktdlZ
23oxJmDc1V9uLUSmN2LIvx
4v1DBjXexqj9YCvGKOWEY1
2fF3XzFS37084kw9tgNA5i
1hxq7kWQnwdhxgpEugBMGk
6hNkAbTxNp5VYMZQuWfMxN
1uXdwIjrjtv0F7a6ASjCjZ
5u2FOoFhp495GIj5BJC77J
10N1an5e2CqmvHd2aGOENW
2RHZdRV29EsmqNQCJeMdS1
4YsAIpME2xJ1YERIgmhnzc
6gxupt6imt0qIdbE8e356n
6DTLxkODqriIxX6Q4d4bOC
7r2eKkZJOKHYDeAHbGxFuu
0qmmx55Ei3i75ViWcY6mEp
6Eu31gddWw0gOGO506pJYA
06LZcxlNSBZmYQGdgKTfzQ
0Mk46SuJRp3DrHczSlEfOt
6Nj4KN6aycPtBbgwHRUGvu
0XGV1bem5W9ICY2rgleryV
07NxDD1iKCHbAldceD7QLP
3oGDA2JKpAYTYadAzpP8RP
5aBknBm85rJp8fSWu2koV2
3JOdLCIBzQYwHIvpN3isVf
5heAk2X8BG2BUHGfR08pn3
4CilIy3dA3P9Tq2NFqKEOX
2IK9uwdBvGpxfdnfzbOOIr
26AuyrZGzWWiYZPSd3XBIg
0NTvHRakuujdGeObYQE2Ed
0slW7U1gWpQ9Dx2vWWp2ga
1IcEofBOoS01ouUsqdn8ke
6VLtWgW0USISy1aFuouqxA
0lmMtDQ2ElasKU2qDAE6NN
2CYIRuR9j73y9hU3OqUZEC
6S1j8iU5lQRq8vDwjfSmct
48h8MGKKzfMYOS38PpN2ii
31vZNE9IbY0JI0gRmaLAWr
1tPA4LC9D9AQpWeY4G8RVY
5MsZIaCYY6Tsdph0LiB0hE
6Po2A4lsnVu0GrQ8Dy1nme
1r1WtSrPbAOYHE7zwq4eqK
0fBrOyJj7gEAyXevVq69xv
1o2DMB5ZGoKV767eMx8bPf
0XJDfLHO7C6b0GpjeB5mpu
66wl9OJ8nRzRkXdTrAQCo7
4SBcigeyjtr4iUfnCYcCyr
2bDXmdP23tCK9uj8e2o3ya
5IDxNMBR3cEXEx8vEidBV6
3iJmiaoZWzykf3Hl4IeYtI
2jKsm3VTdsPtwbTyLgfPoo
7HSZigV3SjVlKrCfz2iR28
6PS9AdyOKTPwlDPfLzJ7Ow
1cWD3SRnt48gFWzqTC3pWM
5aEVumHjIBObFBfNLWTrUV
2fJxwz0aHPhSGiYt05UJsb
7oUjf3UvLJbRelKiDip47v
1wWAKPQWld6Jz37Jn3kr6R
2TfSHkHiFO4gRztVIkggkE
47ojH5LeQhl1ZltSAHBEFF
5PxFv9yJEg9dxvbZggykro
4JXfNOePhdgMOI7KZ1L25U
10N1an5e2CqmvHd2aGOENW
3kQKJx9hnlEpJRtusM9da0
2IO7yf562c1zLzpanal1DT
1wZy1qIk3qPVv33I9bALi6
04fI6E4QijP5XLehD6JSxu
0lmMtDQ2ElasKU2qDAE6NN
2xu7bTUyvvJMBMi6JXvWAZ
32cHMjvOjmi9PsVdzDftR7
0l2p5mDOP3czJ2FpD6zWie
2WCgqwPrWuDZ3Bu59kTQS7
0quGJukpao2TNHd0gIn1pd
1N54Dn1u4LmQOhRPIg9Rii
685zlleGxc9sPJea7jUoMW
3A9Z3dOIYxbEZeKxBrfZ4A
0hfByzDRgR10HDLqm89lA9
6QrJOT1gqRfLZ2GzJEsCMB
7vBBL9qR7sgvb0vD04iLTk
7wr313wOAZNv210lS1wJUv
573latfTMO7SpGtStVrQx5
73A0DxzMGDhVGsvHQSaaBq
7oO2hXd8ancgNouU8w3b1N
1isQMKYmpvJ4tOP8R2qkWr
747Ki1XZhdywdnrbip0Yak
1uXdwIjrjtv0F7a6ASjCjZ
66324Jt0mZdXaM7f8uUitE
5zGrlUCEJy4yMZ5xuqxrr0
7JO3WjcdBGL4hUM0cYweTJ
4R9thBcSgl4YXYr03OiHNh
6uzuW7L1t1UhnzbfXwtMtQ
1sbF0MByBydBugvIB3mc38
00PItOyvcikp3IK59z1Kqy
6U8fmOpFp0blrUEU5cypxl
0XJDfLHO7C6b0GpjeB5mpu
5cbpoIu3YjoOwbBDGUEp3P
1r1WtSrPbAOYHE7zwq4eqK
2nf8ohkhXTo5SRlcugeYBk
7p7lNE4QGhtR3p4DokE0qP
2ntfETKqm4Sl5TTGm8H2sG
57yL3161hUMuw06zzzUCHi
2wroDH1nE0lZFjRyI6lIR6
4bzEnd93dLez0WJxsEoTca
4U38hORPx8SsUAXGumsUYN
4YsAIpME2xJ1YERIgmhnzc
3iJmiaoZWzykf3Hl4IeYtI
4AyoAGuhE8gydBPrczuhbl
5xhHy5mpWsCkjo00LYRLSm
545ywpRjBzKhMjYv1Z6HIr
1rdxUkcQLJRQwocz7mWyo7
5ln5yQdUywVbf8HhFsOcd6
7ohqcy0MESjxurNED68okJ
2tnk7NUXUCcX326HqfokB6
66hOCG7IpEJI5wfLDhajxD
6gSw5vz7dcafda23VqMrnl
5LABCxgmP7DATATIJXOh6n
6QZ8h3RqIgTRTo3hfaqryx
3McsQb9vsF9snVh2ku101H
72mvdKU4Lw2737idPLKTjh
1vrjcPplEuenckUzGGp2UR
07VBqWH6NG8L2ad3l84UKk
3SKzTIl9mW0DadTys9SFo3
2jQiSYrwJehQAcuaaQrXnS
0quGJukpao2TNHd0gIn1pd
19FXqaqxUJOwJu48mnlzhV
38Ju3yhmM1asFXyWJn8fj4
3x7NGlfDKQYN2wnwEnL7r9
40t2E0HHaaUTp0dolN4dNp
5DutiJxznQmcV5a5a1zfRW
3EQBVWHnCv19VW8JSxiNzi
4EaO2XR7gWaHq8DW7nu1iY
747Ki1XZhdywdnrbip0Yak
6wZ0H5BbKeiUAYUtxGVLuH
6q7YBPFCO2lgSzXpf4UKvM
2Emp1jeBVCuh8jh2sZuISB
15IYFI3Mm58gOH7dLmKI3w
5u7R9MdyP69YJ1Di9LSKdl
1mB7dCUM7sPyNab6R43nlj
5u2FOoFhp495GIj5BJC77J
1P9KaqqxnvZrEMhJ0OYzt3
6OPoF9qiuV2dNfJ44w3X4M
4XaButfzRGK9aK8NN28Ie0
4UjZ7146nWTQFMl7SEs4Ve
5CNjT6OPPMGZ34ewbLUa8M
6ej9jEXBeQI7PTbx68KHfi
4Dn01Bky5ldf7v0iaeO8zf
5M7y0vJBmG5TDmOIBN9run
4prEPl61C8qZpeo3IkYSMl
2uEhFDZqAjzflscjStpmzd
3uQPPDnIaWxUH0W8xefsAw
0MURf0B20B0DnEfqDV3NMT
6tkDUCTp0PmHH9BRNCYaJJ
1DfMYfOizR8xiAiRPxXHyq
56sk7jBpZV0CD31G9hEU3b
56sk7jBpZV0CD31G9hEU3b
5XijWLBY0vwl5MPUpQA2Ha
3dP0pLbg9OfVwssDjp9aT0
3ewKQAIFCLDk0mbhV0HjWE
1Hi3Xq2CGIPNrxgEwc2DRv
6kjpm6cOnouNy4ct8eACRm
6HV8ufhj3yJZjM29wxBxrB
5PxFv9yJEg9dxvbZggykro
6V2sMppHFLOWzM1X1aT5VS
15LzvCtoJWwsrTWJMWUTOv
6fJvrluu2B9iibgnlwujyb
3pO37BXsjMC2wApALxGbuB
3jH8jVAWhw59adF6lRmsfn
3Lghc3O6IcU9PE6eUKb2Lm
2bDXmdP23tCK9uj8e2o3ya
1qzXn13hcfDCbE6jEatEHF
60ZGteAEtPCnGE6zevgUcd
55N0YHhO55Q1lWsc4dDPcI
1GwMQaZz6Au3QLDbjbMdme
3ek4HgBlmvkTWgfT5sTSe9
38Ju3yhmM1asFXyWJn8fj4
4aeeCpqf5hikdGnzwH8q0m
6DSZz0nNfqP31uQEGGonfO
7LJqd4TNAxM2ps2ahRtwDX
1BECwm5qkaBwlbfo4kpYx8
5ufOMPVpnpGNeMyGgOej68
2LYAG9jlH9rul11nalRxR0
2KtS31kaWNHs12Q5B43Ixh
1fTNpl2mxqHVlLqRNbyDhR
4hRz7rOTUet8jJpXgWvoXh
2zkXavDV9dw8uR0pfhsBt2
72clqVL2uP4VOyGSkJsE2E
6fuA28tFxMmsx7bmB1bsw4
2jQiSYrwJehQAcuaaQrXnS
3PRQC9GBolNfzBxjw5oMSm
2DgdHcjWmO3qd50RzuBLgZ
7zXfy6kN7tOn3jxNRX1jW1
4KhyGdJd7dMBX4APkbGwgx
2RgUp8wGi8bpELvHJpRDWD
3RHZzTT1RhYV6zicKUc4FM
4bPQs0PHn4xbipzdPfn6du
7vBBL9qR7sgvb0vD04iLTk
5fcWsUs0Au4IxrhWMFQAj3
0quGJukpao2TNHd0gIn1pd
2e4jB31WcGsxKL1ByqdZCq
2e8nVei4B3HyfE3sDEvfLN
1vrjcPplEuenckUzGGp2UR
6wZ0H5BbKeiUAYUtxGVLuH
2wRxT0oLnINBO3hPaivUnk
4WdopfTdSd0nCLropjhsgH
3JOdLCIBzQYwHIvpN3isVf
40t2E0HHaaUTp0dolN4dNp
5M7y0vJBmG5TDmOIBN9run
4nna9JONFIwr98bcX6tlta
1TnUURhehaoMWKAqQtirm6
3aAoy02NwrmZcqXYYjqNh2
0pDbrLNpDx7xY68z64QNcs
4kIsMXtFDPa1MqAxwErURx
5eoZTdiq4C4aoEfUwAN0ha
310BgC3S2W0Cl8w0OmyS3n
2tnk7NUXUCcX326HqfokB6
4BDnfINTlfJPmLp1UV6CXt
46o5BKMiTWgBlRvyM0VGcA
7HSZigV3SjVlKrCfz2iR28
4lKXjLzAV0Nxwln8MxHVtQ
6GZDAJCKNnB0IkMc5wIm8y
4lOavMadLCGAOJEvMJ5t4t
6uzuW7L1t1UhnzbfXwtMtQ
4hZ9MbRJoxzDhx5WJlnDIA
6dAj7di0SClcosyapzeH9r
4U38hORPx8SsUAXGumsUYN
2ZQJd2h0hBeawQhsLlYCNM
6wNeKPXF0RDKyvfKfri5hf
4wcGZDRkPVs5551WSYh4kQ
5EBvHC0SGFJDenBJafqOX4
6PsISpFaCEKwysPfwO9SfC
6gSw5vz7dcafda23VqMrnl
4yb3ikgJkgBNTSkGm2Lvhz
6PS9AdyOKTPwlDPfLzJ7Ow
5M1SWHde857vRxDgSpLQWy
5lmMoocYsTT0yRgfMSDizZ
4tTzdneIuunKksESB71cws
0ZEeEZnZ496lE6kN7bmSrp
2XFOuxF5xUZ00RaVfaIdw2
43JvUj6hkz8Q3nw2ryannK
0XGV1bem5W9ICY2rgleryV
2csLe4BoU50n8TtzKQF5yB
6zQyu8L8yUuJkl6LbQ6iKU
58Rsxk3Vz9zTPabF0sKR7u
2D52zjCyqEIQa221lhw6uk
5VL7pScLlKe4MbB8EAivgA
3OeQl1CTURzhwzd5R4KWrf
6xwak2gJxMwbLBEJVier7X
1RD8yca7e6hcA7aqpJiy7j
4VoSYq3aTp57jgrdNswzrd
4MDRUnlyLHkS1Sw0XQaRL3
29bONW7GKEq7ZDBqiQC2PV
2AVZJ4u8JOhcYBX5yHGdrX
41d2Q6DHcM20OdzynkRtvf
4JXfNOePhdgMOI7KZ1L25U
3LGdvbq2PppiC8ugVNZkwW
44TuSOP6xIAEeJmZsN3nXO
1P9KaqqxnvZrEMhJ0OYzt3
1r1WtSrPbAOYHE7zwq4eqK
1rdxUkcQLJRQwocz7mWyo7
4hRz7rOTUet8jJpXgWvoXh
5wfy4RalC2K42QXlltpxJE
1uXdwIjrjtv0F7a6ASjCjZ
2xu7bTUyvvJMBMi6JXvWAZ
5IDxNMBR3cEXEx8vEidBV6
7lRlq939cDG4SzWOF4VAnd
6uzuW7L1t1UhnzbfXwtMtQ
6wZ0H5BbKeiUAYUtxGVLuH
68jM3HGqCToav6bsNY2slc
1gyee1JuFFiP476LQpRMYU
7HSZigV3SjVlKrCfz2iR28
2TfSHkHiFO4gRztVIkggkE
42Mm9OLPmKZaHlMUv93ZJu
2fJxwz0aHPhSGiYt05UJsb
2tnk7NUXUCcX326HqfokB6
0Ot6e3wYVQQ1Us9PM977jE
3rG8ZkmKHb4Ms6CsSzEITv
7bhSQqbyUvFVfmXgkF028O
685zlleGxc9sPJea7jUoMW
2FwFj5GICnz2unUblnHhzD
0uXiPXt9xCdv8UpuDs063g
01mplomcij538GerEJaiFq
1iir1dMidSGRzbPMCCEtfX
2OYTFaOB4D1bWLXaT5mrfH
2ZnvQmwIjlI2gcfryPksn0
3MZrJIs7yVnvWc9VVipzxZ
1uiwlmWedlNpzAxDSRGqdK
3EQBVWHnCv19VW8JSxiNzi
2W6kVW3UZ3hwr4qbfCDp6B
4MJFDRNADdlvaSbBLVkJwx
0xCA70t1ZA4fa9UOE0lIJm
05qCCJQJiOwvPQBb7akf1R
3NDRBDMG35NYQcD2WumvI0
3EnD9mAbEHTFKDGjhZixBL
1VA05nvzaZJAUr8jDigJCL
0l2p5mDOP3czJ2FpD6zWie
5hQFMnhevSHPthl3neXPWP
5Hx06nPpKL3wAUcnJIgcLO
72yNrrIxDgaVpWbs4B2zm6
2v7iJcMoQcN40fK9XEb42q
0Eo4zOJR1KBAUpDsBwad09
1uMrc6mtKxqd5wLVzasmYA
0VE4kBnHJUgtMf0dy6DRmW
7vBBL9qR7sgvb0vD04iLTk
7DrjvBmNghqrDwQ7MDejDC
6MmtW3Oby17xQ970iTMU42
4JXfNOePhdgMOI7KZ1L25U
6E3ItNdSxlzpVfF30V5o3A
6uzuW7L1t1UhnzbfXwtMtQ
2aVAlLn2uez3xpcXxdiVek
7k9iVpyeR5ybSPSkvmAP6K
05mpS2M6bbeobLq8Szib2z
6DTLxkODqriIxX6Q4d4bOC
2MPwuAYCGBaB2R4t2NxJR7
6jvyeZdt3lFCwFosGQb5jq
6OPoF9qiuV2dNfJ44w3X4M
6BBuny7qOcQ1HEWLVABgHI
53c9tTEHXWL5GkYNalbXZ3
0L4YCNRfXAoTvdpWeH2RGj
5dcYoYFAXh0f0qI05AoufB
5Y4TZqAsa8SGFejahmKaP6
6VGKfZmYkkMsd2pij0jNiF
5Sou3SFgfzanO0znRYlG9R
2jQiSYrwJehQAcuaaQrXnS
318EGw5ZZB8U5MdMWQwxZQ
7KDfz5EnLXiPVgSOUWwpre
4fHaIpkK1Drb3L2uqbguL0
3ek4HgBlmvkTWgfT5sTSe9
6KUyfQ0plIea8MjoaaI7Fh
6TGapnqEUkkSBanKyn5qYy
3tCXkho2JrhnYygrSMgKyH
2fJxwz0aHPhSGiYt05UJsb
0UppcuBB46s0rTeLpf5Moy
5XijWLBY0vwl5MPUpQA2Ha
2Tuc96S4JToUiQSLW3aMec
3wXEcx1fPzVkBypaxWKeWG
6YVadNdtPx7g45KRAwgQbC
6e13443Ve7RGcAUScTgYtl
7N2DblLu8DuZ0seGYSg73v
60jI0JgMLLj1VggHJVhtRs
37OjMlwuUVWWmVKrV8CiUQ
7J8D1BVioYBaKFUnDAHTak
0FtD1ZukwCnuTfTNuwxrQM
2naCQzUdZSGcdVKwHOX7m2
2WCgqwPrWuDZ3Bu59kTQS7
3iJmiaoZWzykf3Hl4IeYtI
3zxbYdVqIVG7yuMtnGEpeN
5OU9pkK0wkHJMCOBVYafye
5v0uu0zKGiTwl0YJIqSlY9
3vITt13lN9mPIzoEFtQick
15LzvCtoJWwsrTWJMWUTOv
7p7lNE4QGhtR3p4DokE0qP
2nugajeEf9KNKXrpnzamLl
7jKdgYPDj6AxVU2wk9muN1
66324Jt0mZdXaM7f8uUitE
6rjtB7KSIiJ6v9vrACMlqF
6Nj4KN6aycPtBbgwHRUGvu
3jH8jVAWhw59adF6lRmsfn
2pwnEzgIzYL4AOw4ousjkB
0gZp88SA5OcujHLDGkxtI3
0XJDfLHO7C6b0GpjeB5mpu
2vesdp3VWtThIKeLdxHmFP
7i1WcWycZthlbU1nBKMWQx
2wRxT0oLnINBO3hPaivUnk
5JyBOy5rhElkYixpDpbPn6
2bDXmdP23tCK9uj8e2o3ya
1isQMKYmpvJ4tOP8R2qkWr
22VaN4GVKegAI5GqXyC4M7
0EXrEaS0MOWPfzyyAGWXMe
5gdQO1HV9QqkJQCPWq0DAI
5hcxUMmvcL66B1OqPPres2
7i2DJ88J7jQ8K7zqFX2fW8
0iSiv78I19i3JTeIpsdpPn
6abqOzUyMWBNzkUWN0Krcf
6GMcilaph0VhFnFm05TRNJ
5xqYosUgntU0KlUIGCIaBY
7FEK6qM3vmNW2c49PSANoQ
1dUU2RYiMZ9HCk6CB9Akup
72clqVL2uP4VOyGSkJsE2E
00PItOyvcikp3IK59z1Kqy
6A6fVwMJ6Lf0Pme9Ix58tz
3ZsexY07D4t4HRq7ogeSAS
6V2sMppHFLOWzM1X1aT5VS
30O9CIEN4wG2fBMdRVbZUJ
2arL1Kf2JBS7ms00JAz4w0
1uXdwIjrjtv0F7a6ASjCjZ
7ewT0nLFkMD8ONbRibePr9
685zlleGxc9sPJea7jUoMW
4hRz7rOTUet8jJpXgWvoXh
4hRz7rOTUet8jJpXgWvoXh
6oe2HcrgnNU66Eyq8BY45Z
7brQHA2CgQpcMBiOlfiXYb
7bbYT48HWWIbL3YKmtMNzn
3JkDhCmTQqMe2MJli79ZEz
5cRPdqpWkaNmIbPi6wJDg2
423FiDerFgzeEcqKEOmZ81
42Mm9OLPmKZaHlMUv93ZJu
7h5vsnbygkp5EXbRgXQ77g
4udYZwVxDeVvCsWcuS8x8E
4PM1qKAQA1J88o9Min8vrZ
1vrjcPplEuenckUzGGp2UR
40t2E0HHaaUTp0dolN4dNp
6wZ0H5BbKeiUAYUtxGVLuH
6TGapnqEUkkSBanKyn5qYy
10N1an5e2CqmvHd2aGOENW
5EbsXX8qzNSnD88ulWSXGW
5MsZIaCYY6Tsdph0LiB0hE
1WSsgYm4SHwO6oxLuw2DKc
2fJxwz0aHPhSGiYt05UJsb
7la8N6YLMUDAXl2iAEe9Sy
6VOWUjl7sumb6IpBPkjQat
21xou84xCn9aF4z2N5GzTK
0io4tlxpz7jk9PdrJwUOwW
5ufOMPVpnpGNeMyGgOej68
6U8fmOpFp0blrUEU5cypxl
7GZKme55JpmLq3alBDQm11
5PxFv9yJEg9dxvbZggykro
7y9iMe8SOB6z3NoHE2OfXl
0Tpc0c8WaTnbYsoWoJ06k2
0m448IpLItOzyAkVXbPjMi
7r2eKkZJOKHYDeAHbGxFuu
5rLi8B8qgk6qThwRnKHW2P
5x2XIAdvFxWCwIOMNkbWUj
3Yc3DI66pY5AVHmfgYQtZh
7HSZigV3SjVlKrCfz2iR28
4ObATYHHvXXlJJQ4rPKU2s
1q3RiD1tIWUpGsNFADMlvl
2bDXmdP23tCK9uj8e2o3ya
6lhCEiMe9Ai2e3mcgVC4ig
45nqiqofZWW4NHbXVCK3u6
5IDxNMBR3cEXEx8vEidBV6
56qU86VBC7i155RNNr4tNV
6Eu31gddWw0gOGO506pJYA
2IO7yf562c1zLzpanal1DT
3ti4eDm3s0dGWxQKeJ1OeM
66uZIZ8Nz5OIuHUoLZK6X3
0lP4HYLmvowOKdsQ7CVkuq
0ZqqrBHeSeyZahfcyw9N8O
4cqYUqmKMcb3q1tdImVpGW
68jM3HGqCToav6bsNY2slc
06LZcxlNSBZmYQGdgKTfzQ
0XJDfLHO7C6b0GpjeB5mpu
0c2yZp1tTYAUiKraMdS8Yg
6wZ0H5BbKeiUAYUtxGVLuH
0AFydkgl5Creero3gNjqvF
2tnk7NUXUCcX326HqfokB6
2QmSzgCfIzNn1DuAcGNYTR
10N1an5e2CqmvHd2aGOENW
6JSryEdVJTZq6YBn3wK2sn
1iir1dMidSGRzbPMCCEtfX
573latfTMO7SpGtStVrQx5
32cHMjvOjmi9PsVdzDftR7
2Tzezhu0K9xExOJ3QxugMI
6FQcdl2PzmsoXRF3F1flZ5
53AuxddsgPSlqM619nJhSd
53AuxddsgPSlqM619nJhSd
6xyiHZgrmXw7sMyYXbXjPV
77tR4iQgyQTAnhhuPik3ZP
0FV5UJ3aGray3oeNBpJ8oc
00PItOyvcikp3IK59z1Kqy
48VDUNpwQG7nGzRTG3CVw8
7wm3oxj0iRwmAamlUFudFH
0TulhKiOq7BwamXlz2UoIN
7oUjf3UvLJbRelKiDip47v
4SBm0w1nfqAihnxpdlyl7t
685zlleGxc9sPJea7jUoMW
4LC7cLQV7ngjfysS2yW0Vr
7AXqlgTPnuf4P2Vx57Pqdh
0hfByzDRgR10HDLqm89lA9
6OPoF9qiuV2dNfJ44w3X4M
0joO6IeobvKP3cDz8xZfWe
2arL1Kf2JBS7ms00JAz4w0
5FVd6KXrgO9B3JPmC8OPst
1HuIahUPUXCx7Kz4rgMXFU
6eKoWiHXVZxVVGP95q1gWb
4aY7ZDF7utUWLAMQxfUgBc
40t2E0HHaaUTp0dolN4dNp
0lP4HYLmvowOKdsQ7CVkuq
1q3RiD1tIWUpGsNFADMlvl
0faXHILILebCGnJBPU6KJJ
3gYmxPUPKfn0QqjsJfPU3e
1rdxUkcQLJRQwocz7mWyo7
2ntfETKqm4Sl5TTGm8H2sG
0gRfnPZiIPCMcqXzY6kF3H
3jH8jVAWhw59adF6lRmsfn
2Xt2ir0hgXtcfFlAx4rdu9
2ZQJd2h0hBeawQhsLlYCNM
2k4yzd3YejgP3kqOo0FOnS
2WQn7Yvs728KZmmY6tgWqH
5zGrlUCEJy4yMZ5xuqxrr0
0c2yZp1tTYAUiKraMdS8Yg
6GIrIt2M39wEGwjCQjGChX
7KBGSSpk34PRiBjM10YWwF
5ReDr4dEyZKhdmk28jH92R
3SKzTIl9mW0DadTys9SFo3
1ZWEsoqJSrtZA1qjlG02Hp
1taY3X7Ifq1989d6eI3raI
0lmMtDQ2ElasKU2qDAE6NN
2tnk7NUXUCcX326HqfokB6
6wZ0H5BbKeiUAYUtxGVLuH
2IO7yf562c1zLzpanal1DT
5MsZIaCYY6Tsdph0LiB0hE
41d2Q6DHcM20OdzynkRtvf
3k6BkFw0vPLgqy9uxIgHmm
1P9KaqqxnvZrEMhJ0OYzt3
1GwMQaZz6Au3QLDbjbMdme
0quGJukpao2TNHd0gIn1pd
3EC4B8QG0trMZFHBbiDKVN
6VOWUjl7sumb6IpBPkjQat
1dQQ2QlnvXUehsRUrukKmf
0lo60mboL0R4D84E1MayBV
2e8nVei4B3HyfE3sDEvfLN
7HuBDWi18s4aJM8UFnNheH
3Zwu2K0Qa5sT6teCCHPShP
72clqVL2uP4VOyGSkJsE2E
4nna9JONFIwr98bcX6tlta
05uGBKRCuePsf43Hfm0JwX
4bW6gwOOTkhBUyWTXSMvgh
6e9s42iBN7bt5QvCvFlVUs
0ZFBKLOZLIM16RAUb5eomN
0ZqqrBHeSeyZahfcyw9N8O
7k9iVpyeR5ybSPSkvmAP6K
3Yc3DI66pY5AVHmfgYQtZh
6s8PRmROPJHlqZmu9Bbviz
6OMO6WdRhSfjMPAiPT94wH
2k4yzd3YejgP3kqOo0FOnS
6EvmFI1bV10Rtank7f1uQW
62hWYjPL57rbUd5rhvI3Of
0XJDfLHO7C6b0GpjeB5mpu
2jE3wqMD0Btzsf3cxr0FhO
6xwak2gJxMwbLBEJVier7X
7p7lNE4QGhtR3p4DokE0qP
1hIGfKLGsymTR1As8QmJ2v
73A0DxzMGDhVGsvHQSaaBq
7KDfz5EnLXiPVgSOUWwpre
5QRq7LMDHVdCuIo1uys02H
4YsAIpME2xJ1YERIgmhnzc
3v2XiE8ztYHOsrjIBN4Xh2
5smLKfv8DYgPa2Av1lso5f
0lHSJ0ZP8uUPnJXhMdGjOK
2xu7bTUyvvJMBMi6JXvWAZ
3A9Z3dOIYxbEZeKxBrfZ4A
6hHpXo2XMMKR5lIfa19aLM
5F0bmCjKUufNz1bHXfgRwe
6Xo6taj3pa6TVHWGJqxo8o
29bONW7GKEq7ZDBqiQC2PV
4kb6pH28RIiSSVd2kfS1S0
4kIsMXtFDPa1MqAxwErURx
45n89B7MNN3a9foP6w4Knz
0p3YVGafB1214KOw5AokGv
0ChpoNjXfJPjMvCIN6so6J
6OPoF9qiuV2dNfJ44w3X4M
32bZDrurIGh2Cts0l2tRtL
0a7BloCiNzLDD9qSQHh5m7
3HO9WZQpMiOSi0Mx11plnk
7FP4XIfMAXeDbwnqQ4Htnz
7i1WcWycZthlbU1nBKMWQx
0lmMtDQ2ElasKU2qDAE6NN
7KDfz5EnLXiPVgSOUWwpre
6BBuny7qOcQ1HEWLVABgHI
6wjb6rlWb4P8NRcZpP17UJ
4RzjMVsoyIkPM2lMP7pSqI
1D1CxMWr0zPmyz17YziJMN
2nf8ohkhXTo5SRlcugeYBk
2lDKzmnLQo0bz9X8ClB5W1
6l9AVZVrvHw5u4nL3HL9N0
4udYZwVxDeVvCsWcuS8x8E
5zGrlUCEJy4yMZ5xuqxrr0
4EaO2XR7gWaHq8DW7nu1iY
6xyiHZgrmXw7sMyYXbXjPV
4HDomHEPLtyQC7oTbCI5Tm
4rx8uIKssxGV1S1lCZMgLc
6HV8ufhj3yJZjM29wxBxrB
2gYBLjehWb0RHAOZgb4jfu
6Po2A4lsnVu0GrQ8Dy1nme
3EQBVWHnCv19VW8JSxiNzi
2IO7yf562c1zLzpanal1DT
73A0DxzMGDhVGsvHQSaaBq
15IYFI3Mm58gOH7dLmKI3w
5cT07Un1M7AZMo2jHDn5HR
0Cx5QWilR60IyyUvGZQtDC
5TOYgNohZAFEPOtnchPhZS
3D4Xkcir5YEhk8Xidkd1dL
3jH8jVAWhw59adF6lRmsfn
0VE4kBnHJUgtMf0dy6DRmW
4hgBiDylraymrjMaIi7esb
7KubeWC5zOcYOLTYxCtnYE
6gSKswfcoWvaadqvuMF3Y7
64gbzSMPloO2SNBTk3PG3h
7oolFzHipTMg2nL7shhdz2
2tnk7NUXUCcX326HqfokB6
0ZGD86ANZoQT2tU57Y4gCE
6XBESVu7z0o2UTsCXLhbx9
43a41kwTMZClWCLTONiaqm
3dJj6o9o1fRgrojWjailuz
6bTItgrgyjcB0h2u4974Nk
5F0bmCjKUufNz1bHXfgRwe
4IWBM3QbriYkFLVrIBAHwx
4JxkeslKwbebhWIt1R50od
0JTQCx3XEw2h0m9LQQfFXj
4payoiaSRv250VgpYF7Qg4
4uhhWEMdoYAx6PTZNPsrSc
49nmsafpkJp2lDj9b4jkxh
2dua8jWJY9wZ0y5Y5I7bhG
1uXdwIjrjtv0F7a6ASjCjZ
2Xt2ir0hgXtcfFlAx4rdu9
1vrjcPplEuenckUzGGp2UR
2fJxwz0aHPhSGiYt05UJsb
0c2yZp1tTYAUiKraMdS8Yg
6GUCCArDBLL6aAe34E9ta3
0pDbrLNpDx7xY68z64QNcs
6J0xeqjdpsUH0W1YBCmD1L
3Zwu2K0Qa5sT6teCCHPShP
6MqVzYyReYtY0Sgw9alj5I
1P9KaqqxnvZrEMhJ0OYzt3
6YtEjJLXLVjNcnpyIHv0PT
4K09SdQoXx5e3NDQKqNQai
0l2p5mDOP3czJ2FpD6zWie
4F4skIPOcmPAEVQauG3GVB
4YBDSEzVNQbvCvVIWNtruF
2M98FO4fkGec4lzsafk8YY
4YsAIpME2xJ1YERIgmhnzc
0ZoZ5A9zDoTAMffQNvaPAC
7qZdLKPA5TXDxpd10AGpf0
6e9s42iBN7bt5QvCvFlVUs
0a7BloCiNzLDD9qSQHh5m7
15LzvCtoJWwsrTWJMWUTOv
1zPtOtrU0zaPQ48iOjflrN
3ZsexY07D4t4HRq7ogeSAS
4iFGlvOBa0dceomYmK4QJG
53AuxddsgPSlqM619nJhSd
2Vt71DAeWME8Hhjx3zpwSg
60jI0JgMLLj1VggHJVhtRs
1wWAKPQWld6Jz37Jn3kr6R
1Xx4drnEuAD3MAiBQip2vv
7d0R90VzB45UWf3Aey0X22
0r2vPIbVws8qESpX99Ii4H
747Ki1XZhdywdnrbip0Yak
6Po2A4lsnVu0GrQ8Dy1nme
2ZWlPOoWh0626oTaHrnl2a
2xu7bTUyvvJMBMi6JXvWAZ
0slW7U1gWpQ9Dx2vWWp2ga
7HuBDWi18s4aJM8UFnNheH
7GZKme55JpmLq3alBDQm11
2TfSHkHiFO4gRztVIkggkE
27pdYORBXUxj1ycvjtMbdl
3dNjUFt6EFU4Gq6Q5vfJqf
4svZDCRz4cJoneBpjpx8DJ
4EaO2XR7gWaHq8DW7nu1iY
40t2E0HHaaUTp0dolN4dNp
6Rp79bGrzD8cWUGE1eiL8s
0XJDfLHO7C6b0GpjeB5mpu
7th29u6DX01vM4KJlIBr1T
2tnk7NUXUCcX326HqfokB6
3aAoy02NwrmZcqXYYjqNh2
4wcGZDRkPVs5551WSYh4kQ
7KDfz5EnLXiPVgSOUWwpre
6xyiHZgrmXw7sMyYXbXjPV
6VOWUjl7sumb6IpBPkjQat
1isQMKYmpvJ4tOP8R2qkWr
10eBRyImhfqVvkiVEGf0N0
10N1an5e2CqmvHd2aGOENW
5A7huLw8Qn7hS88xZSEY7A
2MvvoeRt8NcOXWESkxWn3g
1taY3X7Ifq1989d6eI3raI
0faXHILILebCGnJBPU6KJJ
2IO7yf562c1zLzpanal1DT
2OsB5mygafbQxTwznXC0eP
2W6kVW3UZ3hwr4qbfCDp6B
2YPPzWskCJ0tOqPQp6oZYI
23oxJmDc1V9uLUSmN2LIvx
5efvxYn0J1q8iuIZBqpDD7
0XGV1bem5W9ICY2rgleryV
6tLEYkMGG4mEIwmOMf86rk
0VE4kBnHJUgtMf0dy6DRmW
1AnesEZjtNHT7Nr2Y4BuNR
3OeQl1CTURzhwzd5R4KWrf
6NaBDHz9C7Uz9Z9CwLXQin
6CtQPDyoRJgvUZ2FvzwnCO
3525g8DbqIDMN3lpB1AIeB
0CD1Hybzpwc9Av6iRI2xjr
5GTHHga6jQFm8sdMaMDXmV
22UpngKULDhtzpFAOBhQbH
3GeLiXvn9nriUnoqHKRQpm
0vSVEiRPamcQhrEAtYA7kv
2lVLgsRENLhr7lCq88udyX
6xwak2gJxMwbLBEJVier7X
0hfByzDRgR10HDLqm89lA9
6olUplztLFFfU7fMYmFXOP
46bkeaB7DA45q7PdKWLFkR
1GwMQaZz6Au3QLDbjbMdme
0lP4HYLmvowOKdsQ7CVkuq
3HE50TVRquwXe9yv2HFoNL
2peCf2iIw6pI3VEUFHu0q8
3Zwu2K0Qa5sT6teCCHPShP
1hxq7kWQnwdhxgpEugBMGk
6nF6vVBsbbDVBezCW8y96B
5ufOMPVpnpGNeMyGgOej68
0AHJTnZiaOO4FhTJZxNQ9j
78SAVldsO3Xzm2R2Ko6E66
2dua8jWJY9wZ0y5Y5I7bhG
6YtEjJLXLVjNcnpyIHv0PT
0FtD1ZukwCnuTfTNuwxrQM
7hDVYcQq6MxkdJGweuCtl9
1dUU2RYiMZ9HCk6CB9Akup
47X05BeG3As4LBJpFIXF0w
53AuxddsgPSlqM619nJhSd
3OXpdrHLT4IqM76RajgM6Q
6Eu31gddWw0gOGO506pJYA
6FT9FZccFD6nE8dMNslz2n
7k9iVpyeR5ybSPSkvmAP6K
7aX861hKXbwELVDTml1b1o
0M9tH4KucfznNiNiAspKvE
0XJDfLHO7C6b0GpjeB5mpu
66huBJ9AKGOV4H4C71crGh
4syiZWzr8WdvZjxfXgHbhi
5EbsXX8qzNSnD88ulWSXGW
2bDXmdP23tCK9uj8e2o3ya
7h5vsnbygkp5EXbRgXQ77g
1cWD3SRnt48gFWzqTC3pWM
6e13443Ve7RGcAUScTgYtl
7JoGKrDZdGhJyB4WSfE2qp
00WVclSOdTPuLYTott68Wl
1kdSGyQyX0mxq75KSgcjic
3Effll2C7OnP2isgbVPJje
414cgi5zHa5aXFAndH3jGY
2MGpDu11Ute4wFJxaM7m0u
72OSgC3GVZyF0BNdKvfReq
1wZy1qIk3qPVv33I9bALi6
3MpwmYhbhZxMv1GNm1Db0K
7i2DJ88J7jQ8K7zqFX2fW8
6XBESVu7z0o2UTsCXLhbx9
1bhpub6BolgKXDD7iMkYTZ
3juYpxT24FwoyiOIRZB3EU
0XInxkp4Jlv9VnaKsZn9Qq
6TGapnqEUkkSBanKyn5qYy
2lB570emjrSEu8yti6irfE
1MSM3Fo2fvnwVqMcz8Jhjq
1vBuGoVoQOuKJwD1IoauoC
7ocgDirodCb5CaBkWkRlt2
6Po2A4lsnVu0GrQ8Dy1nme
2gTXHAdDkCTGT9paqmgzEB
1vrjcPplEuenckUzGGp2UR
1P9KaqqxnvZrEMhJ0OYzt3
0FV5UJ3aGray3oeNBpJ8oc
5zGrlUCEJy4yMZ5xuqxrr0
277XsneDiv30dhONPCOmrF
4vC4nKK6bk9pYEVOU4EIbA
3asFGFY3uLjMDmML1p0tYm
1uXdwIjrjtv0F7a6ASjCjZ
4bzEnd93dLez0WJxsEoTca
6zQyu8L8yUuJkl6LbQ6iKU
7d0R90VzB45UWf3Aey0X22
099NgYQditsnMhePFr61Fl
6HDBZFpozQsnYZ88ic250y
1iyYqtHB4w5Jl2BGx71emK
36dfGEKTGHxLmdNIYr0VTi
2fJxwz0aHPhSGiYt05UJsb
41P2Wi4vVI8hXxz5St5a4J
3KgIZWuC7JJOgkcGeAWbZg
7p7lNE4QGhtR3p4DokE0qP
15LzvCtoJWwsrTWJMWUTOv
1oagRT7LfpVlNJN6FSZDGp
3SKzTIl9mW0DadTys9SFo3
7r9beLH5ona6xH2JMxwUyk
0HdCS69MAebMTmfh0p9mqO
6LneorXqS0ZjqI94vskRAG
06LZcxlNSBZmYQGdgKTfzQ
5kXsUxYZbRJ58plUgjQp3r
6FOWzfUUvKryjmmUjSu1pX
53AuxddsgPSlqM619nJhSd
5sT96LADlH5rf3PN38tSrH
7KDfz5EnLXiPVgSOUWwpre
3Vi93V7o1tT28Cut4gSWi3
4YBDSEzVNQbvCvVIWNtruF
6VOWUjl7sumb6IpBPkjQat
0faXHILILebCGnJBPU6KJJ
7oFLIwPHL5gLtde7ukFvsX
7k9iVpyeR5ybSPSkvmAP6K
2QmSzgCfIzNn1DuAcGNYTR
6TGapnqEUkkSBanKyn5qYy
1iir1dMidSGRzbPMCCEtfX
0pDbrLNpDx7xY68z64QNcs
55UbOm5dqtQq9Va1nZkpXv
7oK9VyNzrYvRFo7nQEYkWN
27O9FuS1UIm6ZyLplgLQAH
6xwak2gJxMwbLBEJVier7X
0XJDfLHO7C6b0GpjeB5mpu
07vuetHLvR9ezVRq0cJfJn
7ttVZD2510CE1pXJPJp0OQ
3A9Z3dOIYxbEZeKxBrfZ4A
2D52zjCyqEIQa221lhw6uk
73A0DxzMGDhVGsvHQSaaBq
7h5vsnbygkp5EXbRgXQ77g
7KC3BSniVDfKMD8YLKmOrf
5lmMoocYsTT0yRgfMSDizZ
3fo6DYGktjENCiagUeU9yH
1rdxUkcQLJRQwocz7mWyo7
3ti4eDm3s0dGWxQKeJ1OeM
7Gdn9GjADywM5Ob1zLALRn
5x2XIAdvFxWCwIOMNkbWUj
66AF0BZlpDBbPNNhFT9rv7
0VE4kBnHJUgtMf0dy6DRmW
685zlleGxc9sPJea7jUoMW
6luhvKibJJNM4P64RLNwgg
0aSV6lD1MoTtncciotsdaB
0jgxLORpTXdq6kGrr7aBAk
5zGrlUCEJy4yMZ5xuqxrr0
4hRz7rOTUet8jJpXgWvoXh
0uCsdKSKl5lP3yI34fwF2X
7GZKme55JpmLq3alBDQm11
7KDfz5EnLXiPVgSOUWwpre
4DpNNXFMMxQEKl7r0ykkWA
5PxFv9yJEg9dxvbZggykro
2AVZJ4u8JOhcYBX5yHGdrX
472mFdP6wkHO6xzKn5F4et
05Z77MHLPcBA2Wd5eDSJzl
2WCgqwPrWuDZ3Bu59kTQS7
4uYifdjvuoOXKSvL1p7o5S
66hOCG7IpEJI5wfLDhajxD
6NAmbftWAovcMCnJzDCFsU
2AzGhnXbYYlAl6sI61UySN
2tnk7NUXUCcX326HqfokB6
1r1WtSrPbAOYHE7zwq4eqK
0CwYG1UnRmOx8Q1EzElCIL
66uZIZ8Nz5OIuHUoLZK6X3
7d0R90VzB45UWf3Aey0X22
0c2yZp1tTYAUiKraMdS8Yg
4HvlcGls9DdUmZyirH3FGh
6wZ0H5BbKeiUAYUtxGVLuH
5aEVumHjIBObFBfNLWTrUV
3ek4HgBlmvkTWgfT5sTSe9
0CpxIwmIOKHOIgxupmRMNx
5F0bmCjKUufNz1bHXfgRwe
40t2E0HHaaUTp0dolN4dNp
0x9gHwkimsncnhKWigwQhX
1bDLMtY69Cx6inNN9kaYkk
7pDHM9huHHpRc9CrxZElsW
10pIIWp1LGrtoRpvwMGLHm
3FHxztMm05aMkRvfozbapQ
1OYOLWqKmhkFIx2KC9ek1a
7HSZigV3SjVlKrCfz2iR28
7oK9VyNzrYvRFo7nQEYkWN
1iir1dMidSGRzbPMCCEtfX
4YBDSEzVNQbvCvVIWNtruF
1hIGfKLGsymTR1As8QmJ2v
49rpdsNYJirTTf6p6mMvag
7oFLIwPHL5gLtde7ukFvsX
0slW7U1gWpQ9Dx2vWWp2ga
0VE4kBnHJUgtMf0dy6DRmW
3X3mfRMRaPJRiIMDMQtSkd
6O8R2qdAXWvSlUjE7A0mwa
6xwak2gJxMwbLBEJVier7X
3ge1ONdVWrYfdwJVIYiyYI
3DXJaOI3mI10QkPhRu3r2p
2e8nVei4B3HyfE3sDEvfLN
2W6kVW3UZ3hwr4qbfCDp6B
3xpdefOloYCBXd3UR6MVyM
10N1an5e2CqmvHd2aGOENW
6TGapnqEUkkSBanKyn5qYy
5EBvHC0SGFJDenBJafqOX4
73A0DxzMGDhVGsvHQSaaBq
6hKpIzJWHQduwojjkWG8zt
4lNADt6V7Esga2LvyiGiBJ
2RHZdRV29EsmqNQCJeMdS1
4JxkeslKwbebhWIt1R50od
7DTTn7aeCENliHGmsWkMFo
2Tuc96S4JToUiQSLW3aMec
0l2p5mDOP3czJ2FpD6zWie
4U38hORPx8SsUAXGumsUYN
2osuq0i7ACgHUO2SmZhx2H
3kZC0ZmFWrEHdUCmUqlvgZ
2wRxT0oLnINBO3hPaivUnk
7d0R90VzB45UWf3Aey0X22
6QZ8h3RqIgTRTo3hfaqryx
6Po0JDs8vPuZOCF7RLbtUE
6Rp79bGrzD8cWUGE1eiL8s
6LneorXqS0ZjqI94vskRAG
5zUCUKp6zPDHDYpp9PQHjE
1isQMKYmpvJ4tOP8R2qkWr
7k9iVpyeR5ybSPSkvmAP6K
2nyYqcbpykW4LJ3yxMq3h0
3EC4B8QG0trMZFHBbiDKVN
6fODVIVjNDHTSzlEHSsCQt
7KubeWC5zOcYOLTYxCtnYE
2lDKzmnLQo0bz9X8ClB5W1
1bDLMtY69Cx6inNN9kaYkk
6rUp7v3l8yC4TKxAAR5Bmx
66huBJ9AKGOV4H4C71crGh
2fJxwz0aHPhSGiYt05UJsb
4c2fc8jAa5qsCXPZQEshaE
1qUd1RxI5NHBhNYnbsbf1d
3DrmwvpXcTdlSKfU1W62P3
3BiWSo1MJvdywIBcBpNZ9e
1fIm36JnN98RjcvCqOSQkp
74lfGn1j0rBJ3YqR2mo4oU
3K1tdhoeE6koNnWgAxEK9Y
4u9Y4Z9i9VaAbBK7rW1Rha
7s0lDK7y3XLmI7tcsRAbW0
0VE4kBnHJUgtMf0dy6DRmW
39yvhCgBmNrLf0m9lan0Ge
5K19S5sw856o8o12xMLlet
73A0DxzMGDhVGsvHQSaaBq
1cWD3SRnt48gFWzqTC3pWM
3SKzTIl9mW0DadTys9SFo3
1IF5UcqRO42D12vYwceOY6
5aIxd1ImjTeE92h3jvZs9B
5PxFv9yJEg9dxvbZggykro
53AuxddsgPSlqM619nJhSd
7vBBL9qR7sgvb0vD04iLTk
0FV5UJ3aGray3oeNBpJ8oc
3f716CHeVeqmeYMxMpvTdc
5gWtkdgdyt5bZt9i6n3Kqd
5M1SWHde857vRxDgSpLQWy
05Z77MHLPcBA2Wd5eDSJzl
0slW7U1gWpQ9Dx2vWWp2ga
5PZ2cqh9Yem2g6cTSOLllz
7ezqQc9fdjV2YNbBIQNAUz
50eINtnDTBW54Obn9JjnAN
0aftx7farzLcVMxE6AIFXv
7oUjf3UvLJbRelKiDip47v
6xwak2gJxMwbLBEJVier7X
4EaO2XR7gWaHq8DW7nu1iY
1jFeem4fXdC28xQNxBjaX4
5ULnqRZbTUHTnPRUuKmufl
41d2Q6DHcM20OdzynkRtvf
2vd4ULh4EXAeIyOoe9JZ30
1hIGfKLGsymTR1As8QmJ2v
29kJ0JenZ8QsEzw12RYIdc
3pxCXv0NACYfYnLjFcQW5D
5xhHy5mpWsCkjo00LYRLSm
4WXFDVe299Po8ih6Np54n2
06LZcxlNSBZmYQGdgKTfzQ
7JoGKrDZdGhJyB4WSfE2qp
5AnVuHLmgipXkFmBvj2Q6H
6YKh2R2sBIO5R5uHBJrX07
4vG2vtpzK05uFwi1ozBBUZ
2ZnvQmwIjlI2gcfryPksn0
6J2uJMGTFuZ97XZEgdLvBp
6GrrkiCRO3HYdgRpO4eKEL
1V8fHRK9qQeQqZWWfz9oNU
2jE3wqMD0Btzsf3cxr0FhO
54C4TfHY00UYEnhMaYgfqZ
3NRhy4mzDwQc6IgPwyQM1x
7CKLZEwboCy2juXMLsAHFt
7ougGsLXXBTJU13WFOE6W7
2iEiNnKtDbbRLDGMmtft19
52w6Tel3kqVMA0uvKXtkaO
0S294kmEPBV3AFQWAPefmc
2WCgqwPrWuDZ3Bu59kTQS7
5kutbkxgxSZywKeeKIfpEM
2tnk7NUXUCcX326HqfokB6
4MejIW8mKeMMN2SIcJUVl5
0pDbrLNpDx7xY68z64QNcs
6uzuW7L1t1UhnzbfXwtMtQ
7BompKjzVMRDRcdlxkzBly
2fJxwz0aHPhSGiYt05UJsb
6GaukQvSz54KLsgKq44Ffi
7zXfy6kN7tOn3jxNRX1jW1
0FV5UJ3aGray3oeNBpJ8oc
1Hi3Xq2CGIPNrxgEwc2DRv
7HSZigV3SjVlKrCfz2iR28
79NlESqzFSW0hdBWgls4FX
4Sfa7hdVkqlM8UW5LsSY3F
2M98FO4fkGec4lzsafk8YY
1L5xqXPNTA7s1nkzgJX0xU
4Xv41B0BJRcMBJYpavNDfD
0LWLXfASZbIohWh4knXhRs
4prEPl61C8qZpeo3IkYSMl
6hHpXo2XMMKR5lIfa19aLM
49rpdsNYJirTTf6p6mMvag
5PxFv9yJEg9dxvbZggykro
3K1tdhoeE6koNnWgAxEK9Y
3p8C2MNIdbRfewXzGwdMOw
3YQ96qkxiEwTLwgu2Izcmq
7EmFrlxatnA6ZmOD0449iq
0c2yZp1tTYAUiKraMdS8Yg
3XTXwcIu8tC9kwRFIfCIjT
0Fd8vc1IdwxIRVk4fHyhOH
0RDnTsZgzlkSMogqYWvBqm
1AxdkK4JqNuo9wNeqgD24Q
1Himp3M7IH46qw2yBN1Fxy
61KzdDjzvKmbj9JZlVnLwI
42Mm9OLPmKZaHlMUv93ZJu
1uXdwIjrjtv0F7a6ASjCjZ
2jE3wqMD0Btzsf3cxr0FhO
6ys83SIPyKmPg8nuZzbkm7
37vqbjwZ6l92SDwzPlJW9m
10eBRyImhfqVvkiVEGf0N0
10N1an5e2CqmvHd2aGOENW
2D52zjCyqEIQa221lhw6uk
7Gdn9GjADywM5Ob1zLALRn
5s8773gb8SaWYrZn2mY6Sw
1AnesEZjtNHT7Nr2Y4BuNR
1Q2fYlSdwuutWj3QplhY9q
1Q2fYlSdwuutWj3QplhY9q
6wZ0H5BbKeiUAYUtxGVLuH
2IO7yf562c1zLzpanal1DT
3DrmwvpXcTdlSKfU1W62P3
53AuxddsgPSlqM619nJhSd
1GwMQaZz6Au3QLDbjbMdme
6EvmFI1bV10Rtank7f1uQW
5EBvHC0SGFJDenBJafqOX4
2k4yzd3YejgP3kqOo0FOnS
5lmMoocYsTT0yRgfMSDizZ
6SpLc7EXZIPpy0sVko0aoU
19FXqaqxUJOwJu48mnlzhV
5x2XIAdvFxWCwIOMNkbWUj
4bW6gwOOTkhBUyWTXSMvgh
1dpXikU9kSyxm1mKulwHws
2TfSHkHiFO4gRztVIkggkE
7KDfz5EnLXiPVgSOUWwpre
5dcYoYFAXh0f0qI05AoufB
5IDxNMBR3cEXEx8vEidBV6
10Lu5P0waAD6jc9u9HycU0
3peHeqaa3c0bDIA3whCWR0
3iJmiaoZWzykf3Hl4IeYtI
2jQiSYrwJehQAcuaaQrXnS
3Effll2C7OnP2isgbVPJje
3zLULv2kscwiNzIW2nu1ur
3SKzTIl9mW0DadTys9SFo3
03mvP1GIyGxsdw580Iu9OC
2ODVmDLAqFebH41ppZ97Gz
6hNkAbTxNp5VYMZQuWfMxN
6cRXFhZwfCoqWrmqEeKmeS
2RHZdRV29EsmqNQCJeMdS1
7r2eKkZJOKHYDeAHbGxFuu
0a7BloCiNzLDD9qSQHh5m7
2WCgqwPrWuDZ3Bu59kTQS7
1LUIyuMcfnCPW9THXQ18r5
41haTXZwmW1lvgcs7pXzz8
32cHMjvOjmi9PsVdzDftR7
6lhCEiMe9Ai2e3mcgVC4ig
2W6kVW3UZ3hwr4qbfCDp6B
0quGJukpao2TNHd0gIn1pd
7AT8Sv5d4KMk7WLqd53ME6
4JXfNOePhdgMOI7KZ1L25U
2ZqTtndqAZDRAWw2vgZwQK
1P9KaqqxnvZrEMhJ0OYzt3
6hv6d8YnlBPuSnueUjxXny
4JxkeslKwbebhWIt1R50od
2WWP0IPX9xFjAMraNHX390
49rpdsNYJirTTf6p6mMvag
3KH5aME71gFcHvReW54ew4
0pDbrLNpDx7xY68z64QNcs
2xu7bTUyvvJMBMi6JXvWAZ
6ZfPmIbwzz6fopTNwAJTPs
2ZWlPOoWh0626oTaHrnl2a
0hfByzDRgR10HDLqm89lA9
6wZ0H5BbKeiUAYUtxGVLuH
6uzuW7L1t1UhnzbfXwtMtQ
1isQMKYmpvJ4tOP8R2qkWr
6Po2A4lsnVu0GrQ8Dy1nme
6XEPmHllDGDaO4w84Xjtgi
3IiMnjK7S2PlsPVMuAH7rU
46Kcradxrva9Dny4lHU1b3
7aX861hKXbwELVDTml1b1o
7FLQuyyCaIrBRqNt5l83U4
4u9Y4Z9i9VaAbBK7rW1Rha
685zlleGxc9sPJea7jUoMW
3Zwu2K0Qa5sT6teCCHPShP
6V2sMppHFLOWzM1X1aT5VS
6hHpXo2XMMKR5lIfa19aLM
3SKzTIl9mW0DadTys9SFo3
0lP4HYLmvowOKdsQ7CVkuq
7d0R90VzB45UWf3Aey0X22
1DNdiVa4a9dNrC41VEJBtd
3CzOoYfw7mj5jMHGsJp9TG
27O9FuS1UIm6ZyLplgLQAH
3ek4HgBlmvkTWgfT5sTSe9
5MsZIaCYY6Tsdph0LiB0hE
10N1an5e2CqmvHd2aGOENW
2D52zjCyqEIQa221lhw6uk
3HE50TVRquwXe9yv2HFoNL
5XijWLBY0vwl5MPUpQA2Ha
2tnk7NUXUCcX326HqfokB6
7o7CXsKgDXhxbSMrqGVSd0
3GeLiXvn9nriUnoqHKRQpm
0ChpoNjXfJPjMvCIN6so6J
168wlfnWuhfvgfgeuz7vZO
7k9iVpyeR5ybSPSkvmAP6K
5lDriBxJd22IhOH9zTcFrV
2QulT0LDnhH7011gzjFvLS
60OKW0mZiPFHVpHl3eHueg
4fLTtg48X0QtKrj0Jv8I3v
4cqYUqmKMcb3q1tdImVpGW
1r1WtSrPbAOYHE7zwq4eqK
7HjNOz8Y7H7uSySXuHNg1Y
0GCufbFiW40zN0snR6ooXD
1FgFXxPsmUmiJMoJNi8idR
64gbzSMPloO2SNBTk3PG3h
40t2E0HHaaUTp0dolN4dNp
6AgtIN7FyBd4zJhZI7mrsz
0faXHILILebCGnJBPU6KJJ
7KDfz5EnLXiPVgSOUWwpre
4bzEnd93dLez0WJxsEoTca
3HO9WZQpMiOSi0Mx11plnk
7r2eKkZJOKHYDeAHbGxFuu
6xwak2gJxMwbLBEJVier7X
0VE4kBnHJUgtMf0dy6DRmW
6rUp7v3l8yC4TKxAAR5Bmx
5Dg2h1wsm7ZijCo0yLmbvR
1hIGfKLGsymTR1As8QmJ2v
542uQscW3ieB3lakhxBEQ3
0lmMtDQ2ElasKU2qDAE6NN
6hHpXo2XMMKR5lIfa19aLM
5xh7hbcju9JmOs975GVJ1p
685zlleGxc9sPJea7jUoMW
2jQiSYrwJehQAcuaaQrXnS
5zGrlUCEJy4yMZ5xuqxrr0
6e9s42iBN7bt5QvCvFlVUs
7I7JbDv63ZJJsSi24DyJrz
7oFLIwPHL5gLtde7ukFvsX
2k4yzd3YejgP3kqOo0FOnS
0MasamrXsb0AijqCKJvq27
28WP0jPuEdz4HTFLIhCzrd
2WWP0IPX9xFjAMraNHX390
6QZ8h3RqIgTRTo3hfaqryx
2VPjeDCsNEyoUXbEwphx1K
5EBvHC0SGFJDenBJafqOX4
5ikzUqSyy8XiZYvVQncA4n
6YtEjJLXLVjNcnpyIHv0PT
1P9KaqqxnvZrEMhJ0OYzt3
05Z77MHLPcBA2Wd5eDSJzl
2fJxwz0aHPhSGiYt05UJsb
2WCgqwPrWuDZ3Bu59kTQS7
6zQq3TrWnilO8SR1fgvTeD
2Xt2ir0hgXtcfFlAx4rdu9
5F0bmCjKUufNz1bHXfgRwe
6OPoF9qiuV2dNfJ44w3X4M
5ufOMPVpnpGNeMyGgOej68
5ufOMPVpnpGNeMyGgOej68
5x2XIAdvFxWCwIOMNkbWUj
6tLEYkMGG4mEIwmOMf86rk
0ZqqrBHeSeyZahfcyw9N8O
0M4tj5zmIrL4JpJUcE8D1F
2osuq0i7ACgHUO2SmZhx2H
3HO9WZQpMiOSi0Mx11plnk
6Po2A4lsnVu0GrQ8Dy1nme
0hfByzDRgR10HDLqm89lA9
40t2E0HHaaUTp0dolN4dNp
4hRz7rOTUet8jJpXgWvoXh
6xyiHZgrmXw7sMyYXbXjPV
1wEVPdLCsHbQnbshA4vNET
2tnk7NUXUCcX326HqfokB6
1isQMKYmpvJ4tOP8R2qkWr
6RAzcvz5NUB4hsMZXwp7iz
6q7YBPFCO2lgSzXpf4UKvM
04fI6E4QijP5XLehD6JSxu
2xu7bTUyvvJMBMi6JXvWAZ
5ODOI1L5b65QrDNBGVpRvJ
0jh2HyqarexLFrEyN1dpKp
6DTLxkODqriIxX6Q4d4bOC
2c2UTSuyPbEmxWyTOMwjON
06LZcxlNSBZmYQGdgKTfzQ
0XJDfLHO7C6b0GpjeB5mpu
3pO37BXsjMC2wApALxGbuB
5Az8KU81g2aLBbJN67F2CI
4ouyODaV6ta62fN1i6jMCZ
3ZsexY07D4t4HRq7ogeSAS
7k1pfmKI7t0AprW7SEdFpC
2naCQzUdZSGcdVKwHOX7m2
1hxq7kWQnwdhxgpEugBMGk
3e0yTP5trHBBVvV32jwXqF
1N3OTRDeaeTcybizwQ6vB3
6B3VHoemogRyAp6VokPNKF
1rdxUkcQLJRQwocz7mWyo7
1UqhkbzB1kuFwt2iy4h29Q
7qZdLKPA5TXDxpd10AGpf0
0quGJukpao2TNHd0gIn1pd
7h5vsnbygkp5EXbRgXQ77g
0Tpc0c8WaTnbYsoWoJ06k2
6zQq3TrWnilO8SR1fgvTeD
2oGtIqSqW7lEPKn5lIIQeS
472mFdP6wkHO6xzKn5F4et
6UDA4QNJ1bDtP7ZQIqsjyP
1vBuGoVoQOuKJwD1IoauoC
0Cp6EtlTQGyW7AOmc0Qs33
6QitaJF6Vj2O8sxf8VxsRI
4dz3VD1NNOpu0OolnwRBgQ
4x5TZd8GnB3UbK80ovO4TU
7B2MV8I8oA8EU9blzoeAgh
5x2XIAdvFxWCwIOMNkbWUj
3vd0wM0US4JSCKJi5Q8Bd6
2TfSHkHiFO4gRztVIkggkE
5fcWsUs0Au4IxrhWMFQAj3
6SZ6G5c4Ldmv2azhhPKY00
3ewKQAIFCLDk0mbhV0HjWE
3vITt13lN9mPIzoEFtQick
6OMO6WdRhSfjMPAiPT94wH
3SKzTIl9mW0DadTys9SFo3
7yPMIcAaEDgv71YSzH9n0p
7LY0szYE6TYq8J7X4uUbDd
4aCywX6gxr1DsjjHhi0T6u
2u0CelO5c81XS7z3dGpHbS
3Vmbt5Yw39WqaIg4eRoOmk
2WWP0IPX9xFjAMraNHX390
3px2rAPu74ltbkf9eZsZ8h
1P9KaqqxnvZrEMhJ0OYzt3
41d2Q6DHcM20OdzynkRtvf
5aBknBm85rJp8fSWu2koV2
4hRz7rOTUet8jJpXgWvoXh
0ZqqrBHeSeyZahfcyw9N8O
01tYgFDIUBfR0nl9Tbv5dq
56qU86VBC7i155RNNr4tNV
3ZsexY07D4t4HRq7ogeSAS
7nFAVXIBZ6sIjFnSH0SGuk
05Z77MHLPcBA2Wd5eDSJzl
7r2eKkZJOKHYDeAHbGxFuu
7k9iVpyeR5ybSPSkvmAP6K
1cWD3SRnt48gFWzqTC3pWM
56sk7jBpZV0CD31G9hEU3b
40t2E0HHaaUTp0dolN4dNp
6VOWUjl7sumb6IpBPkjQat
5XijWLBY0vwl5MPUpQA2Ha
2Pcu30ruwZeVCM7IkbuXDN
6Eu31gddWw0gOGO506pJYA
1kdSGyQyX0mxq75KSgcjic
2D52zjCyqEIQa221lhw6uk
1vrjcPplEuenckUzGGp2UR
10N1an5e2CqmvHd2aGOENW
2tnk7NUXUCcX326HqfokB6
4v1DBjXexqj9YCvGKOWEY1
3GeLiXvn9nriUnoqHKRQpm
5XLVfQhBz6vkJDd9NhgbXQ
6MDijuuArPJv1vbp7K1x3f
6V2sMppHFLOWzM1X1aT5VS
2kCLDC7zTCTlHMoVN9CZQ0
6VtcgrVYo2xfygcWAfRpd1
4JxkeslKwbebhWIt1R50od
2fJxwz0aHPhSGiYt05UJsb
0FtD1ZukwCnuTfTNuwxrQM
0quGJukpao2TNHd0gIn1pd
0UppcuBB46s0rTeLpf5Moy
0ChpoNjXfJPjMvCIN6so6J
3CzOoYfw7mj5jMHGsJp9TG
0wHNrrefyaeVewm4NxjxrX
5wfy4RalC2K42QXlltpxJE
5MsZIaCYY6Tsdph0LiB0hE
7rBJG1BewE3VE7NRbrOhFj
4u9Y4Z9i9VaAbBK7rW1Rha
6MqVzYyReYtY0Sgw9alj5I
7d0R90VzB45UWf3Aey0X22
2q1KVUPMs9unSAKHFAaQFg
6sNOhiI9vUWC75Yixtnv8m
6RBWG4bKWWO2ms67zD5DLp
5Ma3BlNVDtn3JiwMEafSaq
2HZopjGoTIeWzvEnRUwgtf
49rpdsNYJirTTf6p6mMvag
1P9KaqqxnvZrEMhJ0OYzt3
0NjW4SKY3gbfl2orl1p8hr
06LZcxlNSBZmYQGdgKTfzQ
0XJDfLHO7C6b0GpjeB5mpu
0c3fJd2HRi6uHWgTljIae5
2M5Qa1TnBNowIYpiUCCca4
2sRBmDqdHMbtqBIwyeSzyL
1TnUURhehaoMWKAqQtirm6
3nSiB5WCF2pmRQrYSsteHv
7brQHA2CgQpcMBiOlfiXYb
1R0a2iXumgCiFb7HEZ7gUE
30O9CIEN4wG2fBMdRVbZUJ
3GeLiXvn9nriUnoqHKRQpm
2WCgqwPrWuDZ3Bu59kTQS7
2AzGhnXbYYlAl6sI61UySN
2bDXmdP23tCK9uj8e2o3ya
0uCsdKSKl5lP3yI34fwF2X
6YUVY9hQSUnBve3MBRw1wd
0a7BloCiNzLDD9qSQHh5m7
6wZ0H5BbKeiUAYUtxGVLuH
2jE3wqMD0Btzsf3cxr0FhO
3Vmbt5Yw39WqaIg4eRoOmk
6i0jgeFXlGQngVpFuYq1G0
4BDnfINTlfJPmLp1UV6CXt
0hfByzDRgR10HDLqm89lA9
6U8fmOpFp0blrUEU5cypxl
7Gdn9GjADywM5Ob1zLALRn
5ln5yQdUywVbf8HhFsOcd6
0quGJukpao2TNHd0gIn1pd
3Y3gChJoEUTqrtuqJCIPQk
6ZfPmIbwzz6fopTNwAJTPs
2D52zjCyqEIQa221lhw6uk
6we3PtkeeGRnndiBY9vKrU
5u2FOoFhp495GIj5BJC77J
1IF5UcqRO42D12vYwceOY6
5WPVwig7Tl6NFJ5BL6ONhd
6xyiHZgrmXw7sMyYXbXjPV
2WexsKeTrtuPQOYdq0RLoB
2xu7bTUyvvJMBMi6JXvWAZ
0GCufbFiW40zN0snR6ooXD
4u9Y4Z9i9VaAbBK7rW1Rha
1q3RiD1tIWUpGsNFADMlvl
24gicvFqrZCOY3CjMGlgFh
2tnk7NUXUCcX326HqfokB6
3ZsexY07D4t4HRq7ogeSAS
7pDHM9huHHpRc9CrxZElsW
27eO3EGKIUU7yug1eOxUZu
7rBJG1BewE3VE7NRbrOhFj
4Sfa7hdVkqlM8UW5LsSY3F
55T65AGhfQGrwQVQhkJekr
1fa5xpAkZOkOhEE4jJfbFk
41haTXZwmW1lvgcs7pXzz8
5RQ9jJ91NQsPzwH1gktrUu
0L4YCNRfXAoTvdpWeH2RGj
46Kcradxrva9Dny4lHU1b3
4gGwAHwhmMwawgZ97g2cN0
2WEAKylXBPr9PJNANBSTDG
3B1J7b8R26vx3gB6nXk1xF
5YhAAlelWek228jZzxgEfr
2x2SotEkKozaFh6H1aVnOZ
3YsbKbo8m5Uv5zAG2hqOrN
5TtOrriDfiamVEKrls2GIT
1zS85RlXiRuTiWpDIOhICA
2bDXmdP23tCK9uj8e2o3ya
7k9iVpyeR5ybSPSkvmAP6K
3b3eu3uMp1b9xPOHbfSwBi
54C4TfHY00UYEnhMaYgfqZ
5ygCMJvKQOyhTyiPyOqyoJ
6cPyTS0Kk2sc4xQwC93kOg
60jI0JgMLLj1VggHJVhtRs
64gbzSMPloO2SNBTk3PG3h
6zQq3TrWnilO8SR1fgvTeD
0Vwfd6fxFrL3kCnZSJ9vid
2fJxwz0aHPhSGiYt05UJsb
03v70ZBxmcPX3RWAZMzqaW
6GeD5g9vZTz25Egf8kxoIY
4hRz7rOTUet8jJpXgWvoXh
0Eo4zOJR1KBAUpDsBwad09
2IO7yf562c1zLzpanal1DT
2pvqcwCLwFlnIxjoBAYlJ0
0RmH0VjGdppj6vccWhs3x4
5u64RlrnvvbtNh6R0EMh6o
6FOWzfUUvKryjmmUjSu1pX
6V9kwssTrwkKT72imgowj9
2tQWm5Xvo87waN5CZmNm9f
661ZfXbuoFYd3NkgnqaQ3v
0JdRrSPjsxjw1ZbxuS26aU
6VGKfZmYkkMsd2pij0jNiF
685zlleGxc9sPJea7jUoMW
2tnk7NUXUCcX326HqfokB6
0l2p5mDOP3czJ2FpD6zWie
318EGw5ZZB8U5MdMWQwxZQ
0jh2HyqarexLFrEyN1dpKp
2LYAG9jlH9rul11nalRxR0
6gxupt6imt0qIdbE8e356n
6XEPmHllDGDaO4w84Xjtgi
0fBrOyJj7gEAyXevVq69xv
6Po2A4lsnVu0GrQ8Dy1nme
7vBBL9qR7sgvb0vD04iLTk
0FV5UJ3aGray3oeNBpJ8oc
0hfByzDRgR10HDLqm89lA9
4JXfNOePhdgMOI7KZ1L25U
4DpNNXFMMxQEKl7r0ykkWA
66hOCG7IpEJI5wfLDhajxD
6dATHRXbCq7lOdKhFnjrge
10N1an5e2CqmvHd2aGOENW
66324Jt0mZdXaM7f8uUitE
1uXdwIjrjtv0F7a6ASjCjZ
0quGJukpao2TNHd0gIn1pd
2yXyz4NLTZx9CLdXfLTp5E
7qZdLKPA5TXDxpd10AGpf0
6O8R2qdAXWvSlUjE7A0mwa
5F0bmCjKUufNz1bHXfgRwe
5TEvdyAtCobi5QOnLB2jQL
6AH3IbS61PiabZYKVBqKAk
1q3RiD1tIWUpGsNFADMlvl
0SHPEXmOSJL4Og3aJluoKd
73A0DxzMGDhVGsvHQSaaBq
5CNjT6OPPMGZ34ewbLUa8M
310BgC3S2W0Cl8w0OmyS3n
7h5vsnbygkp5EXbRgXQ77g
7ieWVq8MZQPf8uvt9JBvf9
2vd4ULh4EXAeIyOoe9JZ30
0XJDfLHO7C6b0GpjeB5mpu
0sQCIDkQOT40k9u6Ps4prc
6TGapnqEUkkSBanKyn5qYy
2D9BrlpeyjXF0vli2dYQ5V
5WoFckPWCJYZVu5mEP4AOJ
5MsZIaCYY6Tsdph0LiB0hE
6hlru2ClMslNSQfy3t9nm3
3Qx00QtPFcbPdu4Yb3shcW
6wZ0H5BbKeiUAYUtxGVLuH
40WWeoX26jtsfdmFx5iRty
4zkynG1TXIknSEiJ9616rt
0UAU1lFjwfmXzTTwoHWmIV
6uzuW7L1t1UhnzbfXwtMtQ
2AzGhnXbYYlAl6sI61UySN
1rQ18sYDwDeeR4YCXsUHF2
5FlwXplgEi5qiWHwxvriLK
0UppcuBB46s0rTeLpf5Moy
1P9KaqqxnvZrEMhJ0OYzt3
6XEPmHllDGDaO4w84Xjtgi
03YZnK3XQWKpvo9TyNZzXf
0slW7U1gWpQ9Dx2vWWp2ga
2tnk7NUXUCcX326HqfokB6
6VOWUjl7sumb6IpBPkjQat
2vesdp3VWtThIKeLdxHmFP
2bDXmdP23tCK9uj8e2o3ya
1NJAy0SC6DVc7yroWbN1Fs
3eoEriMHjKEpyNa2BFmdSm
7LY0szYE6TYq8J7X4uUbDd
0LJp1imLp25L6loDVPDMGn
2xu7bTUyvvJMBMi6JXvWAZ
0xAA90OfUjpnxCw4Rf162Q
0faXHILILebCGnJBPU6KJJ
5zGrlUCEJy4yMZ5xuqxrr0
2WQn7Yvs728KZmmY6tgWqH
1Xx4drnEuAD3MAiBQip2vv
4rx8uIKssxGV1S1lCZMgLc
73A0DxzMGDhVGsvHQSaaBq
6GIrIt2M39wEGwjCQjGChX
60OKW0mZiPFHVpHl3eHueg
4hRz7rOTUet8jJpXgWvoXh
40t2E0HHaaUTp0dolN4dNp
685zlleGxc9sPJea7jUoMW
0gbLfFlEyVHiKzlZIb0gce
41haTXZwmW1lvgcs7pXzz8
4EaO2XR7gWaHq8DW7nu1iY
53ABeRAN6mqW67pQsks433
6AH3IbS61PiabZYKVBqKAk
0l2p5mDOP3czJ2FpD6zWie
7CKLZEwboCy2juXMLsAHFt
4cqYUqmKMcb3q1tdImVpGW
6olUplztLFFfU7fMYmFXOP
47ojH5LeQhl1ZltSAHBEFF
53AuxddsgPSlqM619nJhSd
7DIw2QhXSShidAfGvhBgUY
1kdSGyQyX0mxq75KSgcjic
45n89B7MNN3a9foP6w4Knz
27pdYORBXUxj1ycvjtMbdl
0XJDfLHO7C6b0GpjeB5mpu
7k9iVpyeR5ybSPSkvmAP6K
0CpxIwmIOKHOIgxupmRMNx
3A9Z3dOIYxbEZeKxBrfZ4A
4Kc1BGRuyicJaqIXi3Rysi
1vrjcPplEuenckUzGGp2UR
21ET3stNQckqgAv31J6qUY
2wroDH1nE0lZFjRyI6lIR6
6QrJOT1gqRfLZ2GzJEsCMB
27eO3EGKIUU7yug1eOxUZu
2fJxwz0aHPhSGiYt05UJsb
0L4YCNRfXAoTvdpWeH2RGj
5HF5PRNJ8KGtbzNPPc93tG
6VOWUjl7sumb6IpBPkjQat
5816DXmqL7a5TWbiLIaPzT
5cz67Ot4ylOCmF8pRFHOr4
5PxFv9yJEg9dxvbZggykro
0Cbm3uFENIjsl9aBmhzE8L
4IJpSYe4IvgC3VyhY9NEsd
5F0bmCjKUufNz1bHXfgRwe
2yFqucMhHlFjiSFPJ0oTID
3dP0pLbg9OfVwssDjp9aT0
1bDLMtY69Cx6inNN9kaYkk
7rBJG1BewE3VE7NRbrOhFj
6q7YBPFCO2lgSzXpf4UKvM
5ln5yQdUywVbf8HhFsOcd6
6SZ6G5c4Ldmv2azhhPKY00
4Xx0J00u90QvnG3rwz4Itp
3528IXKpbb7OMjdjWYlbfD
5aW4kes1vtZFKqfRiWUBbK
0c3fJd2HRi6uHWgTljIae5
1r1WtSrPbAOYHE7zwq4eqK
7eN3lGwu6SSmwYGH9PlpYa
0wHNrrefyaeVewm4NxjxrX
3PUnku87booODLtX6VVHwN
3B1J7b8R26vx3gB6nXk1xF
7KDfz5EnLXiPVgSOUWwpre
7KubeWC5zOcYOLTYxCtnYE
4sjLcE0GQ6urc4iUXsUPe9
43JJRokAE3kSamXetx52xB
4wQD9I6NQvgs4Dp1yw6i7a
4u9UZQxoVkabuLZldQGHi6
56sk7jBpZV0CD31G9hEU3b
3onvqHzdPZXZrPo5GfLqGE
5dcYoYFAXh0f0qI05AoufB
1kdSGyQyX0mxq75KSgcjic
7I7JbDv63ZJJsSi24DyJrz
5OU9pkK0wkHJMCOBVYafye
2RHZdRV29EsmqNQCJeMdS1
3SizB9Beb0HZHww3PjoXbQ
1FgFXxPsmUmiJMoJNi8idR
6ihL9TjfRjadfEePzXXyVF
2CkWM5jGTMQmCLiJgMmulx
2IO7yf562c1zLzpanal1DT
0Cx5QWilR60IyyUvGZQtDC
6q9g6MFNANlCSHpfAru2qJ
3MDvya4tKmSsyPW9oXygB4
10eBRyImhfqVvkiVEGf0N0
0VXI7SOcGQQ1SLjyJaaIEa
28IEbk5a7twNTbUEvWslUb
6uzuW7L1t1UhnzbfXwtMtQ
1ODqwpODWefmhyPL8djaeq
0lkMZa3Fwt1KWRHRUnPqbx
1TnUURhehaoMWKAqQtirm6
60MbUa2dBogXfS2i1lfvLM
0Kq0HASdt3qXmTlZ6YoA3h
5kkbCCm2bZHvogmiwI1Y72
0VE4kBnHJUgtMf0dy6DRmW
5HS3ezh79hyQElwRl0nDXl
6njiHRz1WOJEdNOODyfRVr
4hRz7rOTUet8jJpXgWvoXh
4hRz7rOTUet8jJpXgWvoXh
4svZDCRz4cJoneBpjpx8DJ
5ln5yQdUywVbf8HhFsOcd6
6GfcO3i8ZU3tWTzXtrLvX2
6tLEYkMGG4mEIwmOMf86rk
7KDfz5EnLXiPVgSOUWwpre
6Po2A4lsnVu0GrQ8Dy1nme
5cz67Ot4ylOCmF8pRFHOr4
1mB7dCUM7sPyNab6R43nlj
3DK6m7It6Pw857FcQftMds
0X2bh8NVQ8svDQIn2AdCbW
7gwg8Y7MEzwlpTVKOkC5ub
7FmwO91ocUhhxFSqWRXetM
2k4yzd3YejgP3kqOo0FOnS
1Himp3M7IH46qw2yBN1Fxy
5PxFv9yJEg9dxvbZggykro
5CoN89chW47xo49fL9FWRg
4Sfa7hdVkqlM8UW5LsSY3F
3JOdLCIBzQYwHIvpN3isVf
7oFLIwPHL5gLtde7ukFvsX
1XPubyrGULbumTTuXXxHy7
2OuJe42KABHv2sCO4LBbDU
5r95yxmemjPfVSjCoSeAP4
3e0yTP5trHBBVvV32jwXqF
4BiFH77T4UhJtIC9W4r35Z
6TGapnqEUkkSBanKyn5qYy
3iJmiaoZWzykf3Hl4IeYtI
6RtRxaZN5RMWFbeZW24oRx
0quGJukpao2TNHd0gIn1pd
2jE3wqMD0Btzsf3cxr0FhO
4AyoAGuhE8gydBPrczuhbl
0ekXXkpMdvnP2FyCvW4oAp
73A0DxzMGDhVGsvHQSaaBq
2xG3FNv3pqFItlTOY8jhIi
0qmmx55Ei3i75ViWcY6mEp
4vG2vtpzK05uFwi1ozBBUZ
5EBvHC0SGFJDenBJafqOX4
66324Jt0mZdXaM7f8uUitE
6q9g6MFNANlCSHpfAru2qJ
7aX861hKXbwELVDTml1b1o
2CYIRuR9j73y9hU3OqUZEC
06LZcxlNSBZmYQGdgKTfzQ
1kVWn6BRzI9CwGz2vwmXlH
6gSKswfcoWvaadqvuMF3Y7
0a7BloCiNzLDD9qSQHh5m7
49rpdsNYJirTTf6p6mMvag
3ud6lbavvanqEpjMibs3Q5
5PZ2cqh9Yem2g6cTSOLllz
2IO7yf562c1zLzpanal1DT
00WVclSOdTPuLYTott68Wl
0JTQCx3XEw2h0m9LQQfFXj
1LUIyuMcfnCPW9THXQ18r5
1wBe7255vIMCJ7MlJ8lHCn
0Yqkp4ScyWSKTlm7hpnDQN
0hfByzDRgR10HDLqm89lA9
0FV5UJ3aGray3oeNBpJ8oc
7brQHA2CgQpcMBiOlfiXYb
4C7LW7lJOqEO5eKWgu1p13
7k9iVpyeR5ybSPSkvmAP6K
6DSZz0nNfqP31uQEGGonfO
0Cx5QWilR60IyyUvGZQtDC
2AT8iROs4FQueDv2c8q2KE
2M98FO4fkGec4lzsafk8YY
5gWtkdgdyt5bZt9i6n3Kqd
3SKzTIl9mW0DadTys9SFo3
3NRhy4mzDwQc6IgPwyQM1x
2fJxwz0aHPhSGiYt05UJsb
6VOWUjl7sumb6IpBPkjQat
4yEYEO6bRV9xkydMKdn2Z3
2bDXmdP23tCK9uj8e2o3ya
6WGBENIKpyM18xgCd0mYiK
4JXfNOePhdgMOI7KZ1L25U
73kadnv7SduzhApfRUv5C0
2k4yzd3YejgP3kqOo0FOnS
5x2XIAdvFxWCwIOMNkbWUj
30O9CIEN4wG2fBMdRVbZUJ
3x7NGlfDKQYN2wnwEnL7r9
77EipMYqP1rGvotKd6i5E3
1P9KaqqxnvZrEMhJ0OYzt3
6LTQAaWl0Nrnt45ln6iKf3
2WCgqwPrWuDZ3Bu59kTQS7
05Z77MHLPcBA2Wd5eDSJzl
6yEtRJIe0jxNxk4QIGJZLv
1IF5UcqRO42D12vYwceOY6
0pDbrLNpDx7xY68z64QNcs
7wr313wOAZNv210lS1wJUv
6Bg7MznA9X0dIhlAsLyBYj
423FiDerFgzeEcqKEOmZ81
6ys83SIPyKmPg8nuZzbkm7
0VE4kBnHJUgtMf0dy6DRmW
6CTTipcCa8RZX8aY0mttHa
2CYIRuR9j73y9hU3OqUZEC
23oxJmDc1V9uLUSmN2LIvx
3JOdLCIBzQYwHIvpN3isVf
7FLVnDMOZXKRFgRM3C4aUG
3wwO0kUiwpyzHdkMNoifLR
0Csu4F5DKKQ4JA8CFLfQUD
4zGvb8hxGLB2jEPRFiRRqw
3HE50TVRquwXe9yv2HFoNL
6M1nfYPKy7DRk3IrhFVViQ
5UdcWX8WdmEywvicf9PDvu
7DIw2QhXSShidAfGvhBgUY
57fh50SS5Igc0u6LuHuZHN
0lHSJ0ZP8uUPnJXhMdGjOK
41d2Q6DHcM20OdzynkRtvf
5K19S5sw856o8o12xMLlet
0XGV1bem5W9ICY2rgleryV
0QuMMBMqyibCGRjaOwB5CZ
0Vwfd6fxFrL3kCnZSJ9vid
4v1DBjXexqj9YCvGKOWEY1
1wBe7255vIMCJ7MlJ8lHCn
6uzuW7L1t1UhnzbfXwtMtQ
6CcaJxeNarNv8GBa0zUYCI
1H4LTkJtNHLQ3n7pTi7uDw
6SZ6G5c4Ldmv2azhhPKY00
0Do59HJNKcUliLc888Y2eT
685zlleGxc9sPJea7jUoMW
2r12KCHNv0p7JQJsGt3vYK
66hOCG7IpEJI5wfLDhajxD
3QTDzwSkRW04FVPo6COm0H
07NxDD1iKCHbAldceD7QLP
0bcIGs9uyrzMtKgdMam85f
6V2sMppHFLOWzM1X1aT5VS
2TfSHkHiFO4gRztVIkggkE
3zGjPxmQpPQUYbrQyincUX
2RHZdRV29EsmqNQCJeMdS1
2kKc9S4jsCjLTLg9IDiLnf
6Po2A4lsnVu0GrQ8Dy1nme
6OPoF9qiuV2dNfJ44w3X4M
2uOiIYiJ0tZ1yIobto7P4x
0l2p5mDOP3czJ2FpD6zWie
4rjUf40fik39xEpsjbimn9
7k9iVpyeR5ybSPSkvmAP6K
6M9vEm3Cy3PHr3QkXRX6x3
7CidcgivJglOESF6ZKtw00
7KubeWC5zOcYOLTYxCtnYE
4vC4nKK6bk9pYEVOU4EIbA
4NGPmvg2XygCfwlGQpzASW
4Ko4HoSH1Tf4En7F2eyYli
37OjMlwuUVWWmVKrV8CiUQ
1XZrMIHtCVJPqK29Mzm44G
3JOdLCIBzQYwHIvpN3isVf
30qVJjX7fiGd8arWLKDWmS
2XgNtAACwtn9aZIIyJQ1aY
2e4jB31WcGsxKL1ByqdZCq
1KoAbQlXWKAiFH0S7JCjG7
2tnk7NUXUCcX326HqfokB6
7HSZigV3SjVlKrCfz2iR28
3MpR460YBQfy8WJLQZghuD
1vrjcPplEuenckUzGGp2UR
4DpNNXFMMxQEKl7r0ykkWA
0Cx5QWilR60IyyUvGZQtDC
10N1an5e2CqmvHd2aGOENW
6AgtIN7FyBd4zJhZI7mrsz
3RHZzTT1RhYV6zicKUc4FM
6hHpXo2XMMKR5lIfa19aLM
23oxJmDc1V9uLUSmN2LIvx
7brQHA2CgQpcMBiOlfiXYb
4Kc1BGRuyicJaqIXi3Rysi
10Lu5P0waAD6jc9u9HycU0
423FiDerFgzeEcqKEOmZ81
7kqCbVG93MnBnkRGiKWTPs
5ln5yQdUywVbf8HhFsOcd6
41P2Wi4vVI8hXxz5St5a4J
3e0yTP5trHBBVvV32jwXqF
3Z2sglqDj1rDRMF5x0Sz2R
19FXqaqxUJOwJu48mnlzhV
19FXqaqxUJOwJu48mnlzhV
2bDXmdP23tCK9uj8e2o3ya
3k6BkFw0vPLgqy9uxIgHmm
55N0YHhO55Q1lWsc4dDPcI
3DrmwvpXcTdlSKfU1W62P3
5MsZIaCYY6Tsdph0LiB0hE
6cWpj6c5pNZYEk5KYjNBji
5x2XIAdvFxWCwIOMNkbWUj
4crempk25OrH2OZqarABqv
05qCCJQJiOwvPQBb7akf1R
5xh7hbcju9JmOs975GVJ1p
0UppcuBB46s0rTeLpf5Moy
1tPA4LC9D9AQpWeY4G8RVY
4rx8uIKssxGV1S1lCZMgLc
5zGrlUCEJy4yMZ5xuqxrr0
2TfSHkHiFO4gRztVIkggkE
0ZGD86ANZoQT2tU57Y4gCE
7bhSQqbyUvFVfmXgkF028O
0faXHILILebCGnJBPU6KJJ
5IDxNMBR3cEXEx8vEidBV6
6NP5mne71yGCzjQWr6jQ7S
6zQyu8L8yUuJkl6LbQ6iKU
6e13443Ve7RGcAUScTgYtl
7MtFSqydPEcQwM8DUrRzYd
03HnD9pCxpqWZiv4idMKD2
7r9beLH5ona6xH2JMxwUyk
10N1an5e2CqmvHd2aGOENW
1iir1dMidSGRzbPMCCEtfX
5kjKiLCznooPWDQQGwuxo9
26AuyrZGzWWiYZPSd3XBIg
4DpNNXFMMxQEKl7r0ykkWA
1J5rHMEvQFpM07iLULi48A
3SKzTIl9mW0DadTys9SFo3
6PsISpFaCEKwysPfwO9SfC
7KDfz5EnLXiPVgSOUWwpre
6Eu31gddWw0gOGO506pJYA
3EGW6TGGbdk6Ys1Y3HU3lj
7wr313wOAZNv210lS1wJUv
3ek4HgBlmvkTWgfT5sTSe9
4bW6gwOOTkhBUyWTXSMvgh
6wZ0H5BbKeiUAYUtxGVLuH
2k4yzd3YejgP3kqOo0FOnS
1Hi3Xq2CGIPNrxgEwc2DRv
23oxJmDc1V9uLUSmN2LIvx
4WdopfTdSd0nCLropjhsgH
6s8PRmROPJHlqZmu9Bbviz
685zlleGxc9sPJea7jUoMW
6Xo6taj3pa6TVHWGJqxo8o
20J9Ue2zkXA4jaihAKedca
3ZsexY07D4t4HRq7ogeSAS
5MsZIaCYY6Tsdph0LiB0hE
0lmMtDQ2ElasKU2qDAE6NN
2xu7bTUyvvJMBMi6JXvWAZ
5Dg2h1wsm7ZijCo0yLmbvR
4hRz7rOTUet8jJpXgWvoXh
2W6kVW3UZ3hwr4qbfCDp6B
6Nj4KN6aycPtBbgwHRUGvu
2XgNtAACwtn9aZIIyJQ1aY
1P9KaqqxnvZrEMhJ0OYzt3
5PxFv9yJEg9dxvbZggykro
3D4Xkcir5YEhk8Xidkd1dL
7vBBL9qR7sgvb0vD04iLTk
2MvvoeRt8NcOXWESkxWn3g
41P2Wi4vVI8hXxz5St5a4J
2iptAVf9jZerlywLwiGhak
05Z77MHLPcBA2Wd5eDSJzl
5u2FOoFhp495GIj5BJC77J
5TRZnGsX49uCZkXxIbD7Ru
1kWlxuYJ55bqoxxsButosQ
6LneorXqS0ZjqI94vskRAG
6xyiHZgrmXw7sMyYXbXjPV
03mvP1GIyGxsdw580Iu9OC
3wiYAlqOqmABujoeBFxBWL
0c2yZp1tTYAUiKraMdS8Yg
26jxcJ2O89Zfm5vneRzoVF
6zQyu8L8yUuJkl6LbQ6iKU
3RHZzTT1RhYV6zicKUc4FM
15LzvCtoJWwsrTWJMWUTOv
1UY1Pm2VAZCDYu3U1gk3GR
7LcNhnWCI9w9ivknoSqtvK
2gxfUzq0kLUwdHIo87aHIC
5xhHy5mpWsCkjo00LYRLSm
4YBDSEzVNQbvCvVIWNtruF
0ZFBKLOZLIM16RAUb5eomN
1iir1dMidSGRzbPMCCEtfX
5fcWsUs0Au4IxrhWMFQAj3
6NaBDHz9C7Uz9Z9CwLXQin
6bpBsotzL05UzS1rHsIqk8
4IWBM3QbriYkFLVrIBAHwx
4U38hORPx8SsUAXGumsUYN
2k4yzd3YejgP3kqOo0FOnS
27QCaXOhT6qY0NT6tv5IZ6
10N1an5e2CqmvHd2aGOENW
7k9iVpyeR5ybSPSkvmAP6K
2jQiSYrwJehQAcuaaQrXnS
3SKzTIl9mW0DadTys9SFo3
0m448IpLItOzyAkVXbPjMi
22VaN4GVKegAI5GqXyC4M7
685zlleGxc9sPJea7jUoMW
2q2jR9QQKo3aaGX74nR0di
2IO7yf562c1zLzpanal1DT
6hHpXo2XMMKR5lIfa19aLM
5xgXG5BfCNO6KJrQOHKprg
1F5A4LpF8ylUVtPoMAvNvn
5gWtkdgdyt5bZt9i6n3Kqd
16w8ZGVSjI4TlTLV8VimBY
41P2Wi4vVI8hXxz5St5a4J
7brQHA2CgQpcMBiOlfiXYb
0aq5Z8OcXHYeAkAPkTEPfc
2lDKzmnLQo0bz9X8ClB5W1
4hRz7rOTUet8jJpXgWvoXh
5zGrlUCEJy4yMZ5xuqxrr0
5eB7w8UZJKjL5XmnC6Pctg
3EuiMoY8lTjAvIqNf8Uyr3
1VA05nvzaZJAUr8jDigJCL
1P9KaqqxnvZrEMhJ0OYzt3
7wr313wOAZNv210lS1wJUv
5XijWLBY0vwl5MPUpQA2Ha
2WEAKylXBPr9PJNANBSTDG
7KDfz5EnLXiPVgSOUWwpre
7vBBL9qR7sgvb0vD04iLTk
38Ju3yhmM1asFXyWJn8fj4
36dfGEKTGHxLmdNIYr0VTi
5cz67Ot4ylOCmF8pRFHOr4
41d2Q6DHcM20OdzynkRtvf
6PS9AdyOKTPwlDPfLzJ7Ow
6wZ0H5BbKeiUAYUtxGVLuH
1rdxUkcQLJRQwocz7mWyo7
0W1HaTl2XJuBHYbXRUukMW
6GbOE6jRrtTuFVOz4gaHKz
5MsZIaCYY6Tsdph0LiB0hE
32bZDrurIGh2Cts0l2tRtL
0XGV1bem5W9ICY2rgleryV
2mOAY0Dy2rKWf4TZdrwyAc
0ChpoNjXfJPjMvCIN6so6J
2c62Xf5Po1YSa1N6LOjPHy
7d0R90VzB45UWf3Aey0X22
6U8fmOpFp0blrUEU5cypxl
0pDbrLNpDx7xY68z64QNcs
4tG0cdbL7v4pQ8RWOqLDHx
614SyP4aFacmQOtY0vQ5h6
2TfSHkHiFO4gRztVIkggkE
2LYAG9jlH9rul11nalRxR0
5u2FOoFhp495GIj5BJC77J
0ZFBKLOZLIM16RAUb5eomN
3x7NGlfDKQYN2wnwEnL7r9
0c3fJd2HRi6uHWgTljIae5
6s8PRmROPJHlqZmu9Bbviz
573latfTMO7SpGtStVrQx5
2fJxwz0aHPhSGiYt05UJsb
4YsAIpME2xJ1YERIgmhnzc
0hfByzDRgR10HDLqm89lA9
7CidcgivJglOESF6ZKtw00
545ywpRjBzKhMjYv1Z6HIr
07NxDD1iKCHbAldceD7QLP
1J2TJKwwiNqrqAywQMBFNu
3ge1ONdVWrYfdwJVIYiyYI
1P9KaqqxnvZrEMhJ0OYzt3
47ojH5LeQhl1ZltSAHBEFF
6Eu31gddWw0gOGO506pJYA
2fF3XzFS37084kw9tgNA5i
442oJhRo1FtokeCxgC6PPg
5sTVykpRs4eiZKn96bZogj
4hRz7rOTUet8jJpXgWvoXh
7k9iVpyeR5ybSPSkvmAP6K
685zlleGxc9sPJea7jUoMW
7vBBL9qR7sgvb0vD04iLTk
6tkDUCTp0PmHH9BRNCYaJJ
05Z77MHLPcBA2Wd5eDSJzl
1KvyBpAxgllKW7bQb0GYCR
7CKLZEwboCy2juXMLsAHFt
5x2XIAdvFxWCwIOMNkbWUj
7yPMIcAaEDgv71YSzH9n0p
2CYIRuR9j73y9hU3OqUZEC
78SAVldsO3Xzm2R2Ko6E66
5PZ2cqh9Yem2g6cTSOLllz
72OSgC3GVZyF0BNdKvfReq
2IO7yf562c1zLzpanal1DT
5MsZIaCYY6Tsdph0LiB0hE
3aGibUHhQyBsyumYHylw0K
5ufOMPVpnpGNeMyGgOej68
38xWaVFKaxZlMFvzNff2aW
6zsFCfP4TK2J48tMYjb668
3Vi93V7o1tT28Cut4gSWi3
4Oi2wtIh11X7l2PRD7SCBJ
0l2p5mDOP3czJ2FpD6zWie
2WQn7Yvs728KZmmY6tgWqH
2wRxT0oLnINBO3hPaivUnk
6uzuW7L1t1UhnzbfXwtMtQ
06LZcxlNSBZmYQGdgKTfzQ
3GeLiXvn9nriUnoqHKRQpm
3A9Z3dOIYxbEZeKxBrfZ4A
3CzOoYfw7mj5jMHGsJp9TG
6e13443Ve7RGcAUScTgYtl
5wfy4RalC2K42QXlltpxJE
1p80S9kKqOWQMEGHxst6rB
6J0xeqjdpsUH0W1YBCmD1L
6J0xeqjdpsUH0W1YBCmD1L
5CqXrqDRXfF5jNVwT0nmPF
0hIy3U1BoNA28NRBzU6ECp
0XJDfLHO7C6b0GpjeB5mpu
5zGrlUCEJy4yMZ5xuqxrr0
2UZtI2HUyLRzqBjodvcUmY
45n89B7MNN3a9foP6w4Knz
2WexsKeTrtuPQOYdq0RLoB
2SiqlgLMfKQbczSMRp8drY
2W6kVW3UZ3hwr4qbfCDp6B
1uXdwIjrjtv0F7a6ASjCjZ
0XGV1bem5W9ICY2rgleryV
2HPIDjDNCCSqSzIjxGaU6J
4svZDCRz4cJoneBpjpx8DJ
2k4yzd3YejgP3kqOo0FOnS
5XijWLBY0vwl5MPUpQA2Ha
0zAJqlBcRSvrcCae4TwkBv
10N1an5e2CqmvHd2aGOENW
0a7BloCiNzLDD9qSQHh5m7
3goyor536uLlIuv0zHgq0B
5EBvHC0SGFJDenBJafqOX4
0ZFBKLOZLIM16RAUb5eomN
0lmMtDQ2ElasKU2qDAE6NN
2iptAVf9jZerlywLwiGhak
2naCQzUdZSGcdVKwHOX7m2
5qEn8c0MBzyRKgQq91Vevi
5F0bmCjKUufNz1bHXfgRwe
6zQq3TrWnilO8SR1fgvTeD
6Po2A4lsnVu0GrQ8Dy1nme
0m448IpLItOzyAkVXbPjMi
2rmq49FcJ4U3wh1Z7C9UxE
2PoqubfYq2Cl0nUyrrTht6
0c3fJd2HRi6uHWgTljIae5
6V68ItawQkQlZhYIf1S86C
2M98FO4fkGec4lzsafk8YY
5efvxYn0J1q8iuIZBqpDD7
0ZqqrBHeSeyZahfcyw9N8O
7oFLIwPHL5gLtde7ukFvsX
4rstj4vgkFq49R2VV0fbxX
4WeN4XT3epIeptctUXdZOA
0qmmx55Ei3i75ViWcY6mEp
6bGac1gBHs7kUKihrudMzq
423FiDerFgzeEcqKEOmZ81
07B2bEU1AzIRVmdpYgE2aJ
6PsISpFaCEKwysPfwO9SfC
2fJxwz0aHPhSGiYt05UJsb
2ZqTtndqAZDRAWw2vgZwQK
7oUjf3UvLJbRelKiDip47v
2IWtloZYQDcP8Ashwx8QEF
6q9g6MFNANlCSHpfAru2qJ
0XJDfLHO7C6b0GpjeB5mpu
18IqyOGs1pRNZfbMo93r57
6A41yefu8dJV0BsUotMjiE
4cqYUqmKMcb3q1tdImVpGW
66324Jt0mZdXaM7f8uUitE
3JIqogHHQIQW1uJ5Yivb88
6cz4r94FQEZMy7dC5wtL1E
74hxp59kFtc3Ndkb7n1IaC
3aAoy02NwrmZcqXYYjqNh2
1uXdwIjrjtv0F7a6ASjCjZ
2W6kVW3UZ3hwr4qbfCDp6B
53c9tTEHXWL5GkYNalbXZ3
4nna9JONFIwr98bcX6tlta
4pcyWJiAvOwdVxn7xjhR0N
0quGJukpao2TNHd0gIn1pd
3MzqPLieWzTj5NW6WEzICu
2jQiSYrwJehQAcuaaQrXnS
0hfByzDRgR10HDLqm89lA9
3ZsexY07D4t4HRq7ogeSAS
1IZc5f9ulw7Ge2eOpQH7w6
0eDCe3Y8fMzdCbfrUR0giO
32cHMjvOjmi9PsVdzDftR7
6Eu31gddWw0gOGO506pJYA
5smLKfv8DYgPa2Av1lso5f
7KubeWC5zOcYOLTYxCtnYE
7jgat9AswcE13fC2YUuBLG
4yPST7G2hLaKRAQmrrCvMr
05Z77MHLPcBA2Wd5eDSJzl
0AIBkfMg0v05v3krR1Ghed
0Vwfd6fxFrL3kCnZSJ9vid
6AH3IbS61PiabZYKVBqKAk
1dUU2RYiMZ9HCk6CB9Akup
6xq3Bd7MvZVa7pda9tC4MW
1iir1dMidSGRzbPMCCEtfX
7DTTn7aeCENliHGmsWkMFo
18O3a7KOYuFMqD5ASFQCTa
2WCgqwPrWuDZ3Bu59kTQS7
1kdSGyQyX0mxq75KSgcjic
1vrjcPplEuenckUzGGp2UR
2bviMd507PeVhqSP0TkBW3
2v43ecOZxwtg1PSutbEy9Z
4uNGhtlzacwMe97DF1E4w8
3A7GExPnWwQ2FYt6jBYNj7
5gWtkdgdyt5bZt9i6n3Kqd
1hIGfKLGsymTR1As8QmJ2v
0faXHILILebCGnJBPU6KJJ
5Dg2h1wsm7ZijCo0yLmbvR
0Ot6e3wYVQQ1Us9PM977jE
3HO9WZQpMiOSi0Mx11plnk
0uXiPXt9xCdv8UpuDs063g
0GCufbFiW40zN0snR6ooXD
3K1tdhoeE6koNnWgAxEK9Y
2k4yzd3YejgP3kqOo0FOnS
0ZEeEZnZ496lE6kN7bmSrp
3KvocEl2AbGs2Woc46ysbG
2wRxT0oLnINBO3hPaivUnk
6gxupt6imt0qIdbE8e356n
7KDfz5EnLXiPVgSOUWwpre
7p7lNE4QGhtR3p4DokE0qP
2nugajeEf9KNKXrpnzamLl
6AgtIN7FyBd4zJhZI7mrsz
4gGwAHwhmMwawgZ97g2cN0
6dATHRXbCq7lOdKhFnjrge
7HuBDWi18s4aJM8UFnNheH
5XijWLBY0vwl5MPUpQA2Ha
66PmO1K6RXjj6ouXzMeodH
5UHuDjuj0K81ydgwtdyPrd
5UHuDjuj0K81ydgwtdyPrd
0VE4kBnHJUgtMf0dy6DRmW
28FJMlLUu9NHuwlZWFKDn7
4hVJIlulH29qKVYGCT6cky
5aW4kes1vtZFKqfRiWUBbK
4v1DBjXexqj9YCvGKOWEY1
5ln5yQdUywVbf8HhFsOcd6
0HySxvhzDIPAZ9iczHhpYy
4QK4pMWEwlXxwg1zp08xpl
6S1j8iU5lQRq8vDwjfSmct
6rjtB7KSIiJ6v9vrACMlqF
5s8773gb8SaWYrZn2mY6Sw
7itYSYvjxlKqnjVJzfVi2O
4kxXP9JhYq1AVbuPRgKxMj
1q3RiD1tIWUpGsNFADMlvl
7ogCeT6hnMW95y1Avbhd11
6zQq3TrWnilO8SR1fgvTeD
7qXTeIDkqZIexgdCXrxIrB
5zGrlUCEJy4yMZ5xuqxrr0
05Z77MHLPcBA2Wd5eDSJzl
5PxFv9yJEg9dxvbZggykro
5x2XIAdvFxWCwIOMNkbWUj
5dONhl6aXFuN86UBdayF6W
7KDfz5EnLXiPVgSOUWwpre
2W6kVW3UZ3hwr4qbfCDp6B
5u2FOoFhp495GIj5BJC77J
70F8RmOqNX3B1IvTgyws3A
11zf7m4vw9Ze7cer9Nyhk1
7k9iVpyeR5ybSPSkvmAP6K
1MrqlDkxsrMsxHni2Yb9Tx
10eBRyImhfqVvkiVEGf0N0
5dcYoYFAXh0f0qI05AoufB
4XaButfzRGK9aK8NN28Ie0
172rZlTV0yE2La5N19clgq
2vd4ULh4EXAeIyOoe9JZ30
1HCLtnqwwq2O8hyxSHMWfA
3ek4HgBlmvkTWgfT5sTSe9
3jH8jVAWhw59adF6lRmsfn
4OSbctVD37ycS0H3rwRm72
2MGpDu11Ute4wFJxaM7m0u
7oUjf3UvLJbRelKiDip47v
4CzHg0r2L5d2X0cnrKE6QW
6xwak2gJxMwbLBEJVier7X
6WGBENIKpyM18xgCd0mYiK
3xlEcJhjHkjsKbREZAQoGc
5PZ2cqh9Yem2g6cTSOLllz
5kjKiLCznooPWDQQGwuxo9
64tFXmxGL6fibnfjUiI4kf
685zlleGxc9sPJea7jUoMW
6WYHJTCeO3kyRfRmQW9enw
1o4Pf2GIMDCD7ifIM2yI77
5pE9vMyvVNOpZFutt6lyy4
1isQMKYmpvJ4tOP8R2qkWr
5cz67Ot4ylOCmF8pRFHOr4
5LABCxgmP7DATATIJXOh6n
7HuBDWi18s4aJM8UFnNheH
4K41YQFFNY45aAZXzBb9Q3
5RdCvxeak1qL46oSTQ324A
60jI0JgMLLj1VggHJVhtRs
1taY3X7Ifq1989d6eI3raI
6V2sMppHFLOWzM1X1aT5VS
4svZDCRz4cJoneBpjpx8DJ
2IO7yf562c1zLzpanal1DT
3ZsexY07D4t4HRq7ogeSAS
6tLEYkMGG4mEIwmOMf86rk
38Ju3yhmM1asFXyWJn8fj4
07NxDD1iKCHbAldceD7QLP
66huBJ9AKGOV4H4C71crGh
4pcyWJiAvOwdVxn7xjhR0N
03f7xZmt2wHCIDJBFPK8G4
4zGvb8hxGLB2jEPRFiRRqw
6VLtWgW0USISy1aFuouqxA
49EzzHeEhScVZH8mh6Wu5a
6oVxXO5oQ4pTpO8RSnkzvv
7vBBL9qR7sgvb0vD04iLTk
1hMcVM9XVaC2sPUuI2JP0Z
6rOhRpCeWjFirOXT1C9KS2
4Sfa7hdVkqlM8UW5LsSY3F
6U8fmOpFp0blrUEU5cypxl
1vBuGoVoQOuKJwD1IoauoC
6IY3cC281mz9q0bViUEldz
2MvvoeRt8NcOXWESkxWn3g
1cWD3SRnt48gFWzqTC3pWM
0l2p5mDOP3czJ2FpD6zWie
099NgYQditsnMhePFr61Fl
4QJ9qzD7PHDET2bwlOxXyO
5K19S5sw856o8o12xMLlet
64gbzSMPloO2SNBTk3PG3h
2tnk7NUXUCcX326HqfokB6
4U38hORPx8SsUAXGumsUYN
0Yqkp4ScyWSKTlm7hpnDQN
2ksxhKbBfirRHWXGuAi13E
62ZXL1CWLJDiDWUZUhfLfU
2WexsKeTrtuPQOYdq0RLoB
06LZcxlNSBZmYQGdgKTfzQ
0ZqqrBHeSeyZahfcyw9N8O
5wfy4RalC2K42QXlltpxJE
5XijWLBY0vwl5MPUpQA2Ha
6uzuW7L1t1UhnzbfXwtMtQ
7Gdn9GjADywM5Ob1zLALRn
5F0bmCjKUufNz1bHXfgRwe
2lVLgsRENLhr7lCq88udyX
6Po2A4lsnVu0GrQ8Dy1nme
7DTTn7aeCENliHGmsWkMFo
6GH9BAxbNjCmBVTh8wUxkb
66324Jt0mZdXaM7f8uUitE
5EBvHC0SGFJDenBJafqOX4
4WdopfTdSd0nCLropjhsgH
6wZ0H5BbKeiUAYUtxGVLuH
5TEvdyAtCobi5QOnLB2jQL
5smLKfv8DYgPa2Av1lso5f
1JuChOEPH0Rceq573FGQSK
2u5Vw3oIl31seMXOybYCun
3f5pvmx2Pv92r6a4ERD6Pc
1q8Y4RFM9W3xt8W2zjBAPf
2wRxT0oLnINBO3hPaivUnk
4SAeLRKTvdvEKUvpYIoBzT
0T7tq31vimg4GfottWxL5V
0Fd8vc1IdwxIRVk4fHyhOH
2naCQzUdZSGcdVKwHOX7m2
6YVadNdtPx7g45KRAwgQbC
2fJxwz0aHPhSGiYt05UJsb
60OoXX4BYOM6AqPkyK4RE3
3K8hcmiEnCiVFqqHoMMz4q
0d1rh7Iq1OHTd9mXhj9t9o
4AewKenHXKBt643p473xCk
6xwak2gJxMwbLBEJVier7X
6GyKm6DWZqF2el8ItMfVIK
4u9Y4Z9i9VaAbBK7rW1Rha
6e9s42iBN7bt5QvCvFlVUs
5lmMoocYsTT0yRgfMSDizZ
1vBuGoVoQOuKJwD1IoauoC
53ABeRAN6mqW67pQsks433
4rx8uIKssxGV1S1lCZMgLc
6V2sMppHFLOWzM1X1aT5VS
3px2rAPu74ltbkf9eZsZ8h
3ek4HgBlmvkTWgfT5sTSe9
5MsZIaCYY6Tsdph0LiB0hE
7HuBDWi18s4aJM8UFnNheH
0jgxLORpTXdq6kGrr7aBAk
6IY3cC281mz9q0bViUEldz
7d0R90VzB45UWf3Aey0X22
22oEJW6r2rMb9z4IntfyEa
2WQn7Yvs728KZmmY6tgWqH
2x2SotEkKozaFh6H1aVnOZ
0Tpc0c8WaTnbYsoWoJ06k2
2UvO88i50M3SzJvtRWmDed
6XEPmHllDGDaO4w84Xjtgi
0VE4kBnHJUgtMf0dy6DRmW
5EBvHC0SGFJDenBJafqOX4
2tnk7NUXUCcX326HqfokB6
4F4skIPOcmPAEVQauG3GVB
4ObATYHHvXXlJJQ4rPKU2s
3ewKQAIFCLDk0mbhV0HjWE
10N1an5e2CqmvHd2aGOENW
62A7y2i3IY5Cako4cSoaVw
7rBJG1BewE3VE7NRbrOhFj
4RvDYd4R8lIqxGsdN8kiSH
7k9iVpyeR5ybSPSkvmAP6K
2gZUPNdnz5Y45eiGxpHGSc
7vBBL9qR7sgvb0vD04iLTk
7oolFzHipTMg2nL7shhdz2
1We9y0dSphaMHt4owfGWpw
79uGuP3o5HO5ZlXTWbq0LW
50ciUo89kUtN2CJoyeYBPK
7BWRB2MRG3vtAlVCxEgp3r
3b3eu3uMp1b9xPOHbfSwBi
4XaButfzRGK9aK8NN28Ie0
6Z2q9VN8XJnaMs2SF6LYIk
3HE50TVRquwXe9yv2HFoNL
442oJhRo1FtokeCxgC6PPg
1XZrMIHtCVJPqK29Mzm44G
2IWtloZYQDcP8Ashwx8QEF
4YsAIpME2xJ1YERIgmhnzc
2IHweATl0BEqrKgLrWf8qz
2bDXmdP23tCK9uj8e2o3ya
3Zwu2K0Qa5sT6teCCHPShP
0cOrNgkbsWJYmxzf7T9nUd
67OWW2AK0Q1FqBatxyt1s5
22VaN4GVKegAI5GqXyC4M7
2IO7yf562c1zLzpanal1DT
7yKRfKppKVW3MdhRbGHtI0
7hNx9Dynz2fRO41L9AEVA8
5M1SWHde857vRxDgSpLQWy
5PxFv9yJEg9dxvbZggykro
5xOpaEzmpHTp0QdVKaRbLz
6knYNyQupBIbBxV8TMOMYM
5leOhwmC0JYwAPxo6zGUHP
2eLxEzMVfiQih0cJIWIowm
07NxDD1iKCHbAldceD7QLP
3OXpdrHLT4IqM76RajgM6Q
3SKzTIl9mW0DadTys9SFo3
3QTDzwSkRW04FVPo6COm0H
2MvvoeRt8NcOXWESkxWn3g
5FwhI5GRfdB3LlWJjZrnr2
1RvcrQtn7y3Jj7ZtDLQcY0
0zAJqlBcRSvrcCae4TwkBv
3ybttms1Zl5kfsSl2QxIbP
5VL7pScLlKe4MbB8EAivgA
7nFAVXIBZ6sIjFnSH0SGuk
7h5vsnbygkp5EXbRgXQ77g
10ASBwZsp7oUUDsJEYz3uS
3vITt13lN9mPIzoEFtQick
7bhSQqbyUvFVfmXgkF028O
5EBvHC0SGFJDenBJafqOX4
6hHpXo2XMMKR5lIfa19aLM
0VGyn5TrmY6oq05Ynj63Hz
4vG2vtpzK05uFwi1ozBBUZ
532hxtoAJTgkjt4d7NlnPy
6TGapnqEUkkSBanKyn5qYy
0slW7U1gWpQ9Dx2vWWp2ga
4U38hORPx8SsUAXGumsUYN
5JFkJGxIdENhgXp6wBv83F
7IDKIfRltN07TdsdTVtRHh
4UErgRhgSCTfmSde2FEzsV
0VE4kBnHJUgtMf0dy6DRmW
318EGw5ZZB8U5MdMWQwxZQ
4aeeCpqf5hikdGnzwH8q0m
16D9AzevsZAh4GfQEYIo7I
5ihELin235AcfzK9vnU7zg
27O9FuS1UIm6ZyLplgLQAH
7k9iVpyeR5ybSPSkvmAP6K
42bzN3FUTQ9g8YNX8hgCVW
55N0YHhO55Q1lWsc4dDPcI
5OndtwLGA9O6XHFcGm2H7r
3ETkHnOoS67crn1sMlVNVZ
00WVclSOdTPuLYTott68Wl
3gYmxPUPKfn0QqjsJfPU3e
3tJjZMHLqhD8DaGgdBICnc
3r31saLqiDxYM8EemZ4m7b
3Ye27ZdmeKVjLBoOQHtXPN
49rpdsNYJirTTf6p6mMvag
5dcYoYFAXh0f0qI05AoufB
1N54Dn1u4LmQOhRPIg9Rii
0lmMtDQ2ElasKU2qDAE6NN
7s0lDK7y3XLmI7tcsRAbW0
6LTQAaWl0Nrnt45ln6iKf3
7vBBL9qR7sgvb0vD04iLTk
4hRz7rOTUet8jJpXgWvoXh
44BrW9G0DSu50xItRb1gFK
73A0DxzMGDhVGsvHQSaaBq
0quGJukpao2TNHd0gIn1pd
0eSMZ33PdyChF1lhBhLl3N
15IYFI3Mm58gOH7dLmKI3w
1uXdwIjrjtv0F7a6ASjCjZ
0XJDfLHO7C6b0GpjeB5mpu
5bir8G10wUrNepFWgZY1UA
2xu7bTUyvvJMBMi6JXvWAZ
3eoEriMHjKEpyNa2BFmdSm
2rmq49FcJ4U3wh1Z7C9UxE
0l2p5mDOP3czJ2FpD6zWie
1isQMKYmpvJ4tOP8R2qkWr
7iES5ExYrIBrYuXMUfPmA8
6Eu31gddWw0gOGO506pJYA
0CpxIwmIOKHOIgxupmRMNx
7oK9VyNzrYvRFo7nQEYkWN
5johpJIVjqU2Ki03DOA7Jr
2i0AUcEnsDm3dsqLrFWUCq
1q3RiD1tIWUpGsNFADMlvl
60jI0JgMLLj1VggHJVhtRs
