4RXpgGM7A4Hg7cFBoH5KyF
0yN4fNzmVnmgC0dsOoi9Wh
6rUp7v3l8yC4TKxAAR5Bmx
0jdawN7rLl2NmJpzLhQPt6
3vIw7vxgUTPtppVwMfhcwo
1Himp3M7IH46qw2yBN1Fxy
2minGOKYLxaPj9oYajC2Oj
2IHD1Rs6eKflvJ58XZKEWw
4sjLcE0GQ6urc4iUXsUPe9
1HNkqx9Ahdgi1Ixy2xkKkL
1uiwlmWedlNpzAxDSRGqdK
1JY6B9ILvmRla2IKKRZvnH
4JFTOshl2tCk379jFm9eyy
5HmAnj4Jfmxo3uj5FuWHts
7Dbg5O9nNWu6SWxDjJ9qoq
6xPwcnwKGZfeLxCHMtbVhu
1eldnM0T2A4fpYAmezGdZ5
0rFOs9paloAvEtzwDX1Kmc
1PlMbi0Qkrlp9yVFM8JEXp
41cySzFF8LIngCxYqvplnK
7JIuqL4ZqkpfGKQhYlrirs
3Xw3yp1iuYl3n8oKmWk7YG
1g1TeDflB6atAy7HKwrzXu
54C4TfHY00UYEnhMaYgfqZ
0QIYINh2AwmOmdu8CRYvlw
1czaCgWLWgqp0eRIZ0BcXh
5rWIO1uP0GwAoU45RTBJ2F
65hRZOQkVjmBdusz1N7aOv
