spotify:track:7pDHM9huHHpRc9CrxZElsW
spotify:track:5SmGnoCR9tMVxYZw5x5yFi
spotify:track:3NThdlaoCb5xdwdKmkpEYC
spotify:track:5BMwpS4iYKR30kq9U9beaT
spotify:track:2Zj4FUsMtu9PMuJsHbGbdv
spotify:track:3G6wCUUC1mg7EvibRU5MMt
spotify:track:0AJUX8BRUehB6RHPZUOoYS
spotify:track:2takcwOaAZWiXQijPHIx7B
spotify:track:1cYtqvYDbuzjgSJsAkTRaH
spotify:track:1QGnq9t4JQTk80eGGn7gPN
spotify:track:15ZDD1aPzLMKSaSVzRvQCY
spotify:track:3UhxppZQkfk9WniMtjpESF
spotify:track:0sHW1jXe6Sou3437gJQNGA
spotify:track:6JKl64WANOuXtWwdPdi7Vp
spotify:track:7nHaa4UQxP8ufOBBFbgVxh
spotify:track:4hzTpj2NnAGArq1Pz78Xlc
spotify:track:69IuA9oVaHeQPl9H0JUJ03
spotify:track:2c5Isyd07hWsl7AQia2Dig
spotify:track:0rrA6EU6hcmT960EuTIkyf
spotify:track:1v0uVPU6BWcbog5BiWLWVa
spotify:track:0LJp1imLp25L6loDVPDMGn
spotify:track:2kQUGIvhXnnBvpOw4taoHE
spotify:track:5Uf6OfGfz436zAegn1kui6
spotify:track:1r1eLyNsVZXrXACCVB1ADE
spotify:track:4SWzLstnBnIqwI8BewA3T6
spotify:track:4MDr8PgJnW110Dh8LQ8OxD
spotify:track:4ImIJRZNJhNQLLdUFSYJoS
spotify:track:0fxthwNTpwV8q3EbjXiedL
spotify:track:3EnD9mAbEHTFKDGjhZixBL
spotify:track:6lOS1dPkjHlAzRCMplJupN
spotify:track:3rFVV0U7Ch6lzVB4inat9E
spotify:track:7rwXeI0bXaZms9zgC7T32Q
spotify:track:5JqNS5wpni46x9z3knH5rh
spotify:track:4pvljOTffL98X3b9x86HRu
spotify:track:5ZrrXIYTvjXPKVQMjqaumR
spotify:track:0zyFMqIS8zWHncTvL03rKw
spotify:track:7aATFcH1ZVz8bMdosllVSv
spotify:track:0jqblvsI9LBY4irmLVqqEO
spotify:track:4Y6IuL8GCahtErDgvPuwY7
spotify:track:3psZznPuEs4I1O7cxtekBc
spotify:track:6ORqU0bHbVCRjXm9AjyHyZ
spotify:track:2G1rPXfIJCvGIOuOSilcyL
spotify:track:2F8mhprAH20PKf32agtk1d
spotify:track:46HGgtwmmuEB8mvDCyjyAc
spotify:track:4dzOxPZFYX77xpMwv4EhnO
spotify:track:42GP0xKtkolBnmqQRvSllO
spotify:track:1ABorWoCLZFtZ2CfkwIoPW
spotify:track:7lWF2mVr1KKbVnaT2nSlPo
spotify:track:1jKxmY0AV8nx5lQfEHIJsv
spotify:track:6GiZAcP38LvawinZUqbLst
spotify:track:7id6BbuOj3TA43Sviybxdh
spotify:track:35GS3Vh3ouARXMpsmZeXJy
spotify:track:0d28khcov6AiegSCpG5TuT
spotify:track:03v70ZBxmcPX3RWAZMzqaW
spotify:track:2IDaot6HBRmqldvBjCp0iA
spotify:track:5vmKqpjVjLIXsEhKoZWRsf
spotify:local:Taylor+Swift:Speak+Now:Superman:276
spotify:track:77WO0JSWRfhu0ek3Zp2amk
spotify:track:2iG3f8JUFgLIVddPlP1zap
spotify:track:0KQ1LhU7vGiXqn7eAw1nfl
spotify:track:3zZ009FB8sc8JghwVrbLFq
spotify:track:3F6czr26ZwGU5O5CHY04Ma
spotify:track:40iwrZY9oYZja1hzVLTrNH
spotify:track:2fLXgNuhqugprkOOpAqRHs
spotify:track:714Lw0m2SmCEhKSPw0Dn8J
spotify:track:5XEL3twxJPan178qYKZCQJ
spotify:track:56PMSIrOK5iZDbRti08Jai
spotify:track:6od5hFv9IT5JHc7NEF9HRv
spotify:track:1Thv8uCYzyOFC7PME9J936
spotify:track:5QZiC86h7fUHnzQsOOyPMF
spotify:track:3WGGbVv2eD1hNE6rkAFdwP
spotify:track:6RGV97HIkgZJjme2dzilfg
spotify:track:1ePQDkXe2uyx6PZl8w4mKy
spotify:track:7vvIpJZye5cRR6De1LKM0m
spotify:track:2pXDScNtImSgumK0gTJcaj
spotify:track:1wJL1A0QUHJPf2cm7tsrdw
spotify:track:1JkAqYfZYYFueOAN7v2Ump
spotify:track:3EEHhK9WJzs9y0XMjN40SX
spotify:track:57MOpbjOIoWMZnstWOtfm6
spotify:track:6ivwIJGFnzTRPG2dHvKA07
spotify:track:0oOffm14wM0wF2y5SJgS1f
spotify:local:Taylor+Swift:Red+%28Deluxe+Version%29:Starlight:220
spotify:track:1FMHNVeJ9s1x1l1WlaRs2I
spotify:track:0YyBaPhV9rGcDhs3dS7V6q
spotify:track:6NDaxwtVhUHg49bTc99l2S
spotify:track:4fwbGKNExPtPHbor1TBSY4
spotify:track:566zgZLzBL7bNPop5Yjd18
spotify:track:3xyBWT6CYdSZ2GVeXWyiWb
spotify:track:0gmbgwZ8iqyMPmXefof8Yf
spotify:track:2ythurkTtSiyfK7GprJoFW
spotify:track:3S8MFB68isPbRVgaU0MaIW
spotify:local:Taylor+Swift:Red+%28Deluxe+Version%29:I+Knew+You+Were+Trouble.:219
spotify:track:7LZnS0sBGtsknLDfOZ2NuG
spotify:track:3h4JgBHcWM7A4CBVI6csau
spotify:track:1wotytPfCINZC2236odOFH
spotify:track:7oA2oLRylvnkJ2hTGEHfvY
spotify:track:2cryrajucGmbV6mwNUhQPB
spotify:track:69uxyAqqPIsUyTO8txoP2M
spotify:track:3f2EosAB2F4ARFTHmufU6w
spotify:track:6mJ5uZ33r2y1TRrax79k5p
spotify:track:1a9YW7fATU351ok4zWjU7a
spotify:track:6NAmbftWAovcMCnJzDCFsU
spotify:track:05uGBKRCuePsf43Hfm0JwX
spotify:track:7GaiXtje26gnTVWE1iCcHl
spotify:track:3OT3Kg4jyVkdZm4Ncz6JgX
spotify:track:24DefNCFiWTP8OjYWiXuYe
spotify:track:4wh0E9OwMCxcaIKTg0Mts9
spotify:track:5g9SKZp34eb8DA1cAMcbOn
spotify:track:6WxKWMr94fOWEbrlvLgmBL
spotify:track:4lLxjJN7z6BfG1cETXwlYC
spotify:track:51V9ZIgSSTMQbGTdoIADgK
spotify:track:1lmdDzq9swc20OSPjDzfN1
spotify:track:06sFR9S0sA51GdrlLt07tb
spotify:track:0A4PZuepTcIQVvA5m7R0M1
spotify:track:0bD5aCBb46dEtEVkv9hd1m
spotify:track:53qU2K55RJgfs9F50irpB3
spotify:track:2Huj4UA5V7PkcmZNFwlTO9
spotify:track:4AVxmpwfXH7p4YyTbg9nS4
spotify:track:65GjU6KDPzF5IO143vvTgn
spotify:track:0DxN6Ywom8nnndyQXdSBPy
spotify:track:1fJMIM2EWYgOUygXevgXki
spotify:track:1MZxQrYszhFP3Sb603swtM
spotify:track:4FftkMF1YcHOo33TlC1qNF
spotify:track:3heDU39IBfiespWweM21qA
spotify:track:4mdjTz7RhMC1MPPVu8jNYR
spotify:track:3DamFFqW32WihKkTVlwTYQ
spotify:track:4DMKwE2E2iYDKY01C335Uw
spotify:track:5cS7BXwXpBP0N4CQ5DmuLl
spotify:track:0V6V6fwKxTHDrsLLmgW432
spotify:track:5S4iqbelathvMs6wlkXfmn
spotify:track:7kw6yVmdZGuRcWGi4adXYT
spotify:track:6ovIVs8DCsxftAHeeSies2
spotify:track:0SjhCnjTT2bXD9RtU8bFT9
spotify:track:0NfwNHAyi4s9HVes4JkaXA
spotify:track:4Gw1KdXp3zzAQgBpM0F5Vu
spotify:track:4JtvyWkWQTPVcroZf8JJkp
spotify:track:2nmL3Tb25nvkUnwjwmL0Sq
spotify:track:10r7XYNprDW5JnP7IlDo0O
spotify:track:73OIUNKRi2y24Cu9cOLrzM
spotify:track:5TszU7jNHgN3hpISOnLAdF
spotify:track:4o4uUXJVFWk2U60R4Fz9s3
spotify:track:04eCeJ8DgW8QbaXudicLCX
spotify:track:60rHc4AkLlP4XVSATvBb6K
spotify:track:2fTom1sc4WE2jugw05Usfw
spotify:track:1Q2fYlSdwuutWj3QplhY9q
spotify:track:4izuXPnl234JvumGNh1OSn
spotify:track:6VOWUjl7sumb6IpBPkjQat
spotify:track:3fttmSWGThBQTNkuHMoCTN
spotify:local:Taylor+Swift:Speak+Now:Enchanted:352
spotify:track:4Gx4trpKEbcJy6JarDuNvR
spotify:track:208JVJOFkAYrjhuHKmvcfB
spotify:track:4mnVTZqDC2fy2Sh1ooKEse
spotify:track:7BT9K9BDqq6HI2oWH5UMZQ
spotify:track:5hkgrWxkobGtg30I7DsfVu
spotify:track:5hQGVKSgTsh7qaReZzVgtq
spotify:track:0XfOV7qY3834QpFVwOb6CC
spotify:track:3RoQX4ou3qYEASsuC7YAWD
spotify:track:4mvQXr3EeckZIBmlcxLqXe
spotify:track:2J597HFRsdS8nUpHeHuJt7
spotify:track:0sh4LMVyTlLbJhCjaaCmri
spotify:track:40lnMoI2VOareLk5CLvneq
spotify:track:5nyUqodtLIP5Ncuv2hc10k
spotify:track:781Hf1QvUyIsUce7knsEtZ
spotify:track:5knuzwU65gJK7IF5yJsuaW
spotify:track:6HoSnCcw1gcOpsVMgkT2Ue
spotify:track:3S4BiRQRKdtj4GMc5fz4or
spotify:track:1EIyfGwBwpi8EfPo6sY6Xz
spotify:track:6OMO6WdRhSfjMPAiPT94wH
spotify:track:3ulIErpIehDSLfmQmUax5g
spotify:track:3DDGhkxq3FeUorZppSgeLE
spotify:track:0zDQZadax2mRUmACcXt0wY
spotify:track:5W3cjX2J3tjhG8zb6u0qHn
spotify:track:5PO56MKO8gMq1PSwWdeAA7
spotify:track:6HSqyfGnsHYw9MmIpa9zlZ
spotify:track:6SpLc7EXZIPpy0sVko0aoU
spotify:track:2TjdnqlpwOjhijHCwHCP2d
spotify:track:4D6TLRakmgJNJ7rKybL20g
spotify:track:4BmtlltxogluXRfj4zUKcr
spotify:track:6cRXFhZwfCoqWrmqEeKmeS
spotify:track:4ZCxoXIdwxGgT7msEHSp6E
spotify:track:6OrkFMSh8cfiJrXFsFT9uX
spotify:track:6L89mwZXSOwYl76YXfX13s
spotify:track:7f0jXNMu2xjQUtmKMuWhGA
spotify:track:5ye64NadJkW3uqpFtnVsky
spotify:track:0U8azVJLFJhIqAbOqoPUMG
spotify:track:3Te8uLyit6X3ncNW8Fp3K2
spotify:track:2RVei4MAwAu0qCQiECU7FC
spotify:track:2RVei4MAwAu0qCQiECU7FC
spotify:local:Taylor+Swift:Speak+Now:Haunted+%28Acoustic+Version%29:217
spotify:track:0gfcxQRl3Q8CipxiHK5hdu
spotify:track:3RgDvs9Jpvn3kUuaTek1R5
spotify:local:Taylor+Swift%2FEd+Sheeran:Red+%28Deluxe+Version%29:Everything+Has+Changed:245
spotify:track:1QK0cJlXnfq3q7Vo8mVL4w
spotify:track:1pKYYY0dkg23sQQXi0Q5zN
spotify:track:3TO7bbrUKrOSPGRTB5MeCz
spotify:track:1AGBnwoQ10U8OLj9qTrw1f
spotify:track:0MsrWnxQZxPAcov7c74sSo
spotify:track:5Iy2Jj87Ha0C0IBlNE1I4y
spotify:track:0qzoXI6JRB5aYEaYA3GOFG
spotify:track:0EYOdF5FCkgOJJla8DI2Md
spotify:track:7afSN5zhUhkbpRFpYKYztK
spotify:track:0JswmIBSn3XZ15wEEtH5fj
spotify:track:1j8z4TTjJ1YOdoFEDwJTQa
spotify:track:4dvQHoRLpyBbAknpvNsrCX
spotify:track:7BrsBU0BAytRDvROM4yCbn
spotify:track:24M9uvzV2pvvggVx3FY9XN
spotify:track:0XXHgrmZAS2GY4eCondzGq
spotify:track:19GjJDdF4DB91OpSe63i8N
spotify:track:0RqYFlUvMjCfNG9oP2KVuT
spotify:track:79koEJRtKOOGJ0VSAF3FMk
spotify:track:6WfdsIQnTM9O5qPMToXK1J
spotify:track:5GyQUJKq4c9CTQtKPuP4tV
spotify:track:7gdwoOmi258QJq0hmQ4hto
spotify:local:Taylor+Swift:Speak+Now:If+This+Was+a+Movie:234
spotify:track:2mLvvy1t4MgseCIevIf9yS
spotify:track:7l9uOhfVJC8Y0c6PXHrgbs
spotify:track:0H9P0dEUCtzAfdW1FUUvvU
spotify:track:2Z0yzmI4MR3hBIQBEhUveg
spotify:local:Taylor+Swift:Red+%28Deluxe+Version%29:State+of+Grace+%28Acoustic+Version%29:323
spotify:track:7KEajVD9AUG68onXRSFZTv
spotify:track:0KT6DLAELYSbgfUemzwGPX
spotify:track:1QjlUew4He1Q07YT0Ap1YL
spotify:track:1oew3nFNY3vMacJAsvry0S
spotify:track:1xMT0HHQbQFmGJXDq1ApgX
spotify:track:26s79pNvksAh8tlEembKm3
spotify:track:5Uc37Y6FijZcM538PqqkWd
spotify:track:3Fc94ozji9JAk4s6FEpiIb
spotify:track:42yP7b4dKZIQanW3YVr38D
spotify:track:6rZVy6FIG7lSJQMFXHo12z
spotify:track:41pFyxOpS119Pb8JEzhx0w
spotify:track:7yoBjKO6cCnK3zV8gr1k4e
spotify:track:5kRBzRZmZTXVg8okC7SJFZ
spotify:track:2mubdAZmQlrUJgbom3RVmw
spotify:track:084rSj3q0GY8R2HdfA6fba
spotify:track:1UGD3lW3tDmgZfAVDh6w7r
spotify:track:2YHZq64qZop5LnGDgMZiX3
spotify:track:4rlZSOs9kOzMh6zWZEqblY
spotify:track:0QXM4E1reBkRxIaJRvIYoi
spotify:track:5GT9AfEVrQvNMFb2W0Tqns
spotify:track:4kgGJcXALI1ppNA4NdkTw9
spotify:track:3HVr6jTVwBHBa2flM0eURR
spotify:track:6iWMI5oOhWrDbLbjmwTWFq
spotify:track:23oxJmDc1V9uLUSmN2LIvx
spotify:track:4pJ1UhXr5TfRKNDsjOT0Zi
spotify:track:7pnPHYh2f1IskeztjYVrin
spotify:track:46xde77XQfUhZVAPIpgHsI
spotify:track:0zMzyHAeMvwq5CRstru1Fp
spotify:track:1VrL0cYfnBlsSEIHuGpB5v
spotify:track:2ve1HouBhfDbqROVQm2IBd
spotify:track:18BJ0b9l1bKiKt0oCP1GWC
spotify:track:2HGegw5KT02EFjKK2uZ2hk
spotify:track:2iaCM7WvOknQI1230hA9eK
spotify:track:2ndJQ968H7uRS2rrYdEaQ3
spotify:track:0mPAmCEHLgv0cV6xar6Jj5
spotify:track:685zlleGxc9sPJea7jUoMW
spotify:track:25fzRhxLRc6CfwJkhap0ri
spotify:track:2oqJmGPAoouw1UUcYb7sYU
spotify:track:1tq8DD13OxqEf5Y8t0hB0Y
spotify:track:0FE9t6xYkqWXU2ahLh6D8X
spotify:track:7xYHz1wlQ9ok72d7CuHOAy
spotify:track:69YbTsCnYbowHLAmMUCFEd
spotify:track:57BrRMwf9LrcmuOsyGilwr
spotify:track:5YbZZ2gYfvW1UvHHF4pVaD
spotify:track:2RsTjad1nVUGrQmSoL1m8Y
spotify:track:1z6WtY7X4HQJvzxC4UgkSf
spotify:track:2pJZ1v8HezrAoZ0Fhzby92
spotify:track:5ami95W9OOWQPwrBb5tud5
spotify:track:31b3ZlKzh0uN7FAeoJg4DF
spotify:track:5Z01UMMf7V1o0MzF86s6WJ
spotify:track:0mNbZHAYHl0HDFWDxv23Zf
spotify:track:1bkcJqB4wcsALYdbXxYUGi
spotify:track:3kZC0ZmFWrEHdUCmUqlvgZ
spotify:track:5pRElcsPZrgZXkoON2o5Go
spotify:track:2lwwrWVKdf3LR9lbbhnr6R
spotify:track:6GZadTnlBL42Pnd3Ab6eOD
spotify:track:4laDXh3E5Hbnb481yfGoEP
spotify:local:Taylor+Swift:Red+%28Deluxe+Version%29:Girl+At+Home:220
spotify:track:0DANcJuMamcL9NyYkEWWTq
spotify:track:5UHuDjuj0K81ydgwtdyPrd
spotify:track:6wmkmBc9nByb1dciYGj3I9
spotify:track:2XV2ha4tZI3HMFyJMo6sHv
spotify:track:4lKXjLzAV0Nxwln8MxHVtQ
spotify:track:0IedgQjjJ8Ad4B3UDQ5Lyn
spotify:track:3RGXI4Dye5QAzsdnv4BW2w
spotify:track:4tMOesd7zi9cLH7KZh0DcP
spotify:track:2LuK1b4aoLoBiZrL0jnfYv
spotify:track:4qh9ijBm0RTPQrRVjvl52r
spotify:track:0eGsygTp906u18L0Oimnem
spotify:track:6TwfdLbaxTKzQi3AgsZNzx
spotify:track:4FGQwSKgEykxtBwb2px8ug
spotify:track:6TIU9Ehmi6dMzZK73Ym4yj
spotify:track:4pJi1rVt9GNegU9kywjg4z
spotify:track:0BThmcV5jOQywT3aEX84zA
spotify:track:4cAgkb0ifwn0FSHGXnr4F6
spotify:track:6ZxrUCaynLgKSUudACOTwj
spotify:track:5efvxYn0J1q8iuIZBqpDD7
spotify:track:0BCPKOYdS2jbQ8iyB56Zns
spotify:track:0vqI4ZIMuifeKeItGiWbPj
spotify:track:5WMI5ut3f3yEPkfwjLaIUa
spotify:track:1xI7M6PDSXLll1dt9j2snA
spotify:track:4vTsOYAocjaslUONkx2YS3
spotify:track:63tycjfdyEiR0yFincX4oN
spotify:track:4FqMPJlvfY5Nfo3gRKcNxl
spotify:track:3fxW8hal5spPoqA1gcChgx
spotify:track:1tDWVeCR9oWGX8d5J9rswk
spotify:track:72I5gb06T9KIESon4AWY8S
spotify:track:07q6QTQXyPRCf7GbLakRPr
spotify:track:5vMDvp6nUnTYhl5NMpgOnL
spotify:track:3ekEvZ8i655Fgm9nSatjjM
spotify:track:2OTRuh4o1NXVO4Rta3Lgbg
spotify:track:6S9G7J3EB1ZY0rrZPwsBg5
spotify:track:4YhITuwINLCfXYB2WCXbCZ
spotify:track:2RM11uElCksFYP5P6EArNC
spotify:track:4I116SyJOoimDfIZBIOiiA
spotify:track:3c976T5zmr73Q1ycNRSE4J
spotify:track:0ZrmMR50kMeWgaZHI50wW0
spotify:track:5jdClu7X0U5TgVr2ObewxS
spotify:track:55ZMtL44qg3nqbUR4GjVt4
spotify:track:5FVd6KXrgO9B3JPmC8OPst
spotify:track:78aiIrU6hD6uyUIY3hfv9b
spotify:track:0cjzWfsVATdkVAXKpJE3h6
spotify:track:7cUtgnZO3tbOfIAUCG9VWd
spotify:track:5VGlqQANWDKJFl0MBG3sg2
spotify:track:0ZJk8kFxH0byW4sGCNxdJx
spotify:track:50kpGaPAhYJ3sGmk6vplg0
spotify:track:0RchWnEHETINMAyrTrlBmo
spotify:track:2d9YeCShMvfYLlua8ZFtnv
spotify:track:1bLl8NFTI1mFm92k4yHIAG
spotify:track:5Dg2h1wsm7ZijCo0yLmbvR
spotify:track:5AsmAjBSSQjRPWgAYIp8tm
spotify:track:6YgV0EF8xJMZz0Zm6BTaT4
spotify:track:5enkcWAYP9O0jpMTqOFMEp
spotify:track:2mE5V5Um7DoYSnLxZ1UHpS
spotify:track:0u8TLzOnwjLHMHwpQTtXpY
spotify:track:5DutiJxznQmcV5a5a1zfRW
spotify:track:2hIixlz4vIz12AwrHCh9zz
spotify:track:60a0Rd6pjrkxjPbaKzXjfq
spotify:track:6C2N4vaPhbpcmiYRSglcht
spotify:track:53QJMb83ZdNSXApsEY3zjA
spotify:track:7C3fJ1q01IQ137IQTRwmVZ
spotify:track:2zRiYzBzeabQQ16BK3c6jk
spotify:track:0THbsvMRmCHpFT3YLX301c
spotify:track:58z0UMtAZKL7bKcTevGNfY
spotify:track:4ClGNWLK9vZMBtO0CpnyOE
spotify:track:0gbd8TDNi40WqKBHvmGezp
spotify:track:13P5rwmk2EsoFRIz9UCeh9
spotify:track:6jg3Om6ZBMKlylforWGPEC
spotify:track:6gf7bTvp2KKvNz2v0Dbmot
spotify:track:4JErskWxmILvav6U2PkTbn
spotify:track:6wYseWUX1OOmuQOIsUoY3K
spotify:track:1WYEDcS7WGjv0rG7rmMX3o
spotify:track:4h0EXpatqJImv4VRgvX6po
spotify:track:6DRJNPDv2ewhs7a84ZmrNY
spotify:track:3ZWfk4Bi9o4fp7iNAjpXV7
spotify:track:4ONObLBeax6CJmc15r9uCS
spotify:track:7vp8FRALQOgCisHkJ2RkJx
spotify:track:118kolZnbJBQvbOl0D4C71
spotify:track:5d7wn8zwM98iGU9ceTHvWB
spotify:track:3pTNVDJpzaLxiZnbC18SMX
spotify:track:68qn4zg43qU9GwLCUwsBRQ
spotify:track:6WqJowLRvia3c98my3DgJm
spotify:track:7zCdXEGG92MaEK1fj40dAg
spotify:track:044ht7MYY0h7IyakDjNNZG
spotify:track:6IFa4RUo2iM5L33Hkx82lr
spotify:track:0in0E4LNaB217ERYvqb6Sc
spotify:track:3lMiBDoKSRJfSrP6mLqGut
spotify:track:76G0nDbOfQClIxisJD2IIB
spotify:track:5Fli1xRi01bvCjsZvKWro0
spotify:track:6W8YvRrLmwB7phA6hmi55d
spotify:track:3kxfsdsCpFgN412fpnW85Y
spotify:track:5anCkDvJ17aznvK5TED5uo
spotify:track:1t6n18rlXyic8yohYQ1UGY
spotify:track:4AT7e5rRYrndwGlXOd3by0
spotify:track:2gZUPNdnz5Y45eiGxpHGSc
spotify:track:6XDBA3QWX51lDJ0oZbaJJN
spotify:track:7xpraKSakDJ6WWgjQEtvgT
spotify:track:4iG2gAwKXsOcijVaVXzRPW
spotify:track:5NAeHnw1NFFdCOFSvamhMO
spotify:track:0It6VJoMAare1zdV2wxqZq
spotify:track:6wcFdMmiDscAhZJrcVFumx
spotify:track:0K3o9naMlVtYhsuG5nFlAt
spotify:track:3MrRksHupTVEQ7YbA0FsZK
spotify:track:1fnoHCcNPvcLx2ZKyTVFg0
spotify:track:7mZQtWxfvryJZukgHIwbm0
spotify:track:4x3qqSA4cP49oZQXPLnDBe
spotify:track:3vv9phIu6Y1vX3jcqaGz5Z
spotify:track:786nN4YT3wuRQFXzLN0PQ1
spotify:track:11EDhDAVDtGPoSar6ootYA
spotify:local:Taylor+Swift:Speak+Now:The+Story+of+Us+%28US+Version%29:266
spotify:track:2BTNSRTEiLwBLc6oGUp04P
spotify:track:38s4sbLZood2eUTelSO3ow
spotify:track:1fLdeDTrJWNkwOeFyAVLvF
spotify:track:5N9kdor3Bb7PRdoaj5Lfdi
spotify:track:1T8E0jQVZdmXsptl3wpbah
spotify:track:6klpXs2uAjagnZMFkt4qkl
spotify:track:4gQ683QJzGz1Y4Lmml68c4
spotify:track:1FCQEg7wOK9IIBuxx63krr
spotify:track:48n92l7OnLEURhalUBtsl7
spotify:track:2QrQCMel6v2JiLxqrg4p2O
spotify:track:4D6TpthzUVNTjWQqfBW5Kb
spotify:track:5EcJbRgrUs8iVeB5P5Ub58
spotify:track:0Zwz1reeqSoTkGsfFV1ssn
spotify:track:53HB5JSWYUQTy0JnAUuKz1
spotify:track:6TNYYbjawzzyjZxl7YcN4n
spotify:track:06h3McKzmxS8Bx58USHiMq
spotify:track:4yqmU6n6tbYKf4cpmL3tuu
spotify:track:573latfTMO7SpGtStVrQx5
spotify:track:25GC50HslaaruyrKjdu0lP
spotify:track:00QyLmjxaSEE8qIZQjBXBj
spotify:track:49nmsafpkJp2lDj9b4jkxh
spotify:track:5nNmj1cLH3r4aA4XDJ2bgY
spotify:track:5zyCYmiaVE5y26EZuwZbsw
spotify:track:3k1WiP0JCcxMklWJGgkblv
spotify:track:53s3t2XXuBUZDx0OB0II5s
spotify:track:0JtIWgsblOvJfpoyhGkFuS
spotify:track:34gCuhDGsG4bRPIf9bb02f
spotify:track:6R7qBBW1g9Ike9KohjoPzV
spotify:track:6lVkRBHhsNgaawDFIaD8YR
spotify:track:3GeLiXvn9nriUnoqHKRQpm
spotify:track:4q6bFbS5S0uY6uLuXlKVrr
spotify:track:5NFpNDUc9ns0upEeMqqYko
spotify:track:3imITUqEhkebNbOoS1yrWm
spotify:track:33DDppMGIj9PjVK2jUgM6z
spotify:track:0iWKdGODRV1sQiB7p2hurB
spotify:track:05Z77MHLPcBA2Wd5eDSJzl
spotify:track:5g7RkHNjnWw64tG6S6dxVu
spotify:track:5imIIivQiyz0LzysOwOU2O
spotify:track:1Owa3Ic2vpcfRCLSqa73NZ
spotify:track:1Owa3Ic2vpcfRCLSqa73NZ
spotify:track:6kznklcJJO70pchxxOC5tL
spotify:track:2sC2P3BN0IXujNaaSyDmtP
spotify:track:36c4JohayB9qd64eidQMBi
spotify:track:5OzIe9IL95B23n4rN59JZ3
spotify:track:1PTdhuGxA5yOhgGaoPOV1k
spotify:track:7yNK27ZTpHew0c55VvIJgm
spotify:track:53CfmyDc5M5gkDD10zy05k
spotify:track:4wSv1wn35AbZ3uEII4nPhg
spotify:track:4EndPA8b6FDWYp1RgsnLEB
spotify:track:2iZh6WOjytFkxHHj4TVQhk
spotify:track:449HG3mBGUA1Tf0eQFr3Ss
spotify:track:1ZWEsoqJSrtZA1qjlG02Hp
spotify:track:2ctvdKmETyOzPb2GiJJT53
spotify:track:4XOZaPYeMn9hcbpyS90NnD
spotify:track:2SSMQ8cql0cfI6aQaJBbC7
spotify:track:6nnRSenW3wPSSAh9wHfjGh
spotify:track:1jq28NGw6wdtFKx8MBPy6C
spotify:track:36dfGEKTGHxLmdNIYr0VTi
spotify:track:6xR41nXtGrZ8d5PuMq4MyN
spotify:track:0VMGkTgqqW2QRhjLPFqLVv
spotify:track:0afhq8XCExXpqazXczTSve
spotify:track:1c7ZZfxqJShmaixADKUCKg
spotify:track:5BS9y83wDNyLng22A846qt
spotify:track:50ciUo89kUtN2CJoyeYBPK
spotify:track:0N4NO2BmOIBWrCQ9r8Ei8m
spotify:track:0sdeLSxygcjyMyWPhZBdFs
spotify:track:4kRf54PG35X6wkYHqFUsbl
spotify:track:1vpIMSYon0vrBFWvciq0ey
spotify:track:3cDE9Yn4GrsxSrlMCLdmTT
spotify:track:4tr0W0F2RbpYMzbOzvLHmi
spotify:track:0SQnOwtyOpVG9QmHIF5U5N
spotify:track:64yrDBpcdwEdNY9loyEGbX
spotify:track:1qPtJXXdfyqUI5fALBUNDM
spotify:track:5sG3G54H21hNfd5etlheoe
spotify:track:1MDcQnYRod8hp8uDBIhwcX
spotify:track:7tFiyTwD0nx5a1eklYtX2J
spotify:track:1TNFOXxCmzx57mxZfuPOAN
spotify:track:2BEZkzfIWNFSNjZMAKhyAR
spotify:track:7lneLcDeYlo1yUkP2d6QG2
spotify:track:70HxZbVnoyrfQ4dIWgcYMm
spotify:local:Taylor+Swift:Speak+Now:Dear+John:403
spotify:track:4bO90UtXyCqmvil6A4CvnA
spotify:track:1Jj35pWytKHrwh36IanRVh
spotify:track:7zen3j1316Tsk5iEZuDOft
spotify:track:1lVHnLjYNIPO5PtQVA4qsQ
spotify:track:0knFp3lwo5PFnVm7xNeCPr
spotify:track:05kjnMSB0wt8hF2WGnkVtB
spotify:track:1OEATzM7c24RLUKX8rQVBg
spotify:track:7ogCeT6hnMW95y1Avbhd11
spotify:track:5jrdCoLpJSvHHorevXBATy
spotify:track:6qBjkG0b9r7tuVDFl68uiT
spotify:track:22L7bfCiAkJo5xGSQgmiIO
spotify:track:0pMUR7Uvp6vxlbG0qBFvgM
spotify:track:1vdDgAiDKpc5jslIqjfqTE
spotify:track:7K72Q4uLh46cxsEB9iRNbZ
spotify:track:3ek4HgBlmvkTWgfT5sTSe9
spotify:track:6fe0gEcwf4JWDptV11PhHw
spotify:local:Taylor+Swift:Red+%28Deluxe+Version%29:The+Moment+I+Knew:286
spotify:track:1FilS62obP9MgmEfbvCgkA
spotify:track:0zulYs8vHhhN0hl8wvYgdv
spotify:track:0ua0Go4NN4Td7l0Zre6Ce3
spotify:track:1swaR8iEKe5qyCoyCWjyvP
spotify:track:2o2KHNSVo9VNwMTZkKqHMb
spotify:track:26TNZQgw4n6ppZb2DCEqSW
spotify:track:3D4Xkcir5YEhk8Xidkd1dL
spotify:track:00lopN8UjPU58scvfgjSPK
spotify:local:Taylor+Swift:Red+%28Deluxe+Version%29:Red+%28Demo%29:227
spotify:track:3BQSU5ZuBfpJsTxYyCK9QJ
spotify:track:2MOIPyRXw0jerVZmefEsYS
spotify:track:7sN23y0QBZktcRVsVYQkIV
spotify:track:4Oi2wtIh11X7l2PRD7SCBJ
spotify:track:5ChkMS8OtdzJeqyybCc9R5
spotify:track:1j7GxBZfaXszszNvbQuL7u
spotify:track:6rpAJECCjVZG3cNt7o9xBv
spotify:track:5Rcs3fREgibWujLUlUb8KA
spotify:track:6RYO4OMLw6uEJ4XiaZUKpD
spotify:track:3yUcJwYu7fXAfqMj9krY6l
spotify:track:6Ac4NVYYl2U73QiTt11ZKd
spotify:track:6W7EVJvJBIEuXMc9b7bHEQ
spotify:track:7nrtHjt4Vk4Z5jMHOwaS8F
spotify:track:4ksGuAeANt8PnrIfmPgTRO
spotify:track:7KSjlzDJvwAG0utAYE9Vvg
spotify:track:7zgveKrOxukG95vxIO3KHd
spotify:track:61N3CssJfDd8d4JJlGtqGL
spotify:track:1LytkZ67Tquo5A5TyzqVcZ
spotify:track:5lDriBxJd22IhOH9zTcFrV
spotify:track:41pOIT2t1rvr2Trg1HQChZ
spotify:track:4wTrkNiwb0bdSUiKL3g5kQ
spotify:track:3m6KkYKdnbffMpGd9Pm9FP
spotify:track:7xyYsOvq5Ec3P4fr6mM9fD
spotify:track:3PKLkUWUg493h1FHfDAi3d
spotify:track:7BMO7O7ImjV8HNTH74Tshv
spotify:track:4EYpOdL69yWuIRc49AyeZa
spotify:track:3kUxUw4b766Fk5RNGK0ZCA
spotify:track:1jWFC9mBdFiujSHnfTj0id
spotify:track:2HaUEu0wAO5AOT0UB3i0LO
spotify:track:3X3utM77F8IY0mvkbNe4ry
spotify:track:7DbbEaULNuEe95sxVJFwXQ
spotify:track:4F5DFVeAoQijmX30DVyZIy
spotify:track:2kcbSjvCyeryZVfgvdt4FQ
spotify:track:0VxFKXvKLjYWU7oPPMwzuN
spotify:track:5WtxQV5LGUibmRm5xWo5Pr
spotify:track:1JBa9B1iA4yNVpJ5wVGrZH
spotify:track:4bLL0KRNQyOr5beIjqTtZ0
spotify:track:4QRZirU4s1f30iDHzuKncj
spotify:track:6A0QidFwZiLark1cNIp9qe
spotify:track:0hBZAys5YSefaGCJ7sIDgP
spotify:track:3vyrBvWRvAoICxVvKjhOrg
spotify:track:0QKP2uQhVRAszje6qVUyLm
spotify:track:41PHX8Tlf7kACV4sLzlNpI
spotify:track:3iwsyTZzOWHZbHffBEyi1N
spotify:track:1zTebIf6qw74i3E2Zget1q
spotify:track:79HeGKO8bLZjvSyVidqTiq
spotify:track:1PS1QMdUqOal0ai3Gt7sDQ
spotify:track:6ipZfr1msvNOxyroHB0s3w
spotify:track:16w8ZGVSjI4TlTLV8VimBY
spotify:track:60RaK7OkTK9YC2IMA4F97d
spotify:track:0HjpouGnPswTLh3hSvWOMK
spotify:track:07huQEWGQAe7aJaeR08Cag
spotify:track:27eO3EGKIUU7yug1eOxUZu
spotify:track:2Hlfm48wmDNFHTZM7qqEWV
spotify:track:62yOCX0pUhCrsynIu59uqD
spotify:track:0iBgYvl19SrrSQ4vrqMomF
spotify:track:0DAsxISzun85PbsqAfIzeC
spotify:track:7AQF6zOBiZ5DXmZ3FaQ0iE
spotify:track:1fNH9MKSSG2csLddsc9ziQ
spotify:track:7N1y972qiXJsqHkY17mrPA
spotify:track:4cL75Kkhw70Rv5gyORsnCO
spotify:track:5YjsWLE0wlI6y7zPjVTykK
spotify:track:3Z2sglqDj1rDRMF5x0Sz2R
spotify:track:13PUJCvdTSCT1dn70tlGdm
spotify:track:2iptAVf9jZerlywLwiGhak
spotify:track:08gavXombT6KR0af88i9tA
spotify:track:3S0NUHnc7pjLQxIce2dkvJ
spotify:track:6j0wBBAP3hMe4t1Ymj7GIe
spotify:track:05UajzBHnDQhXpYqAIPrBZ
spotify:track:5fMOlPVPDpeOqhSSX4cnfu
spotify:track:2nRYYK0k2xWA4m8Uq57pAJ
spotify:track:0dEIca2nhcxDUV8C5QkPYb
spotify:track:1WSsgYm4SHwO6oxLuw2DKc
spotify:track:0OYcEfskah1egYHjYRvbg1
spotify:track:7piw04hPQZ1OHZ9Fq9JOXR
spotify:track:0N9ZvzuX2NdQVJqWP2fN0N
spotify:track:2gDMbg0vLQk48Vg6savgpk
spotify:track:6lWuJS86p0q5JAKekgETcN
spotify:track:5PsUB0ISfQxRLhF5DmI5Ks
spotify:local:Taylor+Swift:Speak+Now:Never+Grow+Up:290
spotify:track:1dYw8HTRJnFpeEeMtXj99a
spotify:track:6IIjmqaDdO6vdEBasXsCve
spotify:track:2Te14aSrBgFj1CE2sBBVMX
spotify:track:3WS7spXVlbeC5kjePmHMQW
spotify:track:4iWYPj04kHXcZK0st5yzZf
spotify:track:37CMjUAU8fL6YqZVTplZqZ
spotify:track:5G9AVKld9q7DCrmoY42raf
spotify:track:1i7zBZKaUrqHJxtJ7s9DR1
spotify:track:2nXBu5Ra6LGrJJzXHHm0co
spotify:track:5cbpoIu3YjoOwbBDGUEp3P
spotify:track:1JURww012QnWAw0zZXi6Aa
spotify:track:6XFDGxqrs7V2cKSjw1cv5B
spotify:track:0HEFPMDaULAoYOI9jq8w2S
spotify:track:2Im64pIz6m0EJKdUe6eZ8r
spotify:track:63IIUzd6eJBfCGIcF8MFnJ
spotify:track:16KxBJwvVak7AADEAixbax
spotify:track:44n97yHySt0Z9rqPaXgjCK
spotify:track:6otrn9MyScBWdJff1dxEee
spotify:track:1huRm0I1QxVb1pJziyCSRh
spotify:track:6atDVsk39X4LS1C3hdgX5l
spotify:track:7q096gH9G0OjuUduheqM4l
spotify:track:4pFnV6aV1bnEDqPDGBlrNp
spotify:track:1UY1Pm2VAZCDYu3U1gk3GR
spotify:track:15JINEqzVMv3SvJTAXAKED
spotify:track:3iGjPHGVRKPgQ6LvSN2zJI
spotify:track:1w2b7yH3BlYMzDGN3QNQra
spotify:track:6hNkAbTxNp5VYMZQuWfMxN
spotify:track:0z5E34e7ZT3XKMYQNXh6tH
spotify:local:Taylor+Swift:Speak+Now:Mine+%28US+Version%29:230
spotify:track:74EV0g12ihUoOUXMprFpZB
spotify:track:5fVZC9GiM4e8vu99W0Xf6J
spotify:track:7DDRPKLKFIvDbNSQmnz19Y
spotify:track:5d2Kn9oAAh9S2EbyCo1i52
spotify:track:2IZ00ed83ygPIiacYScWUE
spotify:track:7FSRqo6WcCBpGbrOkCOiky
spotify:track:185CnYTL74oDAR5nlbRzBG
spotify:track:5st5644IlBmKiiRE73UsoZ
spotify:track:2jfk3m8nq5IvB35s2xIs1O
spotify:track:4AewKenHXKBt643p473xCk
spotify:track:4hszow3YBRAbGGA0WbbR6r
spotify:track:4i6nPazcmdpFCExtQy0exh
spotify:track:1k18nxjYj8R5iz82Ap7GEY
spotify:track:2eQOMQkStoRUQyq6HGh1iG
spotify:track:4e5IPJxSGVWPsaxQzdRseN
spotify:track:5sU01Cj0uRDuzK4EzEuQEh
spotify:track:1PKx2AJsW0KGbDh3oUbqv9
spotify:track:6luhvKibJJNM4P64RLNwgg
spotify:track:6i24LdtpurY1OPvRVjNsSH
spotify:track:0dkm1Kg8FCcvA9cMclRgLj
spotify:track:6ytWzUzpkuwub4eXrG8z4c
spotify:track:3CeYdUfGPCjKMDYyI1PpCh
spotify:track:2nQ91qeD9XijGu1mqhBdiu
spotify:track:0xAA90OfUjpnxCw4Rf162Q
spotify:track:61HQWI1Woxup7CnGwVUsdI
spotify:track:4LmVyajDL2aJrii88rncNr
spotify:track:2vd4ULh4EXAeIyOoe9JZ30
spotify:track:0FtIASl1e7nJQjn8cnHDiu
spotify:track:0U04szAxhhjbqHgwy9ndoh
spotify:track:7DFOkiPIVq5vWyReXnT4JN
spotify:track:58Zp9hPuHaJL5hpVF90J9Q
spotify:track:7Jd3Ej1Xx5OTcRxUDV9rl0
spotify:track:7KXjTSCq5nL1LoYtL7XAwS
spotify:track:0gOkGSWQ1qu7zXnF9ClkHP
spotify:track:0hAR6VcN5P1klbHiZmDMJc
spotify:track:3QRQzphbP6jMOADWq0Hh8Z
spotify:track:0FtD1ZukwCnuTfTNuwxrQM
spotify:track:6JLnc7pF4WUzQ6BWONpc7j
spotify:track:49trVzQNbH8B1kHwXMPg2o
spotify:track:6CBtx9XOpID109Fq3GrYeK
spotify:track:4HvcbAR8LisalXKt7cpqE1
spotify:track:7JbxkpFLB6pvuNu3buoxAj
spotify:track:6gxupt6imt0qIdbE8e356n
spotify:track:4xkOaSrkexMciUUogZKVTS
spotify:local:Taylor+Swift:Speak+Now:Ours:238
spotify:track:32IMcJ5pQ71rOFD0bIdneJ
spotify:track:4yA6IAaNo0E3VBm3aMtmsy
spotify:track:2c2UTSuyPbEmxWyTOMwjON
spotify:track:0MnrpvXOd71v0fqosubq9o
spotify:track:0jdny0dhgjUwoIp5GkqEaA
spotify:track:6RJdYpFQwLyNfDc5FbjkgV
spotify:track:6d8ta9H6DvgOqfwxQYqJsV
spotify:track:5MsZIaCYY6Tsdph0LiB0hE
spotify:track:2cDCojn6uIBM6A5xTAbl3H
spotify:track:2fxYdwagN83Pd4yDfvpRQb
spotify:track:4I9DIu1dOrwmcxSjHAbaSF
spotify:track:5n5uyFpfopa4mNdSN0gTaH
spotify:track:1XcXLeFN4JNpUTeGnUPCWj
spotify:track:388kF2viiv8i9aEWIThyGT
spotify:track:5ZeswXebi64QZYNfmjftYK
spotify:track:0SHPEXmOSJL4Og3aJluoKd
spotify:track:1spLfUJxtyVyiKKTegQ2r4
spotify:track:09jPXOz0LS0kpqmkQRaFPO
spotify:track:4bPQs0PHn4xbipzdPfn6du
spotify:track:2jn89xTHIVsy167uOmAewt
spotify:track:1kJtfldK9F7XmsSiSNlbth
spotify:track:7akSWR8b2LrMnfh0ceChbj
spotify:track:5VWmMZCfJ4yVkJw9ZLFXej
spotify:track:2l57cfmCnOkwNX1tky02n1
spotify:track:3CpoeW0cZSDzIRv5z34F87
spotify:track:0cZgoRfSxeEtVcAHgzfXk0
spotify:track:3as6Wz3mwbTnusWhZjTUNr
spotify:track:46iI0binWzpkEJgIWTYUBR
spotify:track:6li2D8wQPvgwI2QIrGPhAF
spotify:track:6cnJNLZoOYaMX9ZK4x5MPM
spotify:track:2WWP0IPX9xFjAMraNHX390
spotify:track:2OsB5mygafbQxTwznXC0eP
spotify:track:6EXPzO8yKpdZdqxkg7Cj5s
spotify:track:6EXPzO8yKpdZdqxkg7Cj5s
spotify:track:6guNV96zDU6sR3i0B5aeAG
spotify:track:7pKfPomDEeI4TPT6EOYjn9
spotify:track:7pTMHN7QnzmnwGQa3mTRNv
spotify:track:7sqii6BhIDpJChYpU3WjwS
spotify:track:3xr8COed4nPPn6XWZ0iCGr
spotify:track:065vB4QFup4pqCpqFIyrkk
spotify:track:0ftucrzwodyhGp5kYesqhg
spotify:track:4xyIzOKBcNl5BZCHV0WQUR
spotify:track:6FuvavdApbDC1pG5jldehp
spotify:track:2xLOMHjkOK8nzxJ4r6yOKR
spotify:track:5NTGvYlcSnLgVZO6BRh94M
spotify:local:Taylor+Swift:Red+%28Deluxe+Version%29:Sad+Beautiful+Tragic:284
spotify:track:1vicNVzWoAnteQMlTzI2VF
spotify:track:5FbMKftNTXCKiBYSf0TQrs
spotify:track:0JIdBrXGSJXS72zjF9ss9u
spotify:track:37sINbJZcFdHFAsVNsPq1i
spotify:track:35lwaSbDUECrepb34eU0di
spotify:track:31pEV5lPJi7btskZoUr2yu
spotify:track:0m7mTaFGMiKI3rBJpYknip
spotify:track:5VP7GDjJR4VShCOGXmwNfp
spotify:track:1OG0QQa2zZe4QeFwVhCiiA
spotify:track:32igKIseAgFtp1CbtI49nU
spotify:track:4OmZyatwPId8PvYQKaiD7A
spotify:track:2MGpDu11Ute4wFJxaM7m0u
spotify:track:2n1jBz26dVBtSbMvJNjGsu
spotify:track:7MTDaY5oGjo4F8N5r7H8LT
spotify:track:5FSvNYab4i03C8DkYXbTlj
spotify:track:1C2QJNTmsTxCDBuIgai8QV
spotify:track:0Cn7vCLvn6HBI4SUcIxHXo
spotify:track:0lhlNZ2Oe3LQHVuuR2W7k3
spotify:track:7kD8PZ5JMJDs2KaXy0Dkgb
spotify:track:3AJwUDP919kvQ9QcozQPxg
spotify:track:43HHWK1V3YvvCsG9WstCob
spotify:track:618lJqb6yGyPmjq6YOYFda
spotify:track:6GUCCArDBLL6aAe34E9ta3
spotify:track:5JeW8wBfctAeQ0ZpBdcywO
spotify:track:0vFOzaXqZHahrZp6enQwQb
spotify:track:3QmesrvdbPjwf7i40nht1D
spotify:track:44yLjz5SIFMWAMsCCQ1kv8
spotify:track:0nFa5AuYOSrR2zN7VXX42f
spotify:track:1tbjeelOKIjolYNUNnPMAD
spotify:track:3C5cvFzAklAzMffGjirEVw
spotify:track:2AUoqUNZCmEQnkRJGegS2F
spotify:track:59N8BwikyBbriuDvlkN7A4
spotify:track:0uKIri2ThOfaGi3B3TQE1k
spotify:track:4sxssJY6nbqDHnsgZPkRZW
spotify:track:6RsAa9pG8vQvVBso9Sy16p
spotify:track:1ZjzU4Xb44zj9oH9aYgss6
spotify:track:6onBLCiaSVfHnyLlu8KII2
spotify:track:15DeqWWQB4dcEWzJg15VrN
spotify:track:4qEgENirNpdYuUYMHMD8QK
spotify:track:4Nd1OmYGrxX2esKWfPieOZ
spotify:track:5ZGm7IWRmU3idwYYWScdp4
spotify:track:2IIOBRgHTsmEMYzMU0zHws
spotify:track:6BivCuyKJtgLa9ooFsvUoZ
spotify:track:4I58RPHVzDldHfK3t5HiZA
spotify:track:7wr313wOAZNv210lS1wJUv
spotify:track:4Hff1IjRbLGeLgFgxvHflk
spotify:track:0gbLfFlEyVHiKzlZIb0gce
spotify:track:6GrrkiCRO3HYdgRpO4eKEL
spotify:track:4EN0cuQhBAfCgqxawc4JrC
spotify:track:2oTdiDj4AawNeeYFz8bipG
spotify:track:1fTlzDpIX83yTpEWbWmBb1
spotify:track:6eIveQ3SRArBxIE0RsUQKE
spotify:track:1OOtq8tRnDM8kG2gqUPjAj
spotify:track:6a2ujJk7hf74TDkkE5lgHp
spotify:track:70sK7T5SzRs6QFHA1LLfrw
spotify:track:5Nn2Dj7OQsGL6pgQ9iIzPp
spotify:track:2Tuc96S4JToUiQSLW3aMec
spotify:track:5GicVH0OTGMTR5bwYoXDwo
spotify:track:4KtrE35pTuqwNc22QP58RT
spotify:track:260jSxvzkFt71ksvkcy2ke
spotify:track:4BcS4LomxUnQpzx4hCaJTs
spotify:track:48kjkv8CzdZIW9hCMXE4VU
spotify:local:Taylor+Swift:Speak+Now:Back+to+December+%28US+Version%29:292
spotify:track:3GWDzo9Zo1hbEP1Y5KOeOq
spotify:local:Taylor+Swift:Speak+Now:Back+to+December:292
spotify:track:4UiLR6XySIF6ocpJgDKBjv
spotify:track:2TfSHkHiFO4gRztVIkggkE
spotify:track:4K5QoTvgjOKgLPn15RCk9y
spotify:track:4K5QoTvgjOKgLPn15RCk9y
spotify:track:3bIxTsfeNMO7Nt2J3EUKrA
spotify:track:48A0aShHlovDfTMucMrE66
spotify:track:20iR23GTEpAMsbyv3WT0k7
spotify:track:3bu5GJpyHZs8DfPlkKrnnE
spotify:track:3rHUpjfq9JjrfaTsEAmQBC
spotify:track:3yIeFZqVFLQS7mTFGYyzh0
spotify:track:4A2LfnduSTsE8u0ecYROxE
spotify:track:1ZHYJ2Wwgxes4m8Ba88PeK
spotify:track:37nxqDCWJSsBYLQO8QURBz
spotify:track:2SltIKUBzEm4XJ4yiPxcqy
spotify:track:34KUIBsIUiPV7oCIzSdDAU
spotify:track:12VZsNhDWqvyfKRpchHown
spotify:track:0mWiuXuLAJ3Brin3Or2x6v
spotify:track:5IEPFjL1IaFrWNcuPoiYXR
spotify:track:39cpcnobaB8FdedVjHjXP2
spotify:track:0bud3fVqlb5yPQ4AZ6sfc2
spotify:track:5TiMM0jscVmWgMwR42RLup
spotify:track:0Ti2dlF2xLjXblvdU5fCxM
spotify:track:3ZsjgLDSvusBgxGWrTAVto
spotify:track:56QCGK2tyUmlma8k94zLal
spotify:track:6kcuYyyU2tPxGP3PDVWYJT
spotify:track:2yvrSikYS1UsZhhfmXHrar
spotify:track:4dYeLvp1VhtMRBQvSUScoz
spotify:track:1bPRhOz3nOfEIoLjB1YYT3
spotify:track:3BiWSo1MJvdywIBcBpNZ9e
spotify:track:3aYBjxTMvrEOP0A0UXg9ER
spotify:track:7Cx56fRD3hw7cSkh9Dw7MB
spotify:track:5lmMoocYsTT0yRgfMSDizZ
spotify:track:1Dr5JexwA15wmKe7Y7maA9
spotify:local:Taylor+Swift:Red+%28Deluxe+Version%29:Begin+Again:237
spotify:track:7Gdn9GjADywM5Ob1zLALRn
spotify:track:0z5DrefyW29FNsnJyI4fZf
spotify:track:0vg4WnUWvze6pBOJDTq99k
spotify:track:0aAnHzjVQxXyvmbOHGAsfD
spotify:track:0pPt0ScAxNF5dmPtV0Ddmq
spotify:track:3uQ9tq0eQKvfJOARl0UB4q
spotify:track:1OXfWI3FQMdsKKC6lkvzSx
spotify:track:0xvsgzM8AtBtRHZm5rav8A
spotify:track:1fo2ctLqj3zBhRQKOXprol
spotify:track:4XUQ81n2INc1oDDrg3euzC
spotify:track:42yP7b4dKZIQanW3YVr38D
spotify:track:5ncmO0kLAeGvO3Wv2SIG36
spotify:track:4ucLHLiSjvkCz5Lr5dlVUj
spotify:track:6RqiiH9J7pNg8jDM1umQtx
spotify:track:5MZDNUuADJaiOGzMG4rSQH
spotify:track:6zMNKUxgKEug9ZuWTLEM7v
spotify:track:4pW1GCglGO2cFymlqRk9ih
spotify:track:0Mv9eF8opnwZ8Ap1GlyKky
spotify:track:1u4zA17KfsrDn4phTw5Lsy
spotify:track:0Z7VY2YzJdYThjXcMrH9Gh
spotify:local:Taylor+Swift:Speak+Now:Mean:237
spotify:track:0NjHYeO88VsXEd9VEu538C
spotify:track:0l2p5mDOP3czJ2FpD6zWie
spotify:track:0QkWikH5Z3U0f79T9iuF6c
spotify:track:3pHVD1RPOdYqojjFE9TUDA
spotify:track:1EnzY9211lYp18HIbpBPWn
spotify:track:3xXKwkmkrpZmGpIof83xbE
spotify:track:0W43LnKXzRivi0WPaoBLVO
spotify:track:3yawCOFKiw8TVVdCubX4hu
spotify:track:5CsVHCOZjtlOoHE8qERQeE
spotify:track:0dBW6ZsW8skfvoRfgeerBF
spotify:track:3LlAyCYU26dvFZBDUIMb7a
spotify:track:1nbMkRhfldXcmCyB83x8lK
spotify:track:0CD1Hybzpwc9Av6iRI2xjr
spotify:track:75XwPJKXRGur29smPB5D3q
spotify:track:5H0Y3qDWMUVkccj3BdDDTA
spotify:track:05c0LG7DakbvX0gYbBHjPP
spotify:track:69kOkLUCkxIZYexIgSG8rq
spotify:track:39sICagGOiysHxoIBRyLLi
spotify:track:7Hr1Ignop7cymbE3FbOtXa
spotify:track:6FBPOJLxUZEair6x4kLDhf
spotify:track:3lPr8ghNDBLc2uZovNyLs9
spotify:track:7fz2ClBknteKGZqw5e1PQr
spotify:track:1MTELuKDa4b8VOHF97ffuY
spotify:track:6tB7yLLaEdIQfAk3uY0CS3
spotify:track:1WIVaZtRi2IzSKKJARpaqg
spotify:track:67Hna13dNDkZvBpTXRIaOJ
spotify:track:58NNRlfjaj4xUajOgr11l5
spotify:track:78AP3gmgDUVkWukDcLmCM7
spotify:track:7clUVcSOtkNWa58Gw5RfD4
spotify:track:4dyx5SzxPPaD8xQIid5Wjj
spotify:track:5jD4OSpIqFBHAqlHO4a8lR
spotify:track:6hzwfFKrTabeUsW5SWti17
spotify:track:2cGxRwrMyEAp8dEbuZaVv6
spotify:track:1T5slVsu0cXUZgdpyugl8I
spotify:track:5A37UCV7aPjhp1RSocVBfc
spotify:track:0KlahhzNb98zyN83Vwae0l
spotify:local:Taylor+Swift:Red+%28Deluxe+Version%29:I+Almost+Do:244
spotify:track:1h7t8MPajzKDGB5nnql0q8
spotify:track:48qfylmYNhWLNOziPK8tSJ
spotify:track:1eWxnQ8CTkpelpUj8WXs9d
spotify:track:4zRnU8aqb6wjyGHaHxunQT
spotify:track:0qGFnxDIqGBIq2D3zNbjk9
spotify:track:7jQ56iwUhwEDQaTGIQyD9e
spotify:track:2QZxpZDfJjhEGclSszvMVX
spotify:track:76Je5Wklky23mVoxiRszcN
spotify:local:Taylor+Swift:Red+%28Deluxe+Version%29:Holy+Ground:203
spotify:track:2vH99qn5livRdGagrwRGQK
spotify:track:6dyxD9nETe93bMU1fotpJi
spotify:track:79z9QkhHePTFsSeVw9uyj0
spotify:track:7pjelKVG4cgbS6mt0DaL60
spotify:track:03YZnK3XQWKpvo9TyNZzXf
spotify:track:1x0J8LFX23d5h1zzuzZorc
spotify:track:3I4zVUsL0s80GiHPrQqcyo
spotify:track:57JVGBtBLCfHw2muk5416J
spotify:local:Taylor+Swift:Red+%28Deluxe+Version%29:State+of+Grace:295
spotify:track:2kZlJ9hoSmZ2iRC6NIMx9R
spotify:track:4qyalTRMRH5YuEntvvMvq0
spotify:track:1XQhZctQWzkznclbmbE7FQ
spotify:track:2D52zjCyqEIQa221lhw6uk
spotify:track:6F5c58TMEs1byxUstkzVeM
spotify:track:034Kzpr2BDBHel2hsCpbhF
spotify:track:2lTcjyNolq1zsDCevBAKvc
spotify:track:6baeAT0jVAxvnLn8rIN50X
spotify:track:2FBkPf8hS5Jam6YEnV8DBF
spotify:track:3guN9JoezwUL5AmQa8Iiz6
spotify:track:2wZbgwr7lkUjqBciA6sfbT
spotify:track:2BepFzUWfczDk68DXj10w3
spotify:track:1XpYodsD36XN7ygcdF7mJJ
spotify:track:3B1pNvHN70d44FzgKKzXib
spotify:track:21lhern14mW8gwK2oOqMbP
spotify:track:5ovKMrenMOvhyEcMWmLnZj
spotify:track:01PdrvTsUApwypDNDLWteJ
spotify:track:1CRESO4AuKm5B5Lqodk7t9
spotify:track:342G2r4uAR443cUJy6Ip6e
spotify:track:32pM2R8GQLtbBKdSwdTAM1
spotify:track:7oaEjLP2dTJLJsITbAxTOz
spotify:track:5iazUEBq5x9yJCbrjVQoca
spotify:track:3zltqQPC61NckUXlDBEI9t
spotify:track:4ltXPf327ewFdmTPp5Skow
spotify:track:7ckZ58Uo6I6nTrMs1SeimI
spotify:track:2stwPgrh5NpNr8PdiIPEhE
spotify:track:2kMjk14RmYyYhhSbipoa9U
spotify:track:2DezzC1osZwVm3lxIRlrCe
spotify:track:2LaCyasH2uVsTPrO3bgLEK
spotify:track:1brwdYwjltrJo7WHpIvbYt
spotify:track:1K7akM9YQbNs3WqacZGRNw
spotify:track:0fPf9CDFzVnHpcfld5XVtO
spotify:track:1MGfFUjIcWQ3SrTNiu3cwb
spotify:track:1cWo8yMEYd75pY2Z291qKd
spotify:track:1IUqAHPFeQ6xvZIM2UJfZ5
spotify:track:7LTrJpdyycTHN57UKmr7X7
spotify:track:1OYARuagDrpgNNQ4loO1Cs
spotify:track:5SmGnoCR9tMVxYZw5x5yFi
spotify:track:5SmGnoCR9tMVxYZw5x5yFi
spotify:track:5SmGnoCR9tMVxYZw5x5yFi
spotify:track:5SmGnoCR9tMVxYZw5x5yFi
spotify:track:5SmGnoCR9tMVxYZw5x5yFi
spotify:track:5SmGnoCR9tMVxYZw5x5yFi
spotify:track:5SmGnoCR9tMVxYZw5x5yFi
spotify:track:5SmGnoCR9tMVxYZw5x5yFi
spotify:track:5SmGnoCR9tMVxYZw5x5yFi
spotify:track:5SmGnoCR9tMVxYZw5x5yFi
spotify:track:5SmGnoCR9tMVxYZw5x5yFi
spotify:track:5SmGnoCR9tMVxYZw5x5yFi
spotify:track:5SmGnoCR9tMVxYZw5x5yFi
spotify:track:5SmGnoCR9tMVxYZw5x5yFi
spotify:track:5SmGnoCR9tMVxYZw5x5yFi
spotify:track:5SmGnoCR9tMVxYZw5x5yFi
spotify:track:5SmGnoCR9tMVxYZw5x5yFi
spotify:track:5SmGnoCR9tMVxYZw5x5yFi
spotify:track:5SmGnoCR9tMVxYZw5x5yFi
spotify:track:5SmGnoCR9tMVxYZw5x5yFi
spotify:track:5SmGnoCR9tMVxYZw5x5yFi
spotify:track:5SmGnoCR9tMVxYZw5x5yFi
spotify:track:5SmGnoCR9tMVxYZw5x5yFi
spotify:track:5SmGnoCR9tMVxYZw5x5yFi
spotify:track:5SmGnoCR9tMVxYZw5x5yFi
spotify:track:5SmGnoCR9tMVxYZw5x5yFi
spotify:track:5SmGnoCR9tMVxYZw5x5yFi
spotify:track:5SmGnoCR9tMVxYZw5x5yFi
spotify:track:5SmGnoCR9tMVxYZw5x5yFi
spotify:track:5SmGnoCR9tMVxYZw5x5yFi
spotify:track:5SmGnoCR9tMVxYZw5x5yFi
spotify:track:5SmGnoCR9tMVxYZw5x5yFi
spotify:track:5SmGnoCR9tMVxYZw5x5yFi
spotify:track:5SmGnoCR9tMVxYZw5x5yFi
spotify:track:5SmGnoCR9tMVxYZw5x5yFi
spotify:track:5SmGnoCR9tMVxYZw5x5yFi
spotify:track:5SmGnoCR9tMVxYZw5x5yFi
spotify:track:5SmGnoCR9tMVxYZw5x5yFi
spotify:track:5SmGnoCR9tMVxYZw5x5yFi
spotify:track:5SmGnoCR9tMVxYZw5x5yFi
spotify:track:5SmGnoCR9tMVxYZw5x5yFi
spotify:track:5SmGnoCR9tMVxYZw5x5yFi
spotify:track:5SmGnoCR9tMVxYZw5x5yFi
spotify:track:5SmGnoCR9tMVxYZw5x5yFi
spotify:track:5SmGnoCR9tMVxYZw5x5yFi
spotify:track:5SmGnoCR9tMVxYZw5x5yFi
spotify:track:5SmGnoCR9tMVxYZw5x5yFi
spotify:track:5SmGnoCR9tMVxYZw5x5yFi
spotify:track:5SmGnoCR9tMVxYZw5x5yFi
spotify:track:5SmGnoCR9tMVxYZw5x5yFi
spotify:track:5SmGnoCR9tMVxYZw5x5yFi
spotify:track:5SmGnoCR9tMVxYZw5x5yFi
spotify:track:5SmGnoCR9tMVxYZw5x5yFi
spotify:track:5SmGnoCR9tMVxYZw5x5yFi
spotify:track:5SmGnoCR9tMVxYZw5x5yFi
spotify:track:5SmGnoCR9tMVxYZw5x5yFi
spotify:track:5SmGnoCR9tMVxYZw5x5yFi
spotify:track:5SmGnoCR9tMVxYZw5x5yFi
spotify:track:5SmGnoCR9tMVxYZw5x5yFi
spotify:track:5SmGnoCR9tMVxYZw5x5yFi
spotify:track:5SmGnoCR9tMVxYZw5x5yFi
spotify:track:5SmGnoCR9tMVxYZw5x5yFi
spotify:track:5SmGnoCR9tMVxYZw5x5yFi
spotify:track:5SmGnoCR9tMVxYZw5x5yFi
spotify:track:5SmGnoCR9tMVxYZw5x5yFi
spotify:track:5SmGnoCR9tMVxYZw5x5yFi
spotify:track:5SmGnoCR9tMVxYZw5x5yFi
spotify:track:5SmGnoCR9tMVxYZw5x5yFi
spotify:track:5SmGnoCR9tMVxYZw5x5yFi
spotify:track:5SmGnoCR9tMVxYZw5x5yFi
spotify:track:5SmGnoCR9tMVxYZw5x5yFi
spotify:track:5SmGnoCR9tMVxYZw5x5yFi
spotify:track:5SmGnoCR9tMVxYZw5x5yFi
spotify:track:5SmGnoCR9tMVxYZw5x5yFi
spotify:track:5SmGnoCR9tMVxYZw5x5yFi
spotify:track:5SmGnoCR9tMVxYZw5x5yFi
spotify:track:5SmGnoCR9tMVxYZw5x5yFi
spotify:track:5SmGnoCR9tMVxYZw5x5yFi
spotify:track:5SmGnoCR9tMVxYZw5x5yFi
spotify:track:5SmGnoCR9tMVxYZw5x5yFi
spotify:track:5SmGnoCR9tMVxYZw5x5yFi
